[ 2017-06-27T09:12:42+08:00 ] 192.168.18.193 /tangguowu/index.php/Index/collect.html
INFO: [ app_begin ] --START--
INFO: Run Behavior\ReadHtmlCacheBehavior [ RunTime:0.001000s ]
INFO: [ app_begin ] --END-- [ RunTime:0.001000s ]
SQL: SHOW COLUMNS FROM `tgwu_wares` [ RunTime:0.0070s ]
SQL: UPDATE `tgwu_wares` SET `collTimes`=collTimes+1 WHERE ( id = 20 ) [ RunTime:0.0480s ]

[ 2017-06-27T09:40:39+08:00 ] ::1 /tangguowu/index.php/Index/collect.html
INFO: [ app_begin ] --START--
INFO: Run Behavior\ReadHtmlCacheBehavior [ RunTime:0.000000s ]
INFO: [ app_begin ] --END-- [ RunTime:0.001000s ]
SQL: SHOW COLUMNS FROM `tgwu_wares` [ RunTime:0.0070s ]
SQL: UPDATE `tgwu_wares` SET `collTimes`=collTimes+1 WHERE ( id = 17 ) [ RunTime:0.0280s ]

[ 2017-06-27T09:50:13+08:00 ] ::1 /tangguowu/index.php/Index/collect.html
INFO: [ app_begin ] --START--
INFO: Run Behavior\ReadHtmlCacheBehavior [ RunTime:0.000000s ]
INFO: [ app_begin ] --END-- [ RunTime:0.001001s ]
SQL: SHOW COLUMNS FROM `tgwu_wares` [ RunTime:0.0070s ]
SQL: UPDATE `tgwu_wares` SET `collTimes`=collTimes+1 WHERE ( id = 21 ) [ RunTime:0.0330s ]

[ 2017-06-27T09:50:16+08:00 ] ::1 /tangguowu/index.php/Index/collect.html
INFO: [ app_begin ] --START--
INFO: Run Behavior\ReadHtmlCacheBehavior [ RunTime:0.001000s ]
INFO: [ app_begin ] --END-- [ RunTime:0.001000s ]
SQL: SHOW COLUMNS FROM `tgwu_wares` [ RunTime:0.0070s ]
SQL: UPDATE `tgwu_wares` SET `collTimes`=collTimes+1 WHERE ( id = 21 ) [ RunTime:0.0330s ]

[ 2017-06-27T09:50:18+08:00 ] ::1 /tangguowu/index.php/Index/collect.html
INFO: [ app_begin ] --START--
INFO: Run Behavior\ReadHtmlCacheBehavior [ RunTime:0.001000s ]
INFO: [ app_begin ] --END-- [ RunTime:0.001000s ]
SQL: SHOW COLUMNS FROM `tgwu_wares` [ RunTime:0.0070s ]
SQL: UPDATE `tgwu_wares` SET `collTimes`=collTimes+1 WHERE ( id = 21 ) [ RunTime:0.1140s ]

[ 2017-06-27T09:50:18+08:00 ] ::1 /tangguowu/index.php/Index/collect.html
INFO: [ app_begin ] --START--
INFO: Run Behavior\ReadHtmlCacheBehavior [ RunTime:0.000000s ]
INFO: [ app_begin ] --END-- [ RunTime:0.000000s ]
SQL: SHOW COLUMNS FROM `tgwu_wares` [ RunTime:0.0070s ]
SQL: UPDATE `tgwu_wares` SET `collTimes`=collTimes+1 WHERE ( id = 21 ) [ RunTime:0.0380s ]

[ 2017-06-27T09:51:33+08:00 ] ::1 /tangguowu/index.php/Index/collect.html
INFO: [ app_begin ] --START--
INFO: Run Behavior\ReadHtmlCacheBehavior [ RunTime:0.000000s ]
INFO: [ app_begin ] --END-- [ RunTime:0.000000s ]
SQL: SHOW COLUMNS FROM `tgwu_wares` [ RunTime:0.0070s ]
SQL: UPDATE `tgwu_wares` SET `collTimes`=collTimes+1 WHERE ( id = 21 ) [ RunTime:0.0330s ]

[ 2017-06-27T09:51:36+08:00 ] ::1 /tangguowu/index.php/Index/collect.html
INFO: [ app_begin ] --START--
INFO: Run Behavior\ReadHtmlCacheBehavior [ RunTime:0.001000s ]
INFO: [ app_begin ] --END-- [ RunTime:0.001000s ]
SQL: SHOW COLUMNS FROM `tgwu_wares` [ RunTime:0.0070s ]
SQL: UPDATE `tgwu_wares` SET `collTimes`=collTimes+1 WHERE ( id = 21 ) [ RunTime:0.0320s ]

[ 2017-06-27T09:54:18+08:00 ] ::1 /tangguowu/index.php/Index/collect.html
INFO: [ app_begin ] --START--
INFO: Run Behavior\ReadHtmlCacheBehavior [ RunTime:0.000000s ]
INFO: [ app_begin ] --END-- [ RunTime:0.001000s ]
SQL: SHOW COLUMNS FROM `tgwu_wares` [ RunTime:0.0030s ]
SQL: UPDATE `tgwu_wares` SET `collTimes`=collTimes+1 WHERE ( id = 17 ) [ RunTime:0.0270s ]

[ 2017-06-27T09:54:19+08:00 ] ::1 /tangguowu/index.php/Index/collect.html
INFO: [ app_begin ] --START--
INFO: Run Behavior\ReadHtmlCacheBehavior [ RunTime:0.001000s ]
INFO: [ app_begin ] --END-- [ RunTime:0.001000s ]
SQL: SHOW COLUMNS FROM `tgwu_wares` [ RunTime:0.0030s ]
SQL: UPDATE `tgwu_wares` SET `collTimes`=collTimes+1 WHERE ( id = 17 ) [ RunTime:0.0370s ]

[ 2017-06-27T09:54:31+08:00 ] ::1 /tangguowu/index.php/Index/collect.html
INFO: [ app_begin ] --START--
INFO: Run Behavior\ReadHtmlCacheBehavior [ RunTime:0.000000s ]
INFO: [ app_begin ] --END-- [ RunTime:0.001000s ]
SQL: SHOW COLUMNS FROM `tgwu_wares` [ RunTime:0.0030s ]
SQL: UPDATE `tgwu_wares` SET `collTimes`=collTimes+1 WHERE ( id = 17 ) [ RunTime:0.0310s ]

[ 2017-06-27T09:54:31+08:00 ] ::1 /tangguowu/index.php/Index/collect.html
INFO: [ app_begin ] --START--
INFO: Run Behavior\ReadHtmlCacheBehavior [ RunTime:0.001000s ]
INFO: [ app_begin ] --END-- [ RunTime:0.001000s ]
SQL: SHOW COLUMNS FROM `tgwu_wares` [ RunTime:0.0030s ]
SQL: UPDATE `tgwu_wares` SET `collTimes`=collTimes+1 WHERE ( id = 17 ) [ RunTime:0.0330s ]

[ 2017-06-27T09:54:32+08:00 ] ::1 /tangguowu/index.php/Index/collect.html
INFO: [ app_begin ] --START--
INFO: Run Behavior\ReadHtmlCacheBehavior [ RunTime:0.000000s ]
INFO: [ app_begin ] --END-- [ RunTime:0.001000s ]
SQL: SHOW COLUMNS FROM `tgwu_wares` [ RunTime:0.0030s ]
SQL: UPDATE `tgwu_wares` SET `collTimes`=collTimes+1 WHERE ( id = 17 ) [ RunTime:0.0380s ]

[ 2017-06-27T09:54:34+08:00 ] ::1 /tangguowu/index.php/Index/collect.html
INFO: [ app_begin ] --START--
INFO: Run Behavior\ReadHtmlCacheBehavior [ RunTime:0.001000s ]
INFO: [ app_begin ] --END-- [ RunTime:0.001000s ]
SQL: SHOW COLUMNS FROM `tgwu_wares` [ RunTime:0.0030s ]
SQL: UPDATE `tgwu_wares` SET `collTimes`=collTimes+1 WHERE ( id = 17 ) [ RunTime:0.0220s ]

[ 2017-06-27T10:03:41+08:00 ] ::1 /tangguowu/index.php/Index/collect.html
INFO: [ app_begin ] --START--
INFO: Run Behavior\ReadHtmlCacheBehavior [ RunTime:0.000000s ]
INFO: [ app_begin ] --END-- [ RunTime:0.000000s ]
SQL: SHOW COLUMNS FROM `tgwu_wares` [ RunTime:0.0030s ]
SQL: UPDATE `tgwu_wares` SET `collTimes`=collTimes+1 WHERE ( id = 17 ) [ RunTime:0.0410s ]

[ 2017-06-27T10:03:42+08:00 ] ::1 /tangguowu/index.php/Index/collect.html
INFO: [ app_begin ] --START--
INFO: Run Behavior\ReadHtmlCacheBehavior [ RunTime:0.000000s ]
INFO: [ app_begin ] --END-- [ RunTime:0.001000s ]
SQL: SHOW COLUMNS FROM `tgwu_wares` [ RunTime:0.0140s ]
SQL: UPDATE `tgwu_wares` SET `collTimes`=collTimes+1 WHERE ( id = 17 ) [ RunTime:0.0260s ]

[ 2017-06-27T10:03:46+08:00 ] ::1 /tangguowu/index.php/Index/collect.html
INFO: [ app_begin ] --START--
INFO: Run Behavior\ReadHtmlCacheBehavior [ RunTime:0.001000s ]
INFO: [ app_begin ] --END-- [ RunTime:0.001000s ]
SQL: SHOW COLUMNS FROM `tgwu_wares` [ RunTime:0.0030s ]
SQL: UPDATE `tgwu_wares` SET `collTimes`=collTimes+1 WHERE ( id = 17 ) [ RunTime:0.0290s ]

[ 2017-06-27T10:03:46+08:00 ] ::1 /tangguowu/index.php/Index/collect.html
INFO: [ app_begin ] --START--
INFO: Run Behavior\ReadHtmlCacheBehavior [ RunTime:0.000000s ]
INFO: [ app_begin ] --END-- [ RunTime:0.001000s ]
SQL: SHOW COLUMNS FROM `tgwu_wares` [ RunTime:0.0040s ]
SQL: UPDATE `tgwu_wares` SET `collTimes`=collTimes+1 WHERE ( id = 17 ) [ RunTime:0.0370s ]

[ 2017-06-27T10:03:46+08:00 ] ::1 /tangguowu/index.php/Index/collect.html
INFO: [ app_begin ] --START--
INFO: Run Behavior\ReadHtmlCacheBehavior [ RunTime:0.000000s ]
INFO: [ app_begin ] --END-- [ RunTime:0.000000s ]
SQL: SHOW COLUMNS FROM `tgwu_wares` [ RunTime:0.0030s ]
SQL: UPDATE `tgwu_wares` SET `collTimes`=collTimes+1 WHERE ( id = 17 ) [ RunTime:0.1720s ]

[ 2017-06-27T10:03:46+08:00 ] ::1 /tangguowu/index.php/Index/collect.html
INFO: [ app_begin ] --START--
INFO: Run Behavior\ReadHtmlCacheBehavior [ RunTime:0.000000s ]
INFO: [ app_begin ] --END-- [ RunTime:0.001001s ]
SQL: SHOW COLUMNS FROM `tgwu_wares` [ RunTime:0.0040s ]
SQL: UPDATE `tgwu_wares` SET `collTimes`=collTimes+1 WHERE ( id = 17 ) [ RunTime:0.0270s ]

[ 2017-06-27T10:03:46+08:00 ] ::1 /tangguowu/index.php/Index/collect.html
INFO: [ app_begin ] --START--
INFO: Run Behavior\ReadHtmlCacheBehavior [ RunTime:0.000000s ]
INFO: [ app_begin ] --END-- [ RunTime:0.001000s ]
SQL: SHOW COLUMNS FROM `tgwu_wares` [ RunTime:0.0030s ]
SQL: UPDATE `tgwu_wares` SET `collTimes`=collTimes+1 WHERE ( id = 17 ) [ RunTime:0.0290s ]

[ 2017-06-27T10:03:46+08:00 ] ::1 /tangguowu/index.php/Index/collect.html
INFO: [ app_begin ] --START--
INFO: Run Behavior\ReadHtmlCacheBehavior [ RunTime:0.000000s ]
INFO: [ app_begin ] --END-- [ RunTime:0.001000s ]
SQL: SHOW COLUMNS FROM `tgwu_wares` [ RunTime:0.0030s ]
SQL: UPDATE `tgwu_wares` SET `collTimes`=collTimes+1 WHERE ( id = 17 ) [ RunTime:0.0640s ]

[ 2017-06-27T10:03:46+08:00 ] ::1 /tangguowu/index.php/Index/collect.html
INFO: [ app_begin ] --START--
INFO: Run Behavior\ReadHtmlCacheBehavior [ RunTime:0.000000s ]
INFO: [ app_begin ] --END-- [ RunTime:0.001000s ]
SQL: SHOW COLUMNS FROM `tgwu_wares` [ RunTime:0.0030s ]
SQL: UPDATE `tgwu_wares` SET `collTimes`=collTimes+1 WHERE ( id = 17 ) [ RunTime:0.0410s ]

[ 2017-06-27T10:03:47+08:00 ] ::1 /tangguowu/index.php/Index/collect.html
INFO: [ app_begin ] --START--
INFO: Run Behavior\ReadHtmlCacheBehavior [ RunTime:0.000000s ]
INFO: [ app_begin ] --END-- [ RunTime:0.000000s ]
SQL: SHOW COLUMNS FROM `tgwu_wares` [ RunTime:0.0030s ]
SQL: UPDATE `tgwu_wares` SET `collTimes`=collTimes+1 WHERE ( id = 17 ) [ RunTime:0.0300s ]

[ 2017-06-27T10:03:47+08:00 ] ::1 /tangguowu/index.php/Index/collect.html
INFO: [ app_begin ] --START--
INFO: Run Behavior\ReadHtmlCacheBehavior [ RunTime:0.001000s ]
INFO: [ app_begin ] --END-- [ RunTime:0.001000s ]
SQL: SHOW COLUMNS FROM `tgwu_wares` [ RunTime:0.0030s ]
SQL: UPDATE `tgwu_wares` SET `collTimes`=collTimes+1 WHERE ( id = 17 ) [ RunTime:0.0230s ]

[ 2017-06-27T10:03:47+08:00 ] ::1 /tangguowu/index.php/Index/collect.html
INFO: [ app_begin ] --START--
INFO: Run Behavior\ReadHtmlCacheBehavior [ RunTime:0.001000s ]
INFO: [ app_begin ] --END-- [ RunTime:0.001000s ]
SQL: SHOW COLUMNS FROM `tgwu_wares` [ RunTime:0.0040s ]
SQL: UPDATE `tgwu_wares` SET `collTimes`=collTimes+1 WHERE ( id = 17 ) [ RunTime:0.0290s ]

[ 2017-06-27T10:03:50+08:00 ] ::1 /tangguowu/index.php/Index/collect.html
INFO: [ app_begin ] --START--
INFO: Run Behavior\ReadHtmlCacheBehavior [ RunTime:0.000000s ]
INFO: [ app_begin ] --END-- [ RunTime:0.001000s ]
SQL: SHOW COLUMNS FROM `tgwu_wares` [ RunTime:0.0030s ]
SQL: UPDATE `tgwu_wares` SET `collTimes`=collTimes+1 WHERE ( id = 17 ) [ RunTime:0.0320s ]

[ 2017-06-27T10:03:51+08:00 ] ::1 /tangguowu/index.php/Index/collect.html
INFO: [ app_begin ] --START--
INFO: Run Behavior\ReadHtmlCacheBehavior [ RunTime:0.000000s ]
INFO: [ app_begin ] --END-- [ RunTime:0.001000s ]
SQL: SHOW COLUMNS FROM `tgwu_wares` [ RunTime:0.0030s ]
SQL: UPDATE `tgwu_wares` SET `collTimes`=collTimes+1 WHERE ( id = 17 ) [ RunTime:0.0280s ]

[ 2017-06-27T10:03:51+08:00 ] ::1 /tangguowu/index.php/Index/collect.html
INFO: [ app_begin ] --START--
INFO: Run Behavior\ReadHtmlCacheBehavior [ RunTime:0.000000s ]
INFO: [ app_begin ] --END-- [ RunTime:0.001000s ]
SQL: SHOW COLUMNS FROM `tgwu_wares` [ RunTime:0.0030s ]
SQL: UPDATE `tgwu_wares` SET `collTimes`=collTimes+1 WHERE ( id = 17 ) [ RunTime:0.0310s ]

[ 2017-06-27T10:03:51+08:00 ] ::1 /tangguowu/index.php/Index/collect.html
INFO: [ app_begin ] --START--
INFO: Run Behavior\ReadHtmlCacheBehavior [ RunTime:0.001000s ]
INFO: [ app_begin ] --END-- [ RunTime:0.001000s ]
SQL: SHOW COLUMNS FROM `tgwu_wares` [ RunTime:0.0040s ]
SQL: UPDATE `tgwu_wares` SET `collTimes`=collTimes+1 WHERE ( id = 17 ) [ RunTime:0.0270s ]

[ 2017-06-27T10:04:12+08:00 ] ::1 /tangguowu/index.php/Index/collect.html
INFO: [ app_begin ] --START--
INFO: Run Behavior\ReadHtmlCacheBehavior [ RunTime:0.001000s ]
INFO: [ app_begin ] --END-- [ RunTime:0.001000s ]
SQL: SHOW COLUMNS FROM `tgwu_wares` [ RunTime:0.0030s ]
SQL: UPDATE `tgwu_wares` SET `collTimes`=collTimes+1 WHERE ( id = 17 ) [ RunTime:0.0420s ]

[ 2017-06-27T10:04:13+08:00 ] ::1 /tangguowu/index.php/Index/collect.html
INFO: [ app_begin ] --START--
INFO: Run Behavior\ReadHtmlCacheBehavior [ RunTime:0.001000s ]
INFO: [ app_begin ] --END-- [ RunTime:0.001000s ]
SQL: SHOW COLUMNS FROM `tgwu_wares` [ RunTime:0.0030s ]
SQL: UPDATE `tgwu_wares` SET `collTimes`=collTimes+1 WHERE ( id = 17 ) [ RunTime:0.0390s ]

[ 2017-06-27T10:04:13+08:00 ] ::1 /tangguowu/index.php/Index/collect.html
INFO: [ app_begin ] --START--
INFO: Run Behavior\ReadHtmlCacheBehavior [ RunTime:0.000000s ]
INFO: [ app_begin ] --END-- [ RunTime:0.000000s ]
SQL: SHOW COLUMNS FROM `tgwu_wares` [ RunTime:0.0040s ]
SQL: UPDATE `tgwu_wares` SET `collTimes`=collTimes+1 WHERE ( id = 17 ) [ RunTime:0.0340s ]

[ 2017-06-27T10:04:14+08:00 ] ::1 /tangguowu/index.php/Index/collect.html
INFO: [ app_begin ] --START--
INFO: Run Behavior\ReadHtmlCacheBehavior [ RunTime:0.000000s ]
INFO: [ app_begin ] --END-- [ RunTime:0.000000s ]
SQL: SHOW COLUMNS FROM `tgwu_wares` [ RunTime:0.0030s ]
SQL: UPDATE `tgwu_wares` SET `collTimes`=collTimes+1 WHERE ( id = 18 ) [ RunTime:0.0260s ]

[ 2017-06-27T10:04:14+08:00 ] ::1 /tangguowu/index.php/Index/collect.html
INFO: [ app_begin ] --START--
INFO: Run Behavior\ReadHtmlCacheBehavior [ RunTime:0.001000s ]
INFO: [ app_begin ] --END-- [ RunTime:0.001000s ]
SQL: SHOW COLUMNS FROM `tgwu_wares` [ RunTime:0.0030s ]
SQL: UPDATE `tgwu_wares` SET `collTimes`=collTimes+1 WHERE ( id = 18 ) [ RunTime:0.0410s ]

[ 2017-06-27T10:04:15+08:00 ] ::1 /tangguowu/index.php/Index/collect.html
INFO: [ app_begin ] --START--
INFO: Run Behavior\ReadHtmlCacheBehavior [ RunTime:0.000000s ]
INFO: [ app_begin ] --END-- [ RunTime:0.000000s ]
SQL: SHOW COLUMNS FROM `tgwu_wares` [ RunTime:0.0030s ]
SQL: UPDATE `tgwu_wares` SET `collTimes`=collTimes+1 WHERE ( id = 20 ) [ RunTime:0.0210s ]

[ 2017-06-27T10:04:15+08:00 ] ::1 /tangguowu/index.php/Index/collect.html
INFO: [ app_begin ] --START--
INFO: Run Behavior\ReadHtmlCacheBehavior [ RunTime:0.001000s ]
INFO: [ app_begin ] --END-- [ RunTime:0.001000s ]
SQL: SHOW COLUMNS FROM `tgwu_wares` [ RunTime:0.0030s ]
SQL: UPDATE `tgwu_wares` SET `collTimes`=collTimes+1 WHERE ( id = 20 ) [ RunTime:0.0410s ]

[ 2017-06-27T10:04:15+08:00 ] ::1 /tangguowu/index.php/Index/collect.html
INFO: [ app_begin ] --START--
INFO: Run Behavior\ReadHtmlCacheBehavior [ RunTime:0.000000s ]
INFO: [ app_begin ] --END-- [ RunTime:0.000000s ]
SQL: SHOW COLUMNS FROM `tgwu_wares` [ RunTime:0.0030s ]
SQL: UPDATE `tgwu_wares` SET `collTimes`=collTimes+1 WHERE ( id = 20 ) [ RunTime:0.0300s ]

[ 2017-06-27T10:04:16+08:00 ] ::1 /tangguowu/index.php/Index/collect.html
INFO: [ app_begin ] --START--
INFO: Run Behavior\ReadHtmlCacheBehavior [ RunTime:0.000000s ]
INFO: [ app_begin ] --END-- [ RunTime:0.000000s ]
SQL: SHOW COLUMNS FROM `tgwu_wares` [ RunTime:0.0030s ]
SQL: UPDATE `tgwu_wares` SET `collTimes`=collTimes+1 WHERE ( id = 20 ) [ RunTime:0.0480s ]

[ 2017-06-27T10:04:16+08:00 ] ::1 /tangguowu/index.php/Index/collect.html
INFO: [ app_begin ] --START--
INFO: Run Behavior\ReadHtmlCacheBehavior [ RunTime:0.000000s ]
INFO: [ app_begin ] --END-- [ RunTime:0.000000s ]
SQL: SHOW COLUMNS FROM `tgwu_wares` [ RunTime:0.0030s ]
SQL: UPDATE `tgwu_wares` SET `collTimes`=collTimes+1 WHERE ( id = 20 ) [ RunTime:0.0400s ]

[ 2017-06-27T10:04:39+08:00 ] ::1 /tangguowu/index.php/Index/collect.html
INFO: [ app_begin ] --START--
INFO: Run Behavior\ReadHtmlCacheBehavior [ RunTime:0.001000s ]
INFO: [ app_begin ] --END-- [ RunTime:0.001000s ]
SQL: SHOW COLUMNS FROM `tgwu_wares` [ RunTime:0.0040s ]
SQL: UPDATE `tgwu_wares` SET `collTimes`=collTimes+1 WHERE ( id = 17 ) [ RunTime:0.0330s ]

[ 2017-06-27T10:04:40+08:00 ] ::1 /tangguowu/index.php/Index/collect.html
INFO: [ app_begin ] --START--
INFO: Run Behavior\ReadHtmlCacheBehavior [ RunTime:0.000000s ]
INFO: [ app_begin ] --END-- [ RunTime:0.001000s ]
SQL: SHOW COLUMNS FROM `tgwu_wares` [ RunTime:0.0040s ]
SQL: UPDATE `tgwu_wares` SET `collTimes`=collTimes+1 WHERE ( id = 17 ) [ RunTime:0.0270s ]

[ 2017-06-27T10:05:03+08:00 ] ::1 /tangguowu/index.php/Index/collect.html
INFO: [ app_begin ] --START--
INFO: Run Behavior\ReadHtmlCacheBehavior [ RunTime:0.000000s ]
INFO: [ app_begin ] --END-- [ RunTime:0.001000s ]
SQL: SHOW COLUMNS FROM `tgwu_wares` [ RunTime:0.0030s ]
SQL: UPDATE `tgwu_wares` SET `collTimes`=collTimes+1 WHERE ( id = 17 ) [ RunTime:0.0300s ]

[ 2017-06-27T10:05:04+08:00 ] ::1 /tangguowu/index.php/Index/collect.html
INFO: [ app_begin ] --START--
INFO: Run Behavior\ReadHtmlCacheBehavior [ RunTime:0.001000s ]
INFO: [ app_begin ] --END-- [ RunTime:0.001000s ]
SQL: SHOW COLUMNS FROM `tgwu_wares` [ RunTime:0.0030s ]
SQL: UPDATE `tgwu_wares` SET `collTimes`=collTimes+1 WHERE ( id = 17 ) [ RunTime:0.0320s ]

[ 2017-06-27T10:05:05+08:00 ] ::1 /tangguowu/index.php/Index/collect.html
INFO: [ app_begin ] --START--
INFO: Run Behavior\ReadHtmlCacheBehavior [ RunTime:0.000000s ]
INFO: [ app_begin ] --END-- [ RunTime:0.000000s ]
SQL: SHOW COLUMNS FROM `tgwu_wares` [ RunTime:0.0030s ]
SQL: UPDATE `tgwu_wares` SET `collTimes`=collTimes+1 WHERE ( id = 18 ) [ RunTime:0.0370s ]

[ 2017-06-27T10:05:06+08:00 ] ::1 /tangguowu/index.php/Index/collect.html
INFO: [ app_begin ] --START--
INFO: Run Behavior\ReadHtmlCacheBehavior [ RunTime:0.001000s ]
INFO: [ app_begin ] --END-- [ RunTime:0.001000s ]
SQL: SHOW COLUMNS FROM `tgwu_wares` [ RunTime:0.0030s ]
SQL: UPDATE `tgwu_wares` SET `collTimes`=collTimes+1 WHERE ( id = 18 ) [ RunTime:0.1700s ]

[ 2017-06-27T10:05:06+08:00 ] ::1 /tangguowu/index.php/Index/collect.html
INFO: [ app_begin ] --START--
INFO: Run Behavior\ReadHtmlCacheBehavior [ RunTime:0.001000s ]
INFO: [ app_begin ] --END-- [ RunTime:0.001000s ]
SQL: SHOW COLUMNS FROM `tgwu_wares` [ RunTime:0.0040s ]
SQL: UPDATE `tgwu_wares` SET `collTimes`=collTimes+1 WHERE ( id = 18 ) [ RunTime:0.1560s ]

[ 2017-06-27T10:05:06+08:00 ] ::1 /tangguowu/index.php/Index/collect.html
INFO: [ app_begin ] --START--
INFO: Run Behavior\ReadHtmlCacheBehavior [ RunTime:0.001000s ]
INFO: [ app_begin ] --END-- [ RunTime:0.001000s ]
SQL: SHOW COLUMNS FROM `tgwu_wares` [ RunTime:0.0040s ]
SQL: UPDATE `tgwu_wares` SET `collTimes`=collTimes+1 WHERE ( id = 18 ) [ RunTime:0.0330s ]

[ 2017-06-27T10:05:18+08:00 ] ::1 /tangguowu/index.php/Index/collect.html
INFO: [ app_begin ] --START--
INFO: Run Behavior\ReadHtmlCacheBehavior [ RunTime:0.001000s ]
INFO: [ app_begin ] --END-- [ RunTime:0.001000s ]
SQL: SHOW COLUMNS FROM `tgwu_wares` [ RunTime:0.0030s ]
SQL: UPDATE `tgwu_wares` SET `collTimes`=collTimes+1 WHERE ( id = 17 ) [ RunTime:0.0250s ]

[ 2017-06-27T10:05:18+08:00 ] ::1 /tangguowu/index.php/Index/collect.html
INFO: [ app_begin ] --START--
INFO: Run Behavior\ReadHtmlCacheBehavior [ RunTime:0.000000s ]
INFO: [ app_begin ] --END-- [ RunTime:0.001000s ]
SQL: SHOW COLUMNS FROM `tgwu_wares` [ RunTime:0.0030s ]
SQL: UPDATE `tgwu_wares` SET `collTimes`=collTimes+1 WHERE ( id = 17 ) [ RunTime:0.0290s ]

[ 2017-06-27T10:05:18+08:00 ] ::1 /tangguowu/index.php/Index/collect.html
INFO: [ app_begin ] --START--
INFO: Run Behavior\ReadHtmlCacheBehavior [ RunTime:0.000000s ]
INFO: [ app_begin ] --END-- [ RunTime:0.001000s ]
SQL: SHOW COLUMNS FROM `tgwu_wares` [ RunTime:0.0030s ]
SQL: UPDATE `tgwu_wares` SET `collTimes`=collTimes+1 WHERE ( id = 17 ) [ RunTime:0.0310s ]

[ 2017-06-27T10:05:18+08:00 ] ::1 /tangguowu/index.php/Index/collect.html
INFO: [ app_begin ] --START--
INFO: Run Behavior\ReadHtmlCacheBehavior [ RunTime:0.001000s ]
INFO: [ app_begin ] --END-- [ RunTime:0.001000s ]
SQL: SHOW COLUMNS FROM `tgwu_wares` [ RunTime:0.0030s ]
SQL: UPDATE `tgwu_wares` SET `collTimes`=collTimes+1 WHERE ( id = 17 ) [ RunTime:0.0570s ]

[ 2017-06-27T10:05:19+08:00 ] ::1 /tangguowu/index.php/Index/collect.html
INFO: [ app_begin ] --START--
INFO: Run Behavior\ReadHtmlCacheBehavior [ RunTime:0.001000s ]
INFO: [ app_begin ] --END-- [ RunTime:0.001000s ]
SQL: SHOW COLUMNS FROM `tgwu_wares` [ RunTime:0.0030s ]
SQL: UPDATE `tgwu_wares` SET `collTimes`=collTimes+1 WHERE ( id = 17 ) [ RunTime:0.0250s ]

[ 2017-06-27T10:05:19+08:00 ] ::1 /tangguowu/index.php/Index/collect.html
INFO: [ app_begin ] --START--
INFO: Run Behavior\ReadHtmlCacheBehavior [ RunTime:0.000000s ]
INFO: [ app_begin ] --END-- [ RunTime:0.000000s ]
SQL: SHOW COLUMNS FROM `tgwu_wares` [ RunTime:0.0030s ]
SQL: UPDATE `tgwu_wares` SET `collTimes`=collTimes+1 WHERE ( id = 17 ) [ RunTime:0.0550s ]

[ 2017-06-27T10:06:23+08:00 ] ::1 /tangguowu/index.php/Index/collect.html
INFO: [ app_begin ] --START--
INFO: Run Behavior\ReadHtmlCacheBehavior [ RunTime:0.001000s ]
INFO: [ app_begin ] --END-- [ RunTime:0.001000s ]
SQL: SHOW COLUMNS FROM `tgwu_wares` [ RunTime:0.0030s ]
SQL: UPDATE `tgwu_wares` SET `collTimes`=collTimes+1 WHERE ( id = 17 ) [ RunTime:0.0330s ]

[ 2017-06-27T10:06:24+08:00 ] ::1 /tangguowu/index.php/Index/collect.html
INFO: [ app_begin ] --START--
INFO: Run Behavior\ReadHtmlCacheBehavior [ RunTime:0.000000s ]
INFO: [ app_begin ] --END-- [ RunTime:0.001000s ]
SQL: SHOW COLUMNS FROM `tgwu_wares` [ RunTime:0.0040s ]
SQL: UPDATE `tgwu_wares` SET `collTimes`=collTimes+1 WHERE ( id = 17 ) [ RunTime:0.0320s ]

[ 2017-06-27T10:06:29+08:00 ] ::1 /tangguowu/index.php/Index/collect.html
INFO: [ app_begin ] --START--
INFO: Run Behavior\ReadHtmlCacheBehavior [ RunTime:0.000000s ]
INFO: [ app_begin ] --END-- [ RunTime:0.001000s ]
SQL: SHOW COLUMNS FROM `tgwu_wares` [ RunTime:0.0030s ]
SQL: UPDATE `tgwu_wares` SET `collTimes`=collTimes+1 WHERE ( id = 17 ) [ RunTime:0.0270s ]

[ 2017-06-27T10:06:32+08:00 ] ::1 /tangguowu/index.php/Index/collect.html
INFO: [ app_begin ] --START--
INFO: Run Behavior\ReadHtmlCacheBehavior [ RunTime:0.000000s ]
INFO: [ app_begin ] --END-- [ RunTime:0.001000s ]
SQL: SHOW COLUMNS FROM `tgwu_wares` [ RunTime:0.0030s ]
SQL: UPDATE `tgwu_wares` SET `collTimes`=collTimes+1 WHERE ( id = 17 ) [ RunTime:0.0300s ]

[ 2017-06-27T10:07:49+08:00 ] ::1 /tangguowu/index.php/Index/collect.html
INFO: [ app_begin ] --START--
INFO: Run Behavior\ReadHtmlCacheBehavior [ RunTime:0.000000s ]
INFO: [ app_begin ] --END-- [ RunTime:0.001000s ]
SQL: SHOW COLUMNS FROM `tgwu_wares` [ RunTime:0.0030s ]
SQL: UPDATE `tgwu_wares` SET `collTimes`=collTimes+1 WHERE ( id = 17 ) [ RunTime:0.0370s ]

[ 2017-06-27T10:07:50+08:00 ] ::1 /tangguowu/index.php/Index/collect.html
INFO: [ app_begin ] --START--
INFO: Run Behavior\ReadHtmlCacheBehavior [ RunTime:0.001000s ]
INFO: [ app_begin ] --END-- [ RunTime:0.001000s ]
SQL: SHOW COLUMNS FROM `tgwu_wares` [ RunTime:0.0030s ]
SQL: UPDATE `tgwu_wares` SET `collTimes`=collTimes+1 WHERE ( id = 17 ) [ RunTime:0.0320s ]

[ 2017-06-27T10:08:10+08:00 ] ::1 /tangguowu/index.php/Index/collect.html
INFO: [ app_begin ] --START--
INFO: Run Behavior\ReadHtmlCacheBehavior [ RunTime:0.001000s ]
INFO: [ app_begin ] --END-- [ RunTime:0.001000s ]
SQL: SHOW COLUMNS FROM `tgwu_wares` [ RunTime:0.0030s ]
SQL: UPDATE `tgwu_wares` SET `collTimes`=collTimes+1 WHERE ( id = 17 ) [ RunTime:0.0380s ]

[ 2017-06-27T10:08:11+08:00 ] ::1 /tangguowu/index.php/Index/collect.html
INFO: [ app_begin ] --START--
INFO: Run Behavior\ReadHtmlCacheBehavior [ RunTime:0.001000s ]
INFO: [ app_begin ] --END-- [ RunTime:0.001000s ]
SQL: SHOW COLUMNS FROM `tgwu_wares` [ RunTime:0.0030s ]
SQL: UPDATE `tgwu_wares` SET `collTimes`=collTimes+1 WHERE ( id = 17 ) [ RunTime:0.0250s ]

[ 2017-06-27T10:08:30+08:00 ] ::1 /tangguowu/index.php/Index/collect.html
INFO: [ app_begin ] --START--
INFO: Run Behavior\ReadHtmlCacheBehavior [ RunTime:0.000000s ]
INFO: [ app_begin ] --END-- [ RunTime:0.001000s ]
SQL: SHOW COLUMNS FROM `tgwu_wares` [ RunTime:0.0040s ]
SQL: UPDATE `tgwu_wares` SET `collTimes`=collTimes+1 WHERE ( id = 17 ) [ RunTime:0.0370s ]

[ 2017-06-27T10:08:48+08:00 ] ::1 /tangguowu/index.php/Index/collect.html
INFO: [ app_begin ] --START--
INFO: Run Behavior\ReadHtmlCacheBehavior [ RunTime:0.000000s ]
INFO: [ app_begin ] --END-- [ RunTime:0.000000s ]
SQL: SHOW COLUMNS FROM `tgwu_wares` [ RunTime:0.0030s ]
SQL: UPDATE `tgwu_wares` SET `collTimes`=collTimes+1 WHERE ( id = 17 ) [ RunTime:0.0310s ]

[ 2017-06-27T10:09:42+08:00 ] ::1 /tangguowu/index.php/Index/collect.html
INFO: [ app_begin ] --START--
INFO: Run Behavior\ReadHtmlCacheBehavior [ RunTime:0.000000s ]
INFO: [ app_begin ] --END-- [ RunTime:0.001000s ]
SQL: SHOW COLUMNS FROM `tgwu_wares` [ RunTime:0.0030s ]
SQL: UPDATE `tgwu_wares` SET `collTimes`=collTimes+1 WHERE ( id = 17 ) [ RunTime:0.1170s ]

[ 2017-06-27T10:09:42+08:00 ] ::1 /tangguowu/index.php/Index/collect.html
INFO: [ app_begin ] --START--
INFO: Run Behavior\ReadHtmlCacheBehavior [ RunTime:0.000000s ]
INFO: [ app_begin ] --END-- [ RunTime:0.001000s ]
SQL: SHOW COLUMNS FROM `tgwu_wares` [ RunTime:0.0030s ]
SQL: UPDATE `tgwu_wares` SET `collTimes`=collTimes+1 WHERE ( id = 17 ) [ RunTime:0.0330s ]

[ 2017-06-27T10:09:43+08:00 ] ::1 /tangguowu/index.php/Index/collect.html
INFO: [ app_begin ] --START--
INFO: Run Behavior\ReadHtmlCacheBehavior [ RunTime:0.000000s ]
INFO: [ app_begin ] --END-- [ RunTime:0.000000s ]
SQL: SHOW COLUMNS FROM `tgwu_wares` [ RunTime:0.0030s ]
SQL: UPDATE `tgwu_wares` SET `collTimes`=collTimes+1 WHERE ( id = 18 ) [ RunTime:0.0360s ]

[ 2017-06-27T10:09:44+08:00 ] ::1 /tangguowu/index.php/Index/collect.html
INFO: [ app_begin ] --START--
INFO: Run Behavior\ReadHtmlCacheBehavior [ RunTime:0.001000s ]
INFO: [ app_begin ] --END-- [ RunTime:0.001000s ]
SQL: SHOW COLUMNS FROM `tgwu_wares` [ RunTime:0.0030s ]
SQL: UPDATE `tgwu_wares` SET `collTimes`=collTimes+1 WHERE ( id = 20 ) [ RunTime:0.0300s ]

[ 2017-06-27T10:09:46+08:00 ] ::1 /tangguowu/index.php/Index/collect.html
INFO: [ app_begin ] --START--
INFO: Run Behavior\ReadHtmlCacheBehavior [ RunTime:0.000000s ]
INFO: [ app_begin ] --END-- [ RunTime:0.000000s ]
SQL: SHOW COLUMNS FROM `tgwu_wares` [ RunTime:0.0030s ]
SQL: UPDATE `tgwu_wares` SET `collTimes`=collTimes+1 WHERE ( id = 17 ) [ RunTime:0.0650s ]

[ 2017-06-27T10:09:46+08:00 ] ::1 /tangguowu/index.php/Index/collect.html
INFO: [ app_begin ] --START--
INFO: Run Behavior\ReadHtmlCacheBehavior [ RunTime:0.001000s ]
INFO: [ app_begin ] --END-- [ RunTime:0.001000s ]
SQL: SHOW COLUMNS FROM `tgwu_wares` [ RunTime:0.0030s ]
SQL: UPDATE `tgwu_wares` SET `collTimes`=collTimes+1 WHERE ( id = 17 ) [ RunTime:0.0250s ]

[ 2017-06-27T10:09:46+08:00 ] ::1 /tangguowu/index.php/Index/collect.html
INFO: [ app_begin ] --START--
INFO: Run Behavior\ReadHtmlCacheBehavior [ RunTime:0.000000s ]
INFO: [ app_begin ] --END-- [ RunTime:0.000000s ]
SQL: SHOW COLUMNS FROM `tgwu_wares` [ RunTime:0.0030s ]
SQL: UPDATE `tgwu_wares` SET `collTimes`=collTimes+1 WHERE ( id = 17 ) [ RunTime:0.0270s ]

[ 2017-06-27T10:09:47+08:00 ] ::1 /tangguowu/index.php/Index/collect.html
INFO: [ app_begin ] --START--
INFO: Run Behavior\ReadHtmlCacheBehavior [ RunTime:0.001000s ]
INFO: [ app_begin ] --END-- [ RunTime:0.001000s ]
SQL: SHOW COLUMNS FROM `tgwu_wares` [ RunTime:0.0030s ]
SQL: UPDATE `tgwu_wares` SET `collTimes`=collTimes+1 WHERE ( id = 17 ) [ RunTime:0.0200s ]

[ 2017-06-27T10:15:07+08:00 ] ::1 /tangguowu/index.php/Index/collect.html
INFO: [ app_begin ] --START--
INFO: Run Behavior\ReadHtmlCacheBehavior [ RunTime:0.001000s ]
INFO: [ app_begin ] --END-- [ RunTime:0.001000s ]
SQL: SHOW COLUMNS FROM `tgwu_wares` [ RunTime:0.0030s ]
SQL: UPDATE `tgwu_wares` SET `collTimes`=collTimes+1 WHERE ( id = 17 ) [ RunTime:0.0320s ]

[ 2017-06-27T10:15:10+08:00 ] ::1 /tangguowu/index.php/Index/collect.html
INFO: [ app_begin ] --START--
INFO: Run Behavior\ReadHtmlCacheBehavior [ RunTime:0.000000s ]
INFO: [ app_begin ] --END-- [ RunTime:0.001000s ]
SQL: SHOW COLUMNS FROM `tgwu_wares` [ RunTime:0.0030s ]
SQL: UPDATE `tgwu_wares` SET `collTimes`=collTimes+1 WHERE ( id = 17 ) [ RunTime:0.0780s ]

[ 2017-06-27T10:15:11+08:00 ] ::1 /tangguowu/index.php/Index/collect.html
INFO: [ app_begin ] --START--
INFO: Run Behavior\ReadHtmlCacheBehavior [ RunTime:0.000000s ]
INFO: [ app_begin ] --END-- [ RunTime:0.000000s ]
SQL: SHOW COLUMNS FROM `tgwu_wares` [ RunTime:0.0030s ]
SQL: UPDATE `tgwu_wares` SET `collTimes`=collTimes+1 WHERE ( id = 17 ) [ RunTime:0.0340s ]

[ 2017-06-27T10:15:11+08:00 ] ::1 /tangguowu/index.php/Index/collect.html
INFO: [ app_begin ] --START--
INFO: Run Behavior\ReadHtmlCacheBehavior [ RunTime:0.000000s ]
INFO: [ app_begin ] --END-- [ RunTime:0.000000s ]
SQL: SHOW COLUMNS FROM `tgwu_wares` [ RunTime:0.0030s ]
SQL: UPDATE `tgwu_wares` SET `collTimes`=collTimes+1 WHERE ( id = 17 ) [ RunTime:0.0360s ]

[ 2017-06-27T10:15:11+08:00 ] ::1 /tangguowu/index.php/Index/collect.html
INFO: [ app_begin ] --START--
INFO: Run Behavior\ReadHtmlCacheBehavior [ RunTime:0.000000s ]
INFO: [ app_begin ] --END-- [ RunTime:0.001000s ]
SQL: SHOW COLUMNS FROM `tgwu_wares` [ RunTime:0.0030s ]
SQL: UPDATE `tgwu_wares` SET `collTimes`=collTimes+1 WHERE ( id = 17 ) [ RunTime:0.0320s ]

[ 2017-06-27T10:15:11+08:00 ] ::1 /tangguowu/index.php/Index/collect.html
INFO: [ app_begin ] --START--
INFO: Run Behavior\ReadHtmlCacheBehavior [ RunTime:0.000000s ]
INFO: [ app_begin ] --END-- [ RunTime:0.001000s ]
SQL: SHOW COLUMNS FROM `tgwu_wares` [ RunTime:0.0040s ]
SQL: UPDATE `tgwu_wares` SET `collTimes`=collTimes+1 WHERE ( id = 17 ) [ RunTime:0.0190s ]

[ 2017-06-27T10:15:12+08:00 ] ::1 /tangguowu/index.php/Index/collect.html
INFO: [ app_begin ] --START--
INFO: Run Behavior\ReadHtmlCacheBehavior [ RunTime:0.000000s ]
INFO: [ app_begin ] --END-- [ RunTime:0.001000s ]
SQL: SHOW COLUMNS FROM `tgwu_wares` [ RunTime:0.0040s ]
SQL: UPDATE `tgwu_wares` SET `collTimes`=collTimes+1 WHERE ( id = 17 ) [ RunTime:0.0250s ]

[ 2017-06-27T10:15:48+08:00 ] ::1 /tangguowu/index.php/Index/collect.html
INFO: [ app_begin ] --START--
INFO: Run Behavior\ReadHtmlCacheBehavior [ RunTime:0.000000s ]
INFO: [ app_begin ] --END-- [ RunTime:0.001000s ]
SQL: SHOW COLUMNS FROM `tgwu_wares` [ RunTime:0.0040s ]
SQL: UPDATE `tgwu_wares` SET `collTimes`=collTimes+1 WHERE ( id = 17 ) [ RunTime:0.0330s ]

[ 2017-06-27T10:15:49+08:00 ] ::1 /tangguowu/index.php/Index/collect.html
INFO: [ app_begin ] --START--
INFO: Run Behavior\ReadHtmlCacheBehavior [ RunTime:0.001000s ]
INFO: [ app_begin ] --END-- [ RunTime:0.001000s ]
SQL: SHOW COLUMNS FROM `tgwu_wares` [ RunTime:0.0030s ]
SQL: UPDATE `tgwu_wares` SET `collTimes`=collTimes+1 WHERE ( id = 17 ) [ RunTime:0.0330s ]

[ 2017-06-27T10:15:49+08:00 ] ::1 /tangguowu/index.php/Index/collect.html
INFO: [ app_begin ] --START--
INFO: Run Behavior\ReadHtmlCacheBehavior [ RunTime:0.001000s ]
INFO: [ app_begin ] --END-- [ RunTime:0.001000s ]
SQL: SHOW COLUMNS FROM `tgwu_wares` [ RunTime:0.0030s ]
SQL: UPDATE `tgwu_wares` SET `collTimes`=collTimes+1 WHERE ( id = 17 ) [ RunTime:0.0250s ]

[ 2017-06-27T10:15:49+08:00 ] ::1 /tangguowu/index.php/Index/collect.html
INFO: [ app_begin ] --START--
INFO: Run Behavior\ReadHtmlCacheBehavior [ RunTime:0.000000s ]
INFO: [ app_begin ] --END-- [ RunTime:0.001000s ]
SQL: SHOW COLUMNS FROM `tgwu_wares` [ RunTime:0.0030s ]
SQL: UPDATE `tgwu_wares` SET `collTimes`=collTimes+1 WHERE ( id = 17 ) [ RunTime:0.0310s ]

[ 2017-06-27T10:16:27+08:00 ] ::1 /tangguowu/index.php/Index/collect.html
INFO: [ app_begin ] --START--
INFO: Run Behavior\ReadHtmlCacheBehavior [ RunTime:0.001000s ]
INFO: [ app_begin ] --END-- [ RunTime:0.001000s ]
SQL: SHOW COLUMNS FROM `tgwu_wares` [ RunTime:0.0030s ]
SQL: UPDATE `tgwu_wares` SET `collTimes`=collTimes+1 WHERE ( id = 17 ) [ RunTime:0.0330s ]

[ 2017-06-27T10:16:27+08:00 ] ::1 /tangguowu/index.php/Index/collect.html
INFO: [ app_begin ] --START--
INFO: Run Behavior\ReadHtmlCacheBehavior [ RunTime:0.000000s ]
INFO: [ app_begin ] --END-- [ RunTime:0.001000s ]
SQL: SHOW COLUMNS FROM `tgwu_wares` [ RunTime:0.0040s ]
SQL: UPDATE `tgwu_wares` SET `collTimes`=collTimes+1 WHERE ( id = 17 ) [ RunTime:0.0390s ]

[ 2017-06-27T10:16:27+08:00 ] ::1 /tangguowu/index.php/Index/collect.html
INFO: [ app_begin ] --START--
INFO: Run Behavior\ReadHtmlCacheBehavior [ RunTime:0.001000s ]
INFO: [ app_begin ] --END-- [ RunTime:0.001000s ]
SQL: SHOW COLUMNS FROM `tgwu_wares` [ RunTime:0.0040s ]
SQL: UPDATE `tgwu_wares` SET `collTimes`=collTimes+1 WHERE ( id = 17 ) [ RunTime:0.0220s ]

[ 2017-06-27T10:16:28+08:00 ] ::1 /tangguowu/index.php/Index/collect.html
INFO: [ app_begin ] --START--
INFO: Run Behavior\ReadHtmlCacheBehavior [ RunTime:0.001000s ]
INFO: [ app_begin ] --END-- [ RunTime:0.001000s ]
SQL: SHOW COLUMNS FROM `tgwu_wares` [ RunTime:0.0030s ]
SQL: UPDATE `tgwu_wares` SET `collTimes`=collTimes+1 WHERE ( id = 17 ) [ RunTime:0.0770s ]

[ 2017-06-27T10:16:29+08:00 ] ::1 /tangguowu/index.php/Index/collect.html
INFO: [ app_begin ] --START--
INFO: Run Behavior\ReadHtmlCacheBehavior [ RunTime:0.000000s ]
INFO: [ app_begin ] --END-- [ RunTime:0.001000s ]
SQL: SHOW COLUMNS FROM `tgwu_wares` [ RunTime:0.0030s ]
SQL: UPDATE `tgwu_wares` SET `collTimes`=collTimes+1 WHERE ( id = 18 ) [ RunTime:0.0340s ]

[ 2017-06-27T10:16:29+08:00 ] ::1 /tangguowu/index.php/Index/collect.html
INFO: [ app_begin ] --START--
INFO: Run Behavior\ReadHtmlCacheBehavior [ RunTime:0.000000s ]
INFO: [ app_begin ] --END-- [ RunTime:0.001000s ]
SQL: SHOW COLUMNS FROM `tgwu_wares` [ RunTime:0.0040s ]
SQL: UPDATE `tgwu_wares` SET `collTimes`=collTimes+1 WHERE ( id = 18 ) [ RunTime:0.0320s ]

[ 2017-06-27T10:16:51+08:00 ] ::1 /tangguowu/index.php/Index/collect.html
INFO: [ app_begin ] --START--
INFO: Run Behavior\ReadHtmlCacheBehavior [ RunTime:0.000000s ]
INFO: [ app_begin ] --END-- [ RunTime:0.001000s ]
SQL: SHOW COLUMNS FROM `tgwu_wares` [ RunTime:0.0040s ]
SQL: UPDATE `tgwu_wares` SET `collTimes`=collTimes+1 WHERE ( id = 17 ) [ RunTime:0.0500s ]

[ 2017-06-27T10:16:53+08:00 ] ::1 /tangguowu/index.php/Index/collect.html
INFO: [ app_begin ] --START--
INFO: Run Behavior\ReadHtmlCacheBehavior [ RunTime:0.001000s ]
INFO: [ app_begin ] --END-- [ RunTime:0.001000s ]
SQL: SHOW COLUMNS FROM `tgwu_wares` [ RunTime:0.0030s ]
SQL: UPDATE `tgwu_wares` SET `collTimes`=collTimes+1 WHERE ( id = 17 ) [ RunTime:0.0270s ]

[ 2017-06-27T10:16:54+08:00 ] ::1 /tangguowu/index.php/Index/collect.html
INFO: [ app_begin ] --START--
INFO: Run Behavior\ReadHtmlCacheBehavior [ RunTime:0.000000s ]
INFO: [ app_begin ] --END-- [ RunTime:0.001000s ]
SQL: SHOW COLUMNS FROM `tgwu_wares` [ RunTime:0.0030s ]
SQL: UPDATE `tgwu_wares` SET `collTimes`=collTimes+1 WHERE ( id = 18 ) [ RunTime:0.0360s ]

[ 2017-06-27T10:16:54+08:00 ] ::1 /tangguowu/index.php/Index/collect.html
INFO: [ app_begin ] --START--
INFO: Run Behavior\ReadHtmlCacheBehavior [ RunTime:0.000000s ]
INFO: [ app_begin ] --END-- [ RunTime:0.001000s ]
SQL: SHOW COLUMNS FROM `tgwu_wares` [ RunTime:0.0030s ]
SQL: UPDATE `tgwu_wares` SET `collTimes`=collTimes+1 WHERE ( id = 18 ) [ RunTime:0.0400s ]

[ 2017-06-27T10:16:55+08:00 ] ::1 /tangguowu/index.php/Index/collect.html
INFO: [ app_begin ] --START--
INFO: Run Behavior\ReadHtmlCacheBehavior [ RunTime:0.000000s ]
INFO: [ app_begin ] --END-- [ RunTime:0.000000s ]
SQL: SHOW COLUMNS FROM `tgwu_wares` [ RunTime:0.0030s ]
SQL: UPDATE `tgwu_wares` SET `collTimes`=collTimes+1 WHERE ( id = 20 ) [ RunTime:0.0860s ]

[ 2017-06-27T10:16:56+08:00 ] ::1 /tangguowu/index.php/Index/collect.html
INFO: [ app_begin ] --START--
INFO: Run Behavior\ReadHtmlCacheBehavior [ RunTime:0.000000s ]
INFO: [ app_begin ] --END-- [ RunTime:0.001000s ]
SQL: SHOW COLUMNS FROM `tgwu_wares` [ RunTime:0.0030s ]
SQL: UPDATE `tgwu_wares` SET `collTimes`=collTimes+1 WHERE ( id = 20 ) [ RunTime:0.0280s ]

[ 2017-06-27T10:18:05+08:00 ] ::1 /tangguowu/index.php/Index/collect.html
INFO: [ app_begin ] --START--
INFO: Run Behavior\ReadHtmlCacheBehavior [ RunTime:0.000000s ]
INFO: [ app_begin ] --END-- [ RunTime:0.000000s ]
SQL: SHOW COLUMNS FROM `tgwu_wares` [ RunTime:0.0030s ]
SQL: UPDATE `tgwu_wares` SET `collTimes`=collTimes+1 WHERE ( id = 17 ) [ RunTime:0.0290s ]

[ 2017-06-27T10:18:20+08:00 ] ::1 /tangguowu/index.php/Index/collect.html
INFO: [ app_begin ] --START--
INFO: Run Behavior\ReadHtmlCacheBehavior [ RunTime:0.001000s ]
INFO: [ app_begin ] --END-- [ RunTime:0.001000s ]
SQL: SHOW COLUMNS FROM `tgwu_wares` [ RunTime:0.0030s ]
SQL: UPDATE `tgwu_wares` SET `collTimes`=collTimes+1 WHERE ( id = 17 ) [ RunTime:0.0250s ]

[ 2017-06-27T10:19:02+08:00 ] ::1 /tangguowu/index.php/Index/collect.html
INFO: [ app_begin ] --START--
INFO: Run Behavior\ReadHtmlCacheBehavior [ RunTime:0.000000s ]
INFO: [ app_begin ] --END-- [ RunTime:0.000000s ]
SQL: SHOW COLUMNS FROM `tgwu_wares` [ RunTime:0.0040s ]
SQL: UPDATE `tgwu_wares` SET `collTimes`=collTimes+1 WHERE ( id = 17 ) [ RunTime:0.0330s ]

[ 2017-06-27T10:19:25+08:00 ] ::1 /tangguowu/index.php/Index/collect.html
INFO: [ app_begin ] --START--
INFO: Run Behavior\ReadHtmlCacheBehavior [ RunTime:0.000000s ]
INFO: [ app_begin ] --END-- [ RunTime:0.000000s ]
SQL: SHOW COLUMNS FROM `tgwu_wares` [ RunTime:0.0030s ]
SQL: UPDATE `tgwu_wares` SET `collTimes`=collTimes+1 WHERE ( id = 17 ) [ RunTime:0.0300s ]

[ 2017-06-27T10:26:44+08:00 ] ::1 /tangguowu/index.php/Ware/collect.html
INFO: [ app_begin ] --START--
INFO: Run Behavior\ReadHtmlCacheBehavior [ RunTime:0.001000s ]
INFO: [ app_begin ] --END-- [ RunTime:0.001000s ]
ERR: 非法操作:collect

[ 2017-06-27T10:28:32+08:00 ] ::1 /tangguowu/index.php/Index/collect.html
INFO: [ app_begin ] --START--
INFO: Run Behavior\ReadHtmlCacheBehavior [ RunTime:0.000000s ]
INFO: [ app_begin ] --END-- [ RunTime:0.000000s ]
SQL: SHOW COLUMNS FROM `tgwu_wares` [ RunTime:0.0030s ]
SQL: UPDATE `tgwu_wares` SET `collTimes`=collTimes+1 WHERE ( id = 30 ) [ RunTime:0.0350s ]

[ 2017-06-27T10:28:34+08:00 ] ::1 /tangguowu/index.php/Index/collect.html
INFO: [ app_begin ] --START--
INFO: Run Behavior\ReadHtmlCacheBehavior [ RunTime:0.001000s ]
INFO: [ app_begin ] --END-- [ RunTime:0.001000s ]
SQL: SHOW COLUMNS FROM `tgwu_wares` [ RunTime:0.0030s ]
SQL: UPDATE `tgwu_wares` SET `collTimes`=collTimes+1 WHERE ( id = 30 ) [ RunTime:0.0290s ]

[ 2017-06-27T10:29:58+08:00 ] ::1 /tangguowu/index.php/Index/collect.html
INFO: [ app_begin ] --START--
INFO: Run Behavior\ReadHtmlCacheBehavior [ RunTime:0.001001s ]
INFO: [ app_begin ] --END-- [ RunTime:0.001001s ]
SQL: SHOW COLUMNS FROM `tgwu_wares` [ RunTime:0.0190s ]
SQL: UPDATE `tgwu_wares` SET `collTimes`=collTimes+1 WHERE ( id = 17 ) [ RunTime:0.0380s ]

[ 2017-06-27T10:30:01+08:00 ] ::1 /tangguowu/index.php/Index/collect.html
INFO: [ app_begin ] --START--
INFO: Run Behavior\ReadHtmlCacheBehavior [ RunTime:0.001000s ]
INFO: [ app_begin ] --END-- [ RunTime:0.001000s ]
SQL: SHOW COLUMNS FROM `tgwu_wares` [ RunTime:0.0030s ]
SQL: UPDATE `tgwu_wares` SET `collTimes`=collTimes+1 WHERE ( id = 18 ) [ RunTime:0.0290s ]

