[ 2017-06-23T16:22:38+08:00 ] ::1 /tangguowu/index.php?c=Invicode&a=index
ERR: 无法加载控制器:Invicode

[ 2017-06-23T16:35:40+08:00 ] ::1 /tangguowu/index.php?c=Carousel&a=index
ERR: 无法加载控制器:Carousel

[ 2017-06-23T16:36:11+08:00 ] ::1 /tangguowu/index.php?c=Carousel&a=index
ERR: 无法加载控制器:Carousel

[ 2017-06-23T16:48:12+08:00 ] ::1 /tangguowu/index.php/Carousel/index.html
ERR: 无法加载控制器:Carousel

[ 2017-06-23T16:48:19+08:00 ] ::1 /tangguowu/index.php/Index/index.html
ERR: Think\Model:getCarouselstatus方法不存在！

[ 2017-06-23T16:48:32+08:00 ] ::1 /tangguowu/index.php/Index/index.html
ERR: Think\Model:getCarouselstatus方法不存在！

[ 2017-06-23T16:49:38+08:00 ] ::1 /tangguowu/index.php/Index/index.html
ERR: Think\Model:getCarouselstatus方法不存在！

[ 2017-06-23T16:49:41+08:00 ] ::1 /tangguowu/index.php/Index/index.html
ERR: Think\Model:getCarouselstatus方法不存在！

[ 2017-06-23T16:50:28+08:00 ] ::1 /tangguowu/index.php/Index/index.html
ERR: Think\Model:getCarouselstatus方法不存在！

[ 2017-06-23T16:50:31+08:00 ] ::1 /tangguowu/index.php/Index/index.html
ERR: Think\Model:getCarouselstatus方法不存在！

[ 2017-06-23T16:52:11+08:00 ] ::1 /tangguowu/index.php/Index/index.html
ERR: Think\Model:getCarouselstatus方法不存在！

[ 2017-06-23T16:52:13+08:00 ] ::1 /tangguowu/index.php/Index/index.html
ERR: Think\Model:getCarouselstatus方法不存在！

[ 2017-06-23T16:52:34+08:00 ] ::1 /tangguowu/index.php/Index/index.html
ERR: Think\Model:getCarouselstatus方法不存在！

[ 2017-06-23T16:53:14+08:00 ] ::1 /tangguowu/index.php/Index/index.html
ERR: Think\Model:getCarouselstatus方法不存在！

[ 2017-06-23T16:53:16+08:00 ] ::1 /tangguowu/index.php/Index/index.html
ERR: Think\Model:getCarouselstatus方法不存在！

[ 2017-06-23T16:53:20+08:00 ] ::1 /tangguowu/index.php/Index/index.html
ERR: Think\Model:getCarouselstatus方法不存在！

