[ 2017-06-20T08:45:58+08:00 ] ::1 /tangguowu/admin.php/Login/check
INFO: [ app_begin ] --START--
INFO: Run Behavior\ReadHtmlCacheBehavior [ RunTime:0.001000s ]
INFO: [ app_begin ] --END-- [ RunTime:0.001000s ]
SQL: SHOW COLUMNS FROM `tgwu_admin` [ RunTime:0.0960s ]
SQL: SELECT * FROM `tgwu_admin` WHERE ( adminName="zhuyl" ) LIMIT 1   [ RunTime:0.0010s ]

[ 2017-06-20T08:46:19+08:00 ] ::1 /tangguowu/admin.php/Category/setStatus.html
INFO: [ app_begin ] --START--
INFO: Run Behavior\ReadHtmlCacheBehavior [ RunTime:0.000000s ]
INFO: [ app_begin ] --END-- [ RunTime:0.001000s ]
ERR: 非法操作:setStatus

[ 2017-06-20T08:54:41+08:00 ] ::1 /tangguowu/admin.php/Category/setStatus.html
INFO: [ app_begin ] --START--
INFO: Run Behavior\ReadHtmlCacheBehavior [ RunTime:0.000000s ]
INFO: [ app_begin ] --END-- [ RunTime:0.000000s ]
SQL: SHOW COLUMNS FROM `tgwu_category` [ RunTime:0.0180s ]
SQL: UPDATE `tgwu_category` SET `status`='1' WHERE ( id = 3 ) [ RunTime:0.1800s ]

[ 2017-06-20T08:55:23+08:00 ] ::1 /tangguowu/admin.php/Category/setStatus.html
INFO: [ app_begin ] --START--
INFO: Run Behavior\ReadHtmlCacheBehavior [ RunTime:0.001000s ]
INFO: [ app_begin ] --END-- [ RunTime:0.001000s ]
SQL: SHOW COLUMNS FROM `tgwu_category` [ RunTime:0.0070s ]
SQL: UPDATE `tgwu_category` SET `status`='1' WHERE ( id = 6 ) [ RunTime:0.0510s ]

[ 2017-06-20T08:56:26+08:00 ] ::1 /tangguowu/admin.php/Category/listorder.html
INFO: [ app_begin ] --START--
INFO: Run Behavior\ReadHtmlCacheBehavior [ RunTime:0.000000s ]
INFO: [ app_begin ] --END-- [ RunTime:0.000000s ]
SQL: SHOW COLUMNS FROM `tgwu_category` [ RunTime:0.0070s ]
SQL: UPDATE `tgwu_category` SET `categorySort`='65' WHERE ( id=3 ) [ RunTime:0.0340s ]
SQL: UPDATE `tgwu_category` SET `categorySort`='55' WHERE ( id=6 ) [ RunTime:0.0300s ]
SQL: UPDATE `tgwu_category` SET `categorySort`='43' WHERE ( id=1 ) [ RunTime:0.0380s ]
SQL: UPDATE `tgwu_category` SET `categorySort`='42' WHERE ( id=5 ) [ RunTime:0.0280s ]
SQL: UPDATE `tgwu_category` SET `categorySort`='21' WHERE ( id=4 ) [ RunTime:0.0290s ]

[ 2017-06-20T08:56:36+08:00 ] ::1 /tangguowu/admin.php/Category/listorder.html
INFO: [ app_begin ] --START--
INFO: Run Behavior\ReadHtmlCacheBehavior [ RunTime:0.000000s ]
INFO: [ app_begin ] --END-- [ RunTime:0.001001s ]
SQL: SHOW COLUMNS FROM `tgwu_category` [ RunTime:0.0070s ]
SQL: UPDATE `tgwu_category` SET `categorySort`='54' WHERE ( id=3 ) [ RunTime:0.0280s ]
SQL: UPDATE `tgwu_category` SET `categorySort`='55' WHERE ( id=6 ) [ RunTime:0.0280s ]
SQL: UPDATE `tgwu_category` SET `categorySort`='43' WHERE ( id=1 ) [ RunTime:0.0290s ]
SQL: UPDATE `tgwu_category` SET `categorySort`='42' WHERE ( id=5 ) [ RunTime:0.0630s ]
SQL: UPDATE `tgwu_category` SET `categorySort`='21' WHERE ( id=4 ) [ RunTime:0.0660s ]

[ 2017-06-20T09:00:10+08:00 ] ::1 /tangguowu/admin.php/Category/add.html
INFO: [ app_begin ] --START--
INFO: Run Behavior\ReadHtmlCacheBehavior [ RunTime:0.000000s ]
INFO: [ app_begin ] --END-- [ RunTime:0.000000s ]

[ 2017-06-20T09:00:21+08:00 ] ::1 /tangguowu/admin.php/Category/add.html
INFO: [ app_begin ] --START--
INFO: Run Behavior\ReadHtmlCacheBehavior [ RunTime:0.000000s ]
INFO: [ app_begin ] --END-- [ RunTime:0.001000s ]
SQL: SHOW COLUMNS FROM `tgwu_category` [ RunTime:0.0070s ]
SQL: INSERT INTO `tgwu_category` (`categoryName`,`categoryIcon`,`status`,`id`) VALUES ('wqe','/upload/2017/06/20/594873a3d4b19.png','1','0') [ RunTime:0.0950s ]

[ 2017-06-20T09:00:31+08:00 ] ::1 /tangguowu/admin.php/Category/delete.html
INFO: [ app_begin ] --START--
INFO: Run Behavior\ReadHtmlCacheBehavior [ RunTime:0.001000s ]
INFO: [ app_begin ] --END-- [ RunTime:0.001000s ]
SQL: SHOW COLUMNS FROM `tgwu_category` [ RunTime:0.0080s ]
SQL: DELETE FROM `tgwu_category` WHERE ( id = 7 ) [ RunTime:0.0930s ]

[ 2017-06-20T09:01:26+08:00 ] ::1 /tangguowu/admin.php/Category/listorder.html
INFO: [ app_begin ] --START--
INFO: Run Behavior\ReadHtmlCacheBehavior [ RunTime:0.001000s ]
INFO: [ app_begin ] --END-- [ RunTime:0.001000s ]
SQL: SHOW COLUMNS FROM `tgwu_category` [ RunTime:0.0080s ]
SQL: UPDATE `tgwu_category` SET `categorySort`='55' WHERE ( id=6 ) [ RunTime:0.0570s ]
SQL: UPDATE `tgwu_category` SET `categorySort`='54' WHERE ( id=3 ) [ RunTime:0.0260s ]
SQL: UPDATE `tgwu_category` SET `categorySort`='43' WHERE ( id=1 ) [ RunTime:0.0290s ]
SQL: UPDATE `tgwu_category` SET `categorySort`='42' WHERE ( id=5 ) [ RunTime:0.0410s ]
SQL: UPDATE `tgwu_category` SET `categorySort`='21' WHERE ( id=4 ) [ RunTime:0.0290s ]

[ 2017-06-20T09:32:46+08:00 ] ::1 /tangguowu/admin.php/Wares/listorder.html
INFO: [ app_begin ] --START--
INFO: Run Behavior\ReadHtmlCacheBehavior [ RunTime:0.000000s ]
INFO: [ app_begin ] --END-- [ RunTime:0.001000s ]
ERR: 非法操作:listorder

[ 2017-06-20T09:44:11+08:00 ] ::1 /tangguowu/admin.php/Wares/listorder.html
INFO: [ app_begin ] --START--
INFO: Run Behavior\ReadHtmlCacheBehavior [ RunTime:0.000000s ]
INFO: [ app_begin ] --END-- [ RunTime:0.000000s ]
ERR: 非法操作:listorder

[ 2017-06-20T09:44:13+08:00 ] ::1 /tangguowu/admin.php/Wares/listorder.html
INFO: [ app_begin ] --START--
INFO: Run Behavior\ReadHtmlCacheBehavior [ RunTime:0.000000s ]
INFO: [ app_begin ] --END-- [ RunTime:0.000000s ]
ERR: 非法操作:listorder

[ 2017-06-20T09:44:18+08:00 ] ::1 /tangguowu/admin.php/Wares/listorder.html
INFO: [ app_begin ] --START--
INFO: Run Behavior\ReadHtmlCacheBehavior [ RunTime:0.000000s ]
INFO: [ app_begin ] --END-- [ RunTime:0.001000s ]
ERR: 非法操作:listorder

[ 2017-06-20T09:44:45+08:00 ] ::1 /tangguowu/admin.php/Wares/setStatus.html
INFO: [ app_begin ] --START--
INFO: Run Behavior\ReadHtmlCacheBehavior [ RunTime:0.000000s ]
INFO: [ app_begin ] --END-- [ RunTime:0.001000s ]
ERR: 非法操作:setStatus

[ 2017-06-20T09:52:20+08:00 ] ::1 /tangguowu/admin.php/Wares/delete.html
INFO: [ app_begin ] --START--
INFO: Run Behavior\ReadHtmlCacheBehavior [ RunTime:0.001000s ]
INFO: [ app_begin ] --END-- [ RunTime:0.001000s ]

[ 2017-06-20T09:52:52+08:00 ] ::1 /tangguowu/admin.php/Wares/delete.html
INFO: [ app_begin ] --START--
INFO: Run Behavior\ReadHtmlCacheBehavior [ RunTime:0.001000s ]
INFO: [ app_begin ] --END-- [ RunTime:0.001000s ]

[ 2017-06-20T09:53:33+08:00 ] ::1 /tangguowu/admin.php/Wares/delete.html
INFO: [ app_begin ] --START--
INFO: Run Behavior\ReadHtmlCacheBehavior [ RunTime:0.001000s ]
INFO: [ app_begin ] --END-- [ RunTime:0.001000s ]
SQL: SHOW COLUMNS FROM `tgwu_wares` [ RunTime:0.0060s ]
SQL: DELETE FROM `tgwu_wares` WHERE ( id = 7 ) [ RunTime:0.0530s ]

[ 2017-06-20T10:20:14+08:00 ] ::1 /tangguowu/admin.php/Wares/setStatus.html
INFO: [ app_begin ] --START--
INFO: Run Behavior\ReadHtmlCacheBehavior [ RunTime:0.000000s ]
INFO: [ app_begin ] --END-- [ RunTime:0.001000s ]
SQL: SHOW COLUMNS FROM `tgwu_category` [ RunTime:0.0140s ]
SQL: UPDATE `tgwu_category` SET `status`='0' WHERE ( id = 1 ) [ RunTime:0.0410s ]

[ 2017-06-20T10:21:17+08:00 ] ::1 /tangguowu/admin.php/Wares/setStatus.html
INFO: [ app_begin ] --START--
INFO: Run Behavior\ReadHtmlCacheBehavior [ RunTime:0.001000s ]
INFO: [ app_begin ] --END-- [ RunTime:0.001000s ]
SQL: SHOW COLUMNS FROM `tgwu_category` [ RunTime:0.0160s ]

[ 2017-06-20T10:21:41+08:00 ] ::1 /tangguowu/admin.php/Wares/setStatus.html
INFO: [ app_begin ] --START--
INFO: Run Behavior\ReadHtmlCacheBehavior [ RunTime:0.001000s ]
INFO: [ app_begin ] --END-- [ RunTime:0.001000s ]
SQL: SHOW COLUMNS FROM `tgwu_wares` [ RunTime:0.0050s ]
SQL: UPDATE `tgwu_wares` SET `status`='0' WHERE ( id=5 ) [ RunTime:0.0450s ]

[ 2017-06-20T10:22:05+08:00 ] ::1 /tangguowu/admin.php/Wares/add.html
ERR: 非法操作:add

[ 2017-06-20T10:58:00+08:00 ] ::1 /tangguowu/admin.php/Wares/add.html
INFO: [ app_begin ] --START--
INFO: Run Behavior\ReadHtmlCacheBehavior [ RunTime:0.001000s ]
INFO: [ app_begin ] --END-- [ RunTime:0.001000s ]

[ 2017-06-20T10:59:51+08:00 ] ::1 /tangguowu/admin.php/Wares/add.html
INFO: [ app_begin ] --START--
INFO: Run Behavior\ReadHtmlCacheBehavior [ RunTime:0.001000s ]
INFO: [ app_begin ] --END-- [ RunTime:0.001000s ]

[ 2017-06-20T10:59:58+08:00 ] ::1 /tangguowu/admin.php/Wares/add.html
INFO: [ app_begin ] --START--
INFO: Run Behavior\ReadHtmlCacheBehavior [ RunTime:0.001000s ]
INFO: [ app_begin ] --END-- [ RunTime:0.001000s ]

[ 2017-06-20T11:01:12+08:00 ] ::1 /tangguowu/admin.php/Wares/add.html
INFO: [ app_begin ] --START--
INFO: Run Behavior\ReadHtmlCacheBehavior [ RunTime:0.001000s ]
INFO: [ app_begin ] --END-- [ RunTime:0.001000s ]

[ 2017-06-20T11:01:16+08:00 ] ::1 /tangguowu/admin.php/Wares/add.html
INFO: [ app_begin ] --START--
INFO: Run Behavior\ReadHtmlCacheBehavior [ RunTime:0.000000s ]
INFO: [ app_begin ] --END-- [ RunTime:0.001000s ]

[ 2017-06-20T11:01:36+08:00 ] ::1 /tangguowu/admin.php/Wares/add.html
INFO: [ app_begin ] --START--
INFO: Run Behavior\ReadHtmlCacheBehavior [ RunTime:0.001000s ]
INFO: [ app_begin ] --END-- [ RunTime:0.001000s ]

[ 2017-06-20T11:01:41+08:00 ] ::1 /tangguowu/admin.php/Wares/add.html
INFO: [ app_begin ] --START--
INFO: Run Behavior\ReadHtmlCacheBehavior [ RunTime:0.000000s ]
INFO: [ app_begin ] --END-- [ RunTime:0.001000s ]

[ 2017-06-20T11:24:15+08:00 ] ::1 /tangguowu/admin.php/Wares/add.html
INFO: [ app_begin ] --START--
INFO: Run Behavior\ReadHtmlCacheBehavior [ RunTime:0.001000s ]
INFO: [ app_begin ] --END-- [ RunTime:0.001000s ]
NOTIC: [8] Undefined index: id D:\Apache24\htdocs\tangguowu\Application\Admin\Controller\WaresController.class.php 第 57 行.
SQL: SHOW COLUMNS FROM `tgwu_wares` [ RunTime:0.0080s ]
ERR: Think\Model:insert方法不存在！

[ 2017-06-20T11:27:34+08:00 ] ::1 /tangguowu/admin.php/Wares/add.html
INFO: [ app_begin ] --START--
INFO: Run Behavior\ReadHtmlCacheBehavior [ RunTime:0.001000s ]
INFO: [ app_begin ] --END-- [ RunTime:0.001000s ]
NOTIC: [8] Undefined index: id D:\Apache24\htdocs\tangguowu\Application\Admin\Controller\WaresController.class.php 第 57 行.
SQL: SHOW COLUMNS FROM `tgwu_wares` [ RunTime:0.0170s ]
ERR: 1364:Field 'wareSort' doesn't have a default value
 [ SQL语句 ] : INSERT INTO `tgwu_wares` (`wareName`,`categoryId`,`wareCover`,`wareMstChart`,`wareDesc`,`warePrice`,`status`,`wareCode`,`collTimes`,`browseTimes`,`inventory`,`discount`,`cutPrice`,`isNew`,`isHot`) VALUES ('tt','1','/upload/2017/06/20/5948952bb669b.png','/upload/2017/06/20/5948952f0286d.png','fsdfwerw','32.5','1','55446548','63','123','365','10','0','0','0')
ERR: 1364:Field 'wareSort' doesn't have a default value
 [ SQL语句 ] : INSERT INTO `tgwu_wares` (`wareName`,`categoryId`,`wareCover`,`wareMstChart`,`wareDesc`,`warePrice`,`status`,`wareCode`,`collTimes`,`browseTimes`,`inventory`,`discount`,`cutPrice`,`isNew`,`isHot`) VALUES ('tt','1','/upload/2017/06/20/5948952bb669b.png','/upload/2017/06/20/5948952f0286d.png','fsdfwerw','32.5','1','55446548','63','123','365','10','0','0','0')

[ 2017-06-20T13:12:16+08:00 ] ::1 /tangguowu/admin.php/Wares/add.html
INFO: [ app_begin ] --START--
INFO: Run Behavior\ReadHtmlCacheBehavior [ RunTime:0.001000s ]
INFO: [ app_begin ] --END-- [ RunTime:0.001000s ]
NOTIC: [8] Undefined index: id D:\Apache24\htdocs\tangguowu\Application\Admin\Controller\WaresController.class.php 第 57 行.
SQL: SHOW COLUMNS FROM `tgwu_wares` [ RunTime:0.0250s ]
ERR: 1364:Field 'wareSort' doesn't have a default value
 [ SQL语句 ] : INSERT INTO `tgwu_wares` (`wareName`,`categoryId`,`wareCover`,`wareMstChart`,`wareDesc`,`warePrice`,`status`,`wareCode`,`collTimes`,`browseTimes`,`inventory`,`discount`,`cutPrice`,`isNew`,`isHot`) VALUES ('wew','1','/upload/2017/06/20/5948ae8c1e356.png','/upload/2017/06/20/5948ae8fa5449.png','rwesdf','32.6','1','545625465','66','563','635','0','0','0','0')
ERR: 1364:Field 'wareSort' doesn't have a default value
 [ SQL语句 ] : INSERT INTO `tgwu_wares` (`wareName`,`categoryId`,`wareCover`,`wareMstChart`,`wareDesc`,`warePrice`,`status`,`wareCode`,`collTimes`,`browseTimes`,`inventory`,`discount`,`cutPrice`,`isNew`,`isHot`) VALUES ('wew','1','/upload/2017/06/20/5948ae8c1e356.png','/upload/2017/06/20/5948ae8fa5449.png','rwesdf','32.6','1','545625465','66','563','635','0','0','0','0')

[ 2017-06-20T13:13:33+08:00 ] ::1 /tangguowu/admin.php/Wares/add.html
INFO: [ app_begin ] --START--
INFO: Run Behavior\ReadHtmlCacheBehavior [ RunTime:0.001000s ]
INFO: [ app_begin ] --END-- [ RunTime:0.001000s ]
NOTIC: [8] Undefined index: id D:\Apache24\htdocs\tangguowu\Application\Admin\Controller\WaresController.class.php 第 57 行.
SQL: SHOW COLUMNS FROM `tgwu_wares` [ RunTime:0.0170s ]
SQL: INSERT INTO `tgwu_wares` (`wareName`,`categoryId`,`wareCover`,`wareMstChart`,`wareDesc`,`warePrice`,`status`,`wareCode`,`collTimes`,`browseTimes`,`inventory`,`discount`,`cutPrice`,`isNew`,`isHot`) VALUES ('wew','1','/upload/2017/06/20/5948ae8c1e356.png','/upload/2017/06/20/5948ae8fa5449.png','rwesdf','32.6','1','545625465','66','563','635','0','0','0','0') [ RunTime:0.1200s ]

[ 2017-06-20T13:18:15+08:00 ] ::1 /tangguowu/admin.php/Wares/edit.html?id=8
ERR: 非法操作:edit

[ 2017-06-20T13:25:22+08:00 ] ::1 /tangguowu/admin.php/Wares/edit.html?id=1
ERR: Think\Model:getWareById方法不存在！

[ 2017-06-20T13:31:09+08:00 ] ::1 /tangguowu/admin.php/Wares/add.html
INFO: [ app_begin ] --START--
INFO: Run Behavior\ReadHtmlCacheBehavior [ RunTime:0.000000s ]
INFO: [ app_begin ] --END-- [ RunTime:0.001000s ]

[ 2017-06-20T13:31:15+08:00 ] ::1 /tangguowu/admin.php/Wares/add.html
INFO: [ app_begin ] --START--
INFO: Run Behavior\ReadHtmlCacheBehavior [ RunTime:0.000000s ]
INFO: [ app_begin ] --END-- [ RunTime:0.001000s ]

[ 2017-06-20T13:33:00+08:00 ] ::1 /tangguowu/admin.php/Wares/add.html
INFO: [ app_begin ] --START--
INFO: Run Behavior\ReadHtmlCacheBehavior [ RunTime:0.001000s ]
INFO: [ app_begin ] --END-- [ RunTime:0.001000s ]

[ 2017-06-20T13:33:17+08:00 ] ::1 /tangguowu/admin.php/Wares/add.html
INFO: [ app_begin ] --START--
INFO: Run Behavior\ReadHtmlCacheBehavior [ RunTime:0.001000s ]
INFO: [ app_begin ] --END-- [ RunTime:0.001000s ]

[ 2017-06-20T13:33:22+08:00 ] ::1 /tangguowu/admin.php/Wares/add.html
INFO: [ app_begin ] --START--
INFO: Run Behavior\ReadHtmlCacheBehavior [ RunTime:0.000000s ]
INFO: [ app_begin ] --END-- [ RunTime:0.001000s ]

[ 2017-06-20T13:33:27+08:00 ] ::1 /tangguowu/admin.php/Wares/add.html
INFO: [ app_begin ] --START--
INFO: Run Behavior\ReadHtmlCacheBehavior [ RunTime:0.000000s ]
INFO: [ app_begin ] --END-- [ RunTime:0.001000s ]
NOTIC: [8] Undefined index: id D:\Apache24\htdocs\tangguowu\Application\Admin\Controller\WaresController.class.php 第 57 行.
SQL: SHOW COLUMNS FROM `tgwu_wares` [ RunTime:0.0070s ]
SQL: INSERT INTO `tgwu_wares` (`wareName`,`categoryId`,`wareCover`,`wareMstChart`,`wareDesc`,`warePrice`,`status`,`wareCode`,`collTimes`,`browseTimes`,`inventory`,`discount`,`cutPrice`,`isNew`,`isHot`) VALUES ('sfsf','1','/Public/Home/Image/u2.png','/Public/Home/Image/u2.png','sdfsadfgdafg','23.5','1','654685945','5','6','223','-1','20','0','0') [ RunTime:0.1200s ]

[ 2017-06-20T13:34:37+08:00 ] ::1 /tangguowu/admin.php/Wares/add.html
INFO: [ app_begin ] --START--
INFO: Run Behavior\ReadHtmlCacheBehavior [ RunTime:0.000000s ]
INFO: [ app_begin ] --END-- [ RunTime:0.001000s ]
NOTIC: [8] Undefined index: id D:\Apache24\htdocs\tangguowu\Application\Admin\Controller\WaresController.class.php 第 57 行.
SQL: SHOW COLUMNS FROM `tgwu_wares` [ RunTime:0.0080s ]
SQL: INSERT INTO `tgwu_wares` (`wareName`,`categoryId`,`wareCover`,`wareMstChart`,`wareDesc`,`warePrice`,`status`,`wareCode`,`collTimes`,`browseTimes`,`inventory`,`discount`,`cutPrice`,`isNew`,`isHot`) VALUES ('sfsf','1','/Public/Home/Image/u2.png','/Public/Home/Image/u2.png','sdfsadfgdafg','23.5','1','654685945','5','6','223','-1','3','0','0') [ RunTime:0.0510s ]

[ 2017-06-20T13:36:08+08:00 ] ::1 /tangguowu/admin.php/Carousel/add
INFO: [ app_begin ] --START--
INFO: Run Behavior\ReadHtmlCacheBehavior [ RunTime:0.001000s ]
INFO: [ app_begin ] --END-- [ RunTime:0.001000s ]

[ 2017-06-20T13:36:27+08:00 ] ::1 /tangguowu/admin.php/Carousel/add
INFO: [ app_begin ] --START--
INFO: Run Behavior\ReadHtmlCacheBehavior [ RunTime:0.001000s ]
INFO: [ app_begin ] --END-- [ RunTime:0.001000s ]

[ 2017-06-20T13:36:44+08:00 ] ::1 /tangguowu/admin.php/Carousel/add
INFO: [ app_begin ] --START--
INFO: Run Behavior\ReadHtmlCacheBehavior [ RunTime:0.001000s ]
INFO: [ app_begin ] --END-- [ RunTime:0.001000s ]

[ 2017-06-20T13:37:16+08:00 ] ::1 /tangguowu/admin.php/Carousel/add
INFO: [ app_begin ] --START--
INFO: Run Behavior\ReadHtmlCacheBehavior [ RunTime:0.001000s ]
INFO: [ app_begin ] --END-- [ RunTime:0.001000s ]

[ 2017-06-20T13:37:37+08:00 ] ::1 /tangguowu/admin.php/Carousel/edit
INFO: [ app_begin ] --START--
INFO: Run Behavior\ReadHtmlCacheBehavior [ RunTime:0.001000s ]
INFO: [ app_begin ] --END-- [ RunTime:0.001000s ]
NOTIC: [8] Undefined index: id D:\Apache24\htdocs\tangguowu\Application\Admin\Controller\CarouselController.class.php 第 34 行.

[ 2017-06-20T13:37:37+08:00 ] ::1 /tangguowu/admin.php/Carousel/index.html
INFO: [ app_begin ] --START--
INFO: Run Behavior\ReadHtmlCacheBehavior [ RunTime:0.000000s ]
INFO: [ app_begin ] --END-- [ RunTime:0.001000s ]
NOTIC: [8] Undefined index: p D:\Apache24\htdocs\tangguowu\Application\Admin\Controller\CarouselController.class.php 第 19 行.
SQL: SHOW COLUMNS FROM `tgwu_carousel` [ RunTime:0.0080s ]
SQL: SELECT * FROM `tgwu_carousel` ORDER BY `carouselSort` desc LIMIT 0,5   [ RunTime:0.0010s ]
SQL: SELECT COUNT(id) AS tp_count FROM `tgwu_carousel` LIMIT 1   [ RunTime:0.0000s ]
INFO: [ view_parse ] --START--
INFO: [ template_filter ] --START--
INFO: Run Behavior\ContentReplaceBehavior [ RunTime:0.000000s ]
INFO: [ template_filter ] --END-- [ RunTime:0.000000s ]
INFO: Run Behavior\ParseTemplateBehavior [ RunTime:0.008000s ]
INFO: [ view_parse ] --END-- [ RunTime:0.008000s ]
INFO: [ view_filter ] --START--
INFO: Run Behavior\WriteHtmlCacheBehavior [ RunTime:0.000000s ]
INFO: [ view_filter ] --END-- [ RunTime:0.000000s ]
INFO: [ app_end ] --START--
INFO: Run Behavior\ShowPageTraceBehavior [ RunTime:0.001000s ]
INFO: [ app_end ] --END-- [ RunTime:0.001000s ]

[ 2017-06-20T13:37:56+08:00 ] ::1 /tangguowu/admin.php/Carousel/edit
INFO: [ app_begin ] --START--
INFO: Run Behavior\ReadHtmlCacheBehavior [ RunTime:0.001000s ]
INFO: [ app_begin ] --END-- [ RunTime:0.001000s ]
NOTIC: [8] Undefined index: id D:\Apache24\htdocs\tangguowu\Application\Admin\Controller\CarouselController.class.php 第 34 行.

[ 2017-06-20T13:37:56+08:00 ] ::1 /tangguowu/admin.php/Carousel/index.html
INFO: [ app_begin ] --START--
INFO: Run Behavior\ReadHtmlCacheBehavior [ RunTime:0.001000s ]
INFO: [ app_begin ] --END-- [ RunTime:0.001000s ]
NOTIC: [8] Undefined index: p D:\Apache24\htdocs\tangguowu\Application\Admin\Controller\CarouselController.class.php 第 19 行.
SQL: SHOW COLUMNS FROM `tgwu_carousel` [ RunTime:0.0060s ]
SQL: SELECT * FROM `tgwu_carousel` ORDER BY `carouselSort` desc LIMIT 0,5   [ RunTime:0.0000s ]
SQL: SELECT COUNT(id) AS tp_count FROM `tgwu_carousel` LIMIT 1   [ RunTime:0.0000s ]
INFO: [ view_parse ] --START--
INFO: [ template_filter ] --START--
INFO: Run Behavior\ContentReplaceBehavior [ RunTime:0.000000s ]
INFO: [ template_filter ] --END-- [ RunTime:0.000000s ]
INFO: Run Behavior\ParseTemplateBehavior [ RunTime:0.008000s ]
INFO: [ view_parse ] --END-- [ RunTime:0.008000s ]
INFO: [ view_filter ] --START--
INFO: Run Behavior\WriteHtmlCacheBehavior [ RunTime:0.000000s ]
INFO: [ view_filter ] --END-- [ RunTime:0.000000s ]
INFO: [ app_end ] --START--
INFO: Run Behavior\ShowPageTraceBehavior [ RunTime:0.001000s ]
INFO: [ app_end ] --END-- [ RunTime:0.001000s ]

[ 2017-06-20T13:40:12+08:00 ] ::1 /tangguowu/admin.php/Wares/edit.html
INFO: [ app_begin ] --START--
INFO: Run Behavior\ReadHtmlCacheBehavior [ RunTime:0.001000s ]
INFO: [ app_begin ] --END-- [ RunTime:0.001000s ]
NOTIC: [8] Undefined index: id D:\Apache24\htdocs\tangguowu\Application\Admin\Controller\WaresController.class.php 第 74 行.

[ 2017-06-20T13:40:12+08:00 ] ::1 /tangguowu/admin.php/Wares/index.html
INFO: [ app_begin ] --START--
INFO: Run Behavior\ReadHtmlCacheBehavior [ RunTime:0.001000s ]
INFO: [ app_begin ] --END-- [ RunTime:0.001000s ]
NOTIC: [8] Undefined index: p D:\Apache24\htdocs\tangguowu\Application\Admin\Controller\WaresController.class.php 第 16 行.
SQL: SHOW COLUMNS FROM `tgwu_wares` [ RunTime:0.0080s ]
SQL: SELECT * FROM `tgwu_wares` ORDER BY `wareSort` desc LIMIT 0,5   [ RunTime:0.0010s ]
SQL: SELECT COUNT(id) AS tp_count FROM `tgwu_wares` LIMIT 1   [ RunTime:0.0000s ]
INFO: [ view_parse ] --START--
INFO: [ template_filter ] --START--
INFO: Run Behavior\ContentReplaceBehavior [ RunTime:0.000000s ]
INFO: [ template_filter ] --END-- [ RunTime:0.000000s ]
INFO: Run Behavior\ParseTemplateBehavior [ RunTime:0.011001s ]
INFO: [ view_parse ] --END-- [ RunTime:0.011001s ]
INFO: [ view_filter ] --START--
INFO: Run Behavior\WriteHtmlCacheBehavior [ RunTime:0.000000s ]
INFO: [ view_filter ] --END-- [ RunTime:0.000000s ]
INFO: [ app_end ] --START--
INFO: Run Behavior\ShowPageTraceBehavior [ RunTime:0.001000s ]
INFO: [ app_end ] --END-- [ RunTime:0.001000s ]

[ 2017-06-20T13:40:36+08:00 ] ::1 /tangguowu/admin.php/Wares/edit.html
INFO: [ app_begin ] --START--
INFO: Run Behavior\ReadHtmlCacheBehavior [ RunTime:0.000000s ]
INFO: [ app_begin ] --END-- [ RunTime:0.000000s ]
NOTIC: [8] Undefined index: id D:\Apache24\htdocs\tangguowu\Application\Admin\Controller\WaresController.class.php 第 74 行.

[ 2017-06-20T13:40:36+08:00 ] ::1 /tangguowu/admin.php/Wares/index.html
INFO: [ app_begin ] --START--
INFO: Run Behavior\ReadHtmlCacheBehavior [ RunTime:0.001001s ]
INFO: [ app_begin ] --END-- [ RunTime:0.002001s ]
NOTIC: [8] Undefined index: p D:\Apache24\htdocs\tangguowu\Application\Admin\Controller\WaresController.class.php 第 16 行.
SQL: SHOW COLUMNS FROM `tgwu_wares` [ RunTime:0.0070s ]
SQL: SELECT * FROM `tgwu_wares` ORDER BY `wareSort` desc LIMIT 0,5   [ RunTime:0.0010s ]
SQL: SELECT COUNT(id) AS tp_count FROM `tgwu_wares` LIMIT 1   [ RunTime:0.0000s ]
INFO: [ view_parse ] --START--
INFO: [ template_filter ] --START--
INFO: Run Behavior\ContentReplaceBehavior [ RunTime:0.000000s ]
INFO: [ template_filter ] --END-- [ RunTime:0.000000s ]
INFO: Run Behavior\ParseTemplateBehavior [ RunTime:0.012000s ]
INFO: [ view_parse ] --END-- [ RunTime:0.012000s ]
INFO: [ view_filter ] --START--
INFO: Run Behavior\WriteHtmlCacheBehavior [ RunTime:0.000000s ]
INFO: [ view_filter ] --END-- [ RunTime:0.000000s ]
INFO: [ app_end ] --START--
INFO: Run Behavior\ShowPageTraceBehavior [ RunTime:0.001000s ]
INFO: [ app_end ] --END-- [ RunTime:0.001000s ]

[ 2017-06-20T13:42:39+08:00 ] ::1 /tangguowu/admin.php/Wares/edit.html
INFO: [ app_begin ] --START--
INFO: Run Behavior\ReadHtmlCacheBehavior [ RunTime:0.001000s ]
INFO: [ app_begin ] --END-- [ RunTime:0.001000s ]
NOTIC: [8] Undefined index: id D:\Apache24\htdocs\tangguowu\Application\Admin\Controller\WaresController.class.php 第 74 行.

[ 2017-06-20T13:42:39+08:00 ] ::1 /tangguowu/admin.php/Wares/index.html
INFO: [ app_begin ] --START--
INFO: Run Behavior\ReadHtmlCacheBehavior [ RunTime:0.001000s ]
INFO: [ app_begin ] --END-- [ RunTime:0.001000s ]
NOTIC: [8] Undefined index: p D:\Apache24\htdocs\tangguowu\Application\Admin\Controller\WaresController.class.php 第 16 行.
SQL: SHOW COLUMNS FROM `tgwu_wares` [ RunTime:0.0050s ]
SQL: SELECT * FROM `tgwu_wares` ORDER BY `wareSort` desc LIMIT 0,5   [ RunTime:0.0010s ]
SQL: SELECT COUNT(id) AS tp_count FROM `tgwu_wares` LIMIT 1   [ RunTime:0.0000s ]
INFO: [ view_parse ] --START--
INFO: [ template_filter ] --START--
INFO: Run Behavior\ContentReplaceBehavior [ RunTime:0.000000s ]
INFO: [ template_filter ] --END-- [ RunTime:0.000000s ]
INFO: Run Behavior\ParseTemplateBehavior [ RunTime:0.008000s ]
INFO: [ view_parse ] --END-- [ RunTime:0.008000s ]
INFO: [ view_filter ] --START--
INFO: Run Behavior\WriteHtmlCacheBehavior [ RunTime:0.001000s ]
INFO: [ view_filter ] --END-- [ RunTime:0.001000s ]
INFO: [ app_end ] --START--
INFO: Run Behavior\ShowPageTraceBehavior [ RunTime:0.001000s ]
INFO: [ app_end ] --END-- [ RunTime:0.001000s ]

[ 2017-06-20T13:50:22+08:00 ] ::1 /tangguowu/admin.php/Wares/add.html
INFO: [ app_begin ] --START--
INFO: Run Behavior\ReadHtmlCacheBehavior [ RunTime:0.000000s ]
INFO: [ app_begin ] --END-- [ RunTime:0.000000s ]
SQL: SHOW COLUMNS FROM `tgwu_wares` [ RunTime:0.0050s ]
SQL: UPDATE `tgwu_wares` SET `wareName`='sfsf',`categoryId`='1',`wareCover`='/Public/Home/Image/u2.png',`wareMstChart`='/Public/Home/Image/u2.png',`wareDesc`='sdfsadfgdafg',`warePrice`='23.5',`status`='1',`wareCode`='654685945',`collTimes`='5',`browseTimes`='6',`inventory`='223',`discount`='-1',`cutPrice`='4',`isNew`='0',`isHot`='0' WHERE ( id=9 ) [ RunTime:0.0850s ]

[ 2017-06-20T13:50:56+08:00 ] ::1 /tangguowu/admin.php/Wares/add.html
INFO: [ app_begin ] --START--
INFO: Run Behavior\ReadHtmlCacheBehavior [ RunTime:0.001000s ]
INFO: [ app_begin ] --END-- [ RunTime:0.001000s ]
SQL: SHOW COLUMNS FROM `tgwu_wares` [ RunTime:0.0070s ]
SQL: UPDATE `tgwu_wares` SET `wareName`='32323',`categoryId`='1',`wareCover`='/upload/2017/06/20/5948b7b3e0cd8.png',`wareMstChart`='/upload/2017/06/20/5948b7bac1e49.png',`wareDesc`='sdfsadfgdafg',`warePrice`='23.5',`status`='1',`wareCode`='654685945',`collTimes`='5',`browseTimes`='6',`inventory`='223',`discount`='-1',`cutPrice`='3',`isNew`='0',`isHot`='0' WHERE ( id=10 ) [ RunTime:0.0420s ]

