[ 2017-06-19T08:51:56+08:00 ] ::1 /tangguowu/admin.php/Login/check
INFO: [ app_begin ] --START--
INFO: Run Behavior\ReadHtmlCacheBehavior [ RunTime:0.001000s ]
INFO: [ app_begin ] --END-- [ RunTime:0.001000s ]
SQL: SHOW COLUMNS FROM `tgwu_admin` [ RunTime:0.0940s ]
SQL: SELECT * FROM `tgwu_admin` WHERE ( adminName="zhuyl" ) LIMIT 1   [ RunTime:0.0010s ]

[ 2017-06-19T08:52:45+08:00 ] ::1 /tangguowu/admin.php/Invitation/index.html
ERR: 模板不存在:./Application/Admin/View/Invitation/index.html

[ 2017-06-19T08:53:18+08:00 ] ::1 /tangguowu/admin.php/Invitation/index.html
ERR: 非法操作:index

[ 2017-06-19T08:53:21+08:00 ] ::1 /tangguowu/admin.php/Invitation/index.html
ERR: 非法操作:index

[ 2017-06-19T08:54:06+08:00 ] ::1 /tangguowu/admin.php/Invitation/undefined
ERR: 非法操作:undefined

[ 2017-06-19T08:54:13+08:00 ] ::1 /tangguowu/admin.php/Invitation/index.html
ERR: 非法操作:index

[ 2017-06-19T08:56:08+08:00 ] ::1 /tangguowu/admin.php/Invitation/undefined
ERR: 非法操作:undefined

[ 2017-06-19T09:12:01+08:00 ] ::1 /tangguowu/admin.php/Invitation/index/p/1.html
INFO: [ app_begin ] --START--
INFO: Run Behavior\ReadHtmlCacheBehavior [ RunTime:0.000000s ]
INFO: [ app_begin ] --END-- [ RunTime:0.001001s ]
SQL: SHOW COLUMNS FROM `tgwu_invitation` [ RunTime:0.0160s ]
SQL: SELECT * FROM `tgwu_invitation` ORDER BY `id` desc LIMIT 0,5   [ RunTime:0.0000s ]
SQL: SELECT COUNT(id) AS tp_count FROM `tgwu_invitation` LIMIT 1   [ RunTime:0.0010s ]
INFO: [ view_parse ] --START--
INFO: [ template_filter ] --START--
INFO: Run Behavior\ContentReplaceBehavior [ RunTime:0.000000s ]
INFO: [ template_filter ] --END-- [ RunTime:0.000000s ]
INFO: Run Behavior\ParseTemplateBehavior [ RunTime:0.007001s ]
INFO: [ view_parse ] --END-- [ RunTime:0.007001s ]
INFO: [ view_filter ] --START--
INFO: Run Behavior\WriteHtmlCacheBehavior [ RunTime:0.001000s ]
INFO: [ view_filter ] --END-- [ RunTime:0.001000s ]
INFO: [ app_end ] --START--
INFO: Run Behavior\ShowPageTraceBehavior [ RunTime:0.001000s ]
INFO: [ app_end ] --END-- [ RunTime:0.001000s ]

[ 2017-06-19T09:32:29+08:00 ] ::1 /tangguowu/admin.php/Invitation/delete.html
INFO: [ app_begin ] --START--
INFO: Run Behavior\ReadHtmlCacheBehavior [ RunTime:0.001000s ]
INFO: [ app_begin ] --END-- [ RunTime:0.001000s ]
SQL: SHOW COLUMNS FROM `tgwu_invitation` [ RunTime:0.0200s ]
SQL: DELETE FROM `tgwu_invitation` WHERE ( id= 6 ) [ RunTime:0.2090s ]

[ 2017-06-19T13:30:34+08:00 ] ::1 /tangguowu/admin.php/Invitation/search.html
INFO: [ app_begin ] --START--
INFO: Run Behavior\ReadHtmlCacheBehavior [ RunTime:0.000000s ]
INFO: [ app_begin ] --END-- [ RunTime:0.001000s ]
INFO: [ app_end ] --START--
INFO: Run Behavior\ShowPageTraceBehavior [ RunTime:0.001000s ]
INFO: [ app_end ] --END-- [ RunTime:0.001000s ]

[ 2017-06-19T13:30:48+08:00 ] ::1 /tangguowu/admin.php/Invitation/search.html
INFO: [ app_begin ] --START--
INFO: Run Behavior\ReadHtmlCacheBehavior [ RunTime:0.001000s ]
INFO: [ app_begin ] --END-- [ RunTime:0.001000s ]
INFO: [ app_end ] --START--
INFO: Run Behavior\ShowPageTraceBehavior [ RunTime:0.001000s ]
INFO: [ app_end ] --END-- [ RunTime:0.001000s ]

[ 2017-06-19T13:32:47+08:00 ] ::1 /tangguowu/admin.php/Invitation/search.html
INFO: [ app_begin ] --START--
INFO: Run Behavior\ReadHtmlCacheBehavior [ RunTime:0.001000s ]
INFO: [ app_begin ] --END-- [ RunTime:0.001000s ]
INFO: [ app_end ] --START--
INFO: Run Behavior\ShowPageTraceBehavior [ RunTime:0.000000s ]
INFO: [ app_end ] --END-- [ RunTime:0.000000s ]

[ 2017-06-19T13:32:57+08:00 ] ::1 /tangguowu/admin.php/Invitation/search.html
INFO: [ app_begin ] --START--
INFO: Run Behavior\ReadHtmlCacheBehavior [ RunTime:0.001000s ]
INFO: [ app_begin ] --END-- [ RunTime:0.001000s ]
INFO: [ app_end ] --START--
INFO: Run Behavior\ShowPageTraceBehavior [ RunTime:0.001000s ]
INFO: [ app_end ] --END-- [ RunTime:0.001000s ]

[ 2017-06-19T13:33:17+08:00 ] ::1 /tangguowu/admin.php/Invitation/search.html
INFO: [ app_begin ] --START--
INFO: Run Behavior\ReadHtmlCacheBehavior [ RunTime:0.000000s ]
INFO: [ app_begin ] --END-- [ RunTime:0.001000s ]
INFO: [ app_end ] --START--
INFO: Run Behavior\ShowPageTraceBehavior [ RunTime:0.000000s ]
INFO: [ app_end ] --END-- [ RunTime:0.000000s ]

[ 2017-06-19T13:33:44+08:00 ] ::1 /tangguowu/admin.php/Invitation/search.html
INFO: [ app_begin ] --START--
INFO: Run Behavior\ReadHtmlCacheBehavior [ RunTime:0.001000s ]
INFO: [ app_begin ] --END-- [ RunTime:0.001000s ]
INFO: [ app_end ] --START--
INFO: Run Behavior\ShowPageTraceBehavior [ RunTime:0.001000s ]
INFO: [ app_end ] --END-- [ RunTime:0.001000s ]

[ 2017-06-19T13:36:07+08:00 ] ::1 /tangguowu/admin.php/Invitation/search.html
INFO: [ app_begin ] --START--
INFO: Run Behavior\ReadHtmlCacheBehavior [ RunTime:0.001000s ]
INFO: [ app_begin ] --END-- [ RunTime:0.001000s ]
INFO: [ app_end ] --START--
INFO: Run Behavior\ShowPageTraceBehavior [ RunTime:0.000000s ]
INFO: [ app_end ] --END-- [ RunTime:0.000000s ]

[ 2017-06-19T13:37:02+08:00 ] ::1 /tangguowu/admin.php/Invitation/search.html
INFO: [ app_begin ] --START--
INFO: Run Behavior\ReadHtmlCacheBehavior [ RunTime:0.000000s ]
INFO: [ app_begin ] --END-- [ RunTime:0.001000s ]
INFO: [ app_end ] --START--
INFO: Run Behavior\ShowPageTraceBehavior [ RunTime:0.001000s ]
INFO: [ app_end ] --END-- [ RunTime:0.001000s ]

[ 2017-06-19T13:37:04+08:00 ] ::1 /tangguowu/admin.php/Invitation/search.html
INFO: [ app_begin ] --START--
INFO: Run Behavior\ReadHtmlCacheBehavior [ RunTime:0.001000s ]
INFO: [ app_begin ] --END-- [ RunTime:0.001000s ]
INFO: [ app_end ] --START--
INFO: Run Behavior\ShowPageTraceBehavior [ RunTime:0.001001s ]
INFO: [ app_end ] --END-- [ RunTime:0.001001s ]

[ 2017-06-19T13:37:05+08:00 ] ::1 /tangguowu/admin.php/Invitation/search.html
INFO: [ app_begin ] --START--
INFO: Run Behavior\ReadHtmlCacheBehavior [ RunTime:0.000000s ]
INFO: [ app_begin ] --END-- [ RunTime:0.001000s ]
INFO: [ app_end ] --START--
INFO: Run Behavior\ShowPageTraceBehavior [ RunTime:0.000000s ]
INFO: [ app_end ] --END-- [ RunTime:0.000000s ]

[ 2017-06-19T13:37:05+08:00 ] ::1 /tangguowu/admin.php/Invitation/search.html
INFO: [ app_begin ] --START--
INFO: Run Behavior\ReadHtmlCacheBehavior [ RunTime:0.000000s ]
INFO: [ app_begin ] --END-- [ RunTime:0.001000s ]
INFO: [ app_end ] --START--
INFO: Run Behavior\ShowPageTraceBehavior [ RunTime:0.001000s ]
INFO: [ app_end ] --END-- [ RunTime:0.001000s ]

[ 2017-06-19T13:37:05+08:00 ] ::1 /tangguowu/admin.php/Invitation/search.html
INFO: [ app_begin ] --START--
INFO: Run Behavior\ReadHtmlCacheBehavior [ RunTime:0.001000s ]
INFO: [ app_begin ] --END-- [ RunTime:0.001000s ]
INFO: [ app_end ] --START--
INFO: Run Behavior\ShowPageTraceBehavior [ RunTime:0.000000s ]
INFO: [ app_end ] --END-- [ RunTime:0.000000s ]

[ 2017-06-19T13:37:05+08:00 ] ::1 /tangguowu/admin.php/Invitation/search.html
INFO: [ app_begin ] --START--
INFO: Run Behavior\ReadHtmlCacheBehavior [ RunTime:0.000000s ]
INFO: [ app_begin ] --END-- [ RunTime:0.000000s ]
INFO: [ app_end ] --START--
INFO: Run Behavior\ShowPageTraceBehavior [ RunTime:0.001000s ]
INFO: [ app_end ] --END-- [ RunTime:0.001000s ]

[ 2017-06-19T13:37:42+08:00 ] ::1 /tangguowu/admin.php/Invitation/search.html
INFO: [ app_begin ] --START--
INFO: Run Behavior\ReadHtmlCacheBehavior [ RunTime:0.000000s ]
INFO: [ app_begin ] --END-- [ RunTime:0.001001s ]
INFO: [ app_end ] --START--
INFO: Run Behavior\ShowPageTraceBehavior [ RunTime:0.000000s ]
INFO: [ app_end ] --END-- [ RunTime:0.000000s ]

[ 2017-06-19T13:41:16+08:00 ] ::1 /tangguowu/admin.php/Invitation/search.html
INFO: [ app_begin ] --START--
INFO: Run Behavior\ReadHtmlCacheBehavior [ RunTime:0.000000s ]
INFO: [ app_begin ] --END-- [ RunTime:0.000000s ]
INFO: [ app_end ] --START--
INFO: Run Behavior\ShowPageTraceBehavior [ RunTime:0.000000s ]
INFO: [ app_end ] --END-- [ RunTime:0.000000s ]

[ 2017-06-19T13:41:17+08:00 ] ::1 /tangguowu/admin.php/Invitation/search.html
INFO: [ app_begin ] --START--
INFO: Run Behavior\ReadHtmlCacheBehavior [ RunTime:0.000000s ]
INFO: [ app_begin ] --END-- [ RunTime:0.001000s ]
INFO: [ app_end ] --START--
INFO: Run Behavior\ShowPageTraceBehavior [ RunTime:0.000000s ]
INFO: [ app_end ] --END-- [ RunTime:0.000000s ]

[ 2017-06-19T13:41:18+08:00 ] ::1 /tangguowu/admin.php/Invitation/search.html
INFO: [ app_begin ] --START--
INFO: Run Behavior\ReadHtmlCacheBehavior [ RunTime:0.001000s ]
INFO: [ app_begin ] --END-- [ RunTime:0.001000s ]
INFO: [ app_end ] --START--
INFO: Run Behavior\ShowPageTraceBehavior [ RunTime:0.000000s ]
INFO: [ app_end ] --END-- [ RunTime:0.000000s ]

[ 2017-06-19T13:41:18+08:00 ] ::1 /tangguowu/admin.php/Invitation/search.html
INFO: [ app_begin ] --START--
INFO: Run Behavior\ReadHtmlCacheBehavior [ RunTime:0.000000s ]
INFO: [ app_begin ] --END-- [ RunTime:0.000000s ]
INFO: [ app_end ] --START--
INFO: Run Behavior\ShowPageTraceBehavior [ RunTime:0.001001s ]
INFO: [ app_end ] --END-- [ RunTime:0.001001s ]

[ 2017-06-19T13:41:18+08:00 ] ::1 /tangguowu/admin.php/Invitation/search.html
INFO: [ app_begin ] --START--
INFO: Run Behavior\ReadHtmlCacheBehavior [ RunTime:0.000000s ]
INFO: [ app_begin ] --END-- [ RunTime:0.000000s ]
INFO: [ app_end ] --START--
INFO: Run Behavior\ShowPageTraceBehavior [ RunTime:0.001000s ]
INFO: [ app_end ] --END-- [ RunTime:0.001000s ]

[ 2017-06-19T13:41:18+08:00 ] ::1 /tangguowu/admin.php/Invitation/search.html
INFO: [ app_begin ] --START--
INFO: Run Behavior\ReadHtmlCacheBehavior [ RunTime:0.000000s ]
INFO: [ app_begin ] --END-- [ RunTime:0.000000s ]
INFO: [ app_end ] --START--
INFO: Run Behavior\ShowPageTraceBehavior [ RunTime:0.000000s ]
INFO: [ app_end ] --END-- [ RunTime:0.000000s ]

[ 2017-06-19T13:41:19+08:00 ] ::1 /tangguowu/admin.php/Invitation/search.html
INFO: [ app_begin ] --START--
INFO: Run Behavior\ReadHtmlCacheBehavior [ RunTime:0.000000s ]
INFO: [ app_begin ] --END-- [ RunTime:0.001000s ]
INFO: [ app_end ] --START--
INFO: Run Behavior\ShowPageTraceBehavior [ RunTime:0.000000s ]
INFO: [ app_end ] --END-- [ RunTime:0.000000s ]

[ 2017-06-19T13:41:19+08:00 ] ::1 /tangguowu/admin.php/Invitation/search.html
INFO: [ app_begin ] --START--
INFO: Run Behavior\ReadHtmlCacheBehavior [ RunTime:0.000000s ]
INFO: [ app_begin ] --END-- [ RunTime:0.000000s ]
INFO: [ app_end ] --START--
INFO: Run Behavior\ShowPageTraceBehavior [ RunTime:0.001000s ]
INFO: [ app_end ] --END-- [ RunTime:0.001000s ]

[ 2017-06-19T13:41:19+08:00 ] ::1 /tangguowu/admin.php/Invitation/search.html
INFO: [ app_begin ] --START--
INFO: Run Behavior\ReadHtmlCacheBehavior [ RunTime:0.001000s ]
INFO: [ app_begin ] --END-- [ RunTime:0.001000s ]
INFO: [ app_end ] --START--
INFO: Run Behavior\ShowPageTraceBehavior [ RunTime:0.000000s ]
INFO: [ app_end ] --END-- [ RunTime:0.000000s ]

[ 2017-06-19T13:41:21+08:00 ] ::1 /tangguowu/admin.php/Invitation/search.html
INFO: [ app_begin ] --START--
INFO: Run Behavior\ReadHtmlCacheBehavior [ RunTime:0.001000s ]
INFO: [ app_begin ] --END-- [ RunTime:0.001000s ]
INFO: [ app_end ] --START--
INFO: Run Behavior\ShowPageTraceBehavior [ RunTime:0.000000s ]
INFO: [ app_end ] --END-- [ RunTime:0.000000s ]

[ 2017-06-19T13:41:22+08:00 ] ::1 /tangguowu/admin.php/Invitation/search.html
INFO: [ app_begin ] --START--
INFO: Run Behavior\ReadHtmlCacheBehavior [ RunTime:0.001000s ]
INFO: [ app_begin ] --END-- [ RunTime:0.001000s ]
INFO: [ app_end ] --START--
INFO: Run Behavior\ShowPageTraceBehavior [ RunTime:0.000000s ]
INFO: [ app_end ] --END-- [ RunTime:0.000000s ]

[ 2017-06-19T13:41:22+08:00 ] ::1 /tangguowu/admin.php/Invitation/search.html
INFO: [ app_begin ] --START--
INFO: Run Behavior\ReadHtmlCacheBehavior [ RunTime:0.000000s ]
INFO: [ app_begin ] --END-- [ RunTime:0.001000s ]
INFO: [ app_end ] --START--
INFO: Run Behavior\ShowPageTraceBehavior [ RunTime:0.000000s ]
INFO: [ app_end ] --END-- [ RunTime:0.000000s ]

[ 2017-06-19T13:41:22+08:00 ] ::1 /tangguowu/admin.php/Invitation/search.html
INFO: [ app_begin ] --START--
INFO: Run Behavior\ReadHtmlCacheBehavior [ RunTime:0.000000s ]
INFO: [ app_begin ] --END-- [ RunTime:0.000000s ]
INFO: [ app_end ] --START--
INFO: Run Behavior\ShowPageTraceBehavior [ RunTime:0.000000s ]
INFO: [ app_end ] --END-- [ RunTime:0.001000s ]

[ 2017-06-19T13:41:22+08:00 ] ::1 /tangguowu/admin.php/Invitation/search.html
INFO: [ app_begin ] --START--
INFO: Run Behavior\ReadHtmlCacheBehavior [ RunTime:0.000000s ]
INFO: [ app_begin ] --END-- [ RunTime:0.001000s ]
INFO: [ app_end ] --START--
INFO: Run Behavior\ShowPageTraceBehavior [ RunTime:0.001000s ]
INFO: [ app_end ] --END-- [ RunTime:0.001000s ]

[ 2017-06-19T13:41:34+08:00 ] ::1 /tangguowu/admin.php/Invitation/search.html
INFO: [ app_begin ] --START--
INFO: Run Behavior\ReadHtmlCacheBehavior [ RunTime:0.001000s ]
INFO: [ app_begin ] --END-- [ RunTime:0.001000s ]
INFO: [ app_end ] --START--
INFO: Run Behavior\ShowPageTraceBehavior [ RunTime:0.000000s ]
INFO: [ app_end ] --END-- [ RunTime:0.000000s ]

[ 2017-06-19T13:42:21+08:00 ] ::1 /tangguowu/admin.php/Invitation/search.html
INFO: [ app_begin ] --START--
INFO: Run Behavior\ReadHtmlCacheBehavior [ RunTime:0.000000s ]
INFO: [ app_begin ] --END-- [ RunTime:0.000000s ]
INFO: [ app_end ] --START--
INFO: Run Behavior\ShowPageTraceBehavior [ RunTime:0.000000s ]
INFO: [ app_end ] --END-- [ RunTime:0.000000s ]

[ 2017-06-19T13:43:08+08:00 ] ::1 /tangguowu/admin.php/Invitation/search.html
INFO: [ app_begin ] --START--
INFO: Run Behavior\ReadHtmlCacheBehavior [ RunTime:0.002000s ]
INFO: [ app_begin ] --END-- [ RunTime:0.002000s ]
INFO: [ app_end ] --START--
INFO: Run Behavior\ShowPageTraceBehavior [ RunTime:0.000000s ]
INFO: [ app_end ] --END-- [ RunTime:0.000000s ]

[ 2017-06-19T13:43:30+08:00 ] ::1 /tangguowu/admin.php/Invitation/search.html
INFO: [ app_begin ] --START--
INFO: Run Behavior\ReadHtmlCacheBehavior [ RunTime:0.001000s ]
INFO: [ app_begin ] --END-- [ RunTime:0.001000s ]
INFO: [ app_end ] --START--
INFO: Run Behavior\ShowPageTraceBehavior [ RunTime:0.001000s ]
INFO: [ app_end ] --END-- [ RunTime:0.001000s ]

[ 2017-06-19T13:43:32+08:00 ] ::1 /tangguowu/admin.php/Invitation/search.html
INFO: [ app_begin ] --START--
INFO: Run Behavior\ReadHtmlCacheBehavior [ RunTime:0.000000s ]
INFO: [ app_begin ] --END-- [ RunTime:0.001000s ]
INFO: [ app_end ] --START--
INFO: Run Behavior\ShowPageTraceBehavior [ RunTime:0.001000s ]
INFO: [ app_end ] --END-- [ RunTime:0.001000s ]

[ 2017-06-19T13:43:33+08:00 ] ::1 /tangguowu/admin.php/Invitation/search.html
INFO: [ app_begin ] --START--
INFO: Run Behavior\ReadHtmlCacheBehavior [ RunTime:0.000000s ]
INFO: [ app_begin ] --END-- [ RunTime:0.001000s ]
INFO: [ app_end ] --START--
INFO: Run Behavior\ShowPageTraceBehavior [ RunTime:0.001000s ]
INFO: [ app_end ] --END-- [ RunTime:0.001000s ]

[ 2017-06-19T13:43:34+08:00 ] ::1 /tangguowu/admin.php/Invitation/search.html
INFO: [ app_begin ] --START--
INFO: Run Behavior\ReadHtmlCacheBehavior [ RunTime:0.000000s ]
INFO: [ app_begin ] --END-- [ RunTime:0.000000s ]
INFO: [ app_end ] --START--
INFO: Run Behavior\ShowPageTraceBehavior [ RunTime:0.000000s ]
INFO: [ app_end ] --END-- [ RunTime:0.000000s ]

[ 2017-06-19T13:44:40+08:00 ] ::1 /tangguowu/admin.php/Invitation/search.html
INFO: [ app_begin ] --START--
INFO: Run Behavior\ReadHtmlCacheBehavior [ RunTime:0.000000s ]
INFO: [ app_begin ] --END-- [ RunTime:0.001001s ]
INFO: [ app_end ] --START--
INFO: Run Behavior\ShowPageTraceBehavior [ RunTime:0.000000s ]
INFO: [ app_end ] --END-- [ RunTime:0.001000s ]

[ 2017-06-19T13:47:22+08:00 ] ::1 /tangguowu/admin.php/Invitation/search.html
INFO: [ app_begin ] --START--
INFO: Run Behavior\ReadHtmlCacheBehavior [ RunTime:0.001000s ]
INFO: [ app_begin ] --END-- [ RunTime:0.001000s ]
INFO: [ app_end ] --START--
INFO: Run Behavior\ShowPageTraceBehavior [ RunTime:0.001000s ]
INFO: [ app_end ] --END-- [ RunTime:0.001000s ]

[ 2017-06-19T13:47:49+08:00 ] ::1 /tangguowu/admin.php/Invitation/search.html
INFO: [ app_begin ] --START--
INFO: Run Behavior\ReadHtmlCacheBehavior [ RunTime:0.001000s ]
INFO: [ app_begin ] --END-- [ RunTime:0.001000s ]
INFO: [ app_end ] --START--
INFO: Run Behavior\ShowPageTraceBehavior [ RunTime:0.001000s ]
INFO: [ app_end ] --END-- [ RunTime:0.001000s ]

[ 2017-06-19T13:49:50+08:00 ] ::1 /tangguowu/admin.php/Invitation/search.html
INFO: [ app_begin ] --START--
INFO: Run Behavior\ReadHtmlCacheBehavior [ RunTime:0.000000s ]
INFO: [ app_begin ] --END-- [ RunTime:0.001000s ]
INFO: [ app_end ] --START--
INFO: Run Behavior\ShowPageTraceBehavior [ RunTime:0.000000s ]
INFO: [ app_end ] --END-- [ RunTime:0.000000s ]

[ 2017-06-19T13:51:04+08:00 ] ::1 /tangguowu/admin.php/Invitation/search.html
INFO: [ app_begin ] --START--
INFO: Run Behavior\ReadHtmlCacheBehavior [ RunTime:0.001000s ]
INFO: [ app_begin ] --END-- [ RunTime:0.001000s ]
SQL: SHOW COLUMNS FROM `tgwu_invitation` [ RunTime:0.0060s ]
SQL: SELECT * FROM `tgwu_invitation` WHERE ( invitationCode = 123456 ) LIMIT 1   [ RunTime:0.0000s ]
INFO: [ view_parse ] --START--
INFO: [ template_filter ] --START--
INFO: Run Behavior\ContentReplaceBehavior [ RunTime:0.000000s ]
INFO: [ template_filter ] --END-- [ RunTime:0.001000s ]
NOTIC: [8] Undefined variable: invitations D:\Apache24\htdocs\tangguowu\Application\Runtime\Cache\Admin\27f8ac008e6ee50dea3c8a6485bfbe5d.php 第 152 行.
NOTIC: [8] Undefined variable: page D:\Apache24\htdocs\tangguowu\Application\Runtime\Cache\Admin\27f8ac008e6ee50dea3c8a6485bfbe5d.php 第 171 行.
INFO: Run Behavior\ParseTemplateBehavior [ RunTime:0.025002s ]
INFO: [ view_parse ] --END-- [ RunTime:0.025002s ]
INFO: [ view_filter ] --START--
INFO: Run Behavior\WriteHtmlCacheBehavior [ RunTime:0.000000s ]
INFO: [ view_filter ] --END-- [ RunTime:0.000000s ]
INFO: [ app_end ] --START--
INFO: Run Behavior\ShowPageTraceBehavior [ RunTime:0.001000s ]
INFO: [ app_end ] --END-- [ RunTime:0.001000s ]

[ 2017-06-19T13:51:13+08:00 ] ::1 /tangguowu/admin.php/Invitation/search.html
INFO: [ app_begin ] --START--
INFO: Run Behavior\ReadHtmlCacheBehavior [ RunTime:0.000000s ]
INFO: [ app_begin ] --END-- [ RunTime:0.000000s ]
SQL: SHOW COLUMNS FROM `tgwu_invitation` [ RunTime:0.0330s ]
SQL: SELECT * FROM `tgwu_invitation` WHERE ( invitationCode = 55 ) LIMIT 1   [ RunTime:0.0010s ]

[ 2017-06-19T13:51:40+08:00 ] ::1 /tangguowu/admin.php/Invitation/search.html
INFO: [ app_begin ] --START--
INFO: Run Behavior\ReadHtmlCacheBehavior [ RunTime:0.001000s ]
INFO: [ app_begin ] --END-- [ RunTime:0.001000s ]
SQL: SHOW COLUMNS FROM `tgwu_invitation` [ RunTime:0.0070s ]
SQL: SELECT * FROM `tgwu_invitation` WHERE ( invitationCode = 323 ) LIMIT 1   [ RunTime:0.0000s ]

[ 2017-06-19T13:52:32+08:00 ] ::1 /tangguowu/admin.php/Invitation/search.html
INFO: [ app_begin ] --START--
INFO: Run Behavior\ReadHtmlCacheBehavior [ RunTime:0.001000s ]
INFO: [ app_begin ] --END-- [ RunTime:0.001000s ]
SQL: SHOW COLUMNS FROM `tgwu_invitation` [ RunTime:0.0090s ]
SQL: SELECT * FROM `tgwu_invitation` WHERE ( invitationCode = 3123 ) LIMIT 1   [ RunTime:0.0000s ]

[ 2017-06-19T13:52:54+08:00 ] ::1 /tangguowu/admin.php/Invitation/search.html
INFO: [ app_begin ] --START--
INFO: Run Behavior\ReadHtmlCacheBehavior [ RunTime:0.000000s ]
INFO: [ app_begin ] --END-- [ RunTime:0.001000s ]

[ 2017-06-19T13:57:49+08:00 ] ::1 /tangguowu/admin.php/Invitation/search.html
INFO: [ app_begin ] --START--
INFO: Run Behavior\ReadHtmlCacheBehavior [ RunTime:0.001000s ]
INFO: [ app_begin ] --END-- [ RunTime:0.001000s ]
SQL: SHOW COLUMNS FROM `tgwu_invitation` [ RunTime:0.0080s ]
SQL: SELECT * FROM `tgwu_invitation` WHERE ( invitationCode = 1321 ) LIMIT 1   [ RunTime:0.0010s ]

[ 2017-06-19T13:58:00+08:00 ] ::1 /tangguowu/admin.php/Invitation/search.html
INFO: [ app_begin ] --START--
INFO: Run Behavior\ReadHtmlCacheBehavior [ RunTime:0.001000s ]
INFO: [ app_begin ] --END-- [ RunTime:0.001000s ]
SQL: SHOW COLUMNS FROM `tgwu_invitation` [ RunTime:0.0070s ]
SQL: SELECT * FROM `tgwu_invitation` WHERE ( invitationCode = 679554 ) LIMIT 1   [ RunTime:0.0000s ]

[ 2017-06-19T13:58:02+08:00 ] ::1 /tangguowu/admin.php/Invitation/search.html
INFO: [ app_begin ] --START--
INFO: Run Behavior\ReadHtmlCacheBehavior [ RunTime:0.000000s ]
INFO: [ app_begin ] --END-- [ RunTime:0.000000s ]
SQL: SHOW COLUMNS FROM `tgwu_invitation` [ RunTime:0.0080s ]

[ 2017-06-19T13:58:17+08:00 ] ::1 /tangguowu/admin.php/Invitation/search.html
INFO: [ app_begin ] --START--
INFO: Run Behavior\ReadHtmlCacheBehavior [ RunTime:0.000000s ]
INFO: [ app_begin ] --END-- [ RunTime:0.001000s ]
SQL: SHOW COLUMNS FROM `tgwu_invitation` [ RunTime:0.0070s ]
SQL: SELECT * FROM `tgwu_invitation` WHERE ( invitationCode = 3423 ) LIMIT 1   [ RunTime:0.0000s ]

[ 2017-06-19T13:58:18+08:00 ] ::1 /tangguowu/admin.php/Invitation/search.html
INFO: [ app_begin ] --START--
INFO: Run Behavior\ReadHtmlCacheBehavior [ RunTime:0.000000s ]
INFO: [ app_begin ] --END-- [ RunTime:0.001000s ]
SQL: SHOW COLUMNS FROM `tgwu_invitation` [ RunTime:0.0080s ]

[ 2017-06-19T13:58:19+08:00 ] ::1 /tangguowu/admin.php/Invitation/search.html
INFO: [ app_begin ] --START--
INFO: Run Behavior\ReadHtmlCacheBehavior [ RunTime:0.000000s ]
INFO: [ app_begin ] --END-- [ RunTime:0.000000s ]
SQL: SHOW COLUMNS FROM `tgwu_invitation` [ RunTime:0.0080s ]

[ 2017-06-19T13:58:20+08:00 ] ::1 /tangguowu/admin.php/Invitation/search.html
INFO: [ app_begin ] --START--
INFO: Run Behavior\ReadHtmlCacheBehavior [ RunTime:0.001001s ]
INFO: [ app_begin ] --END-- [ RunTime:0.001001s ]
SQL: SHOW COLUMNS FROM `tgwu_invitation` [ RunTime:0.0080s ]

[ 2017-06-19T13:58:20+08:00 ] ::1 /tangguowu/admin.php/Invitation/search.html
INFO: [ app_begin ] --START--
INFO: Run Behavior\ReadHtmlCacheBehavior [ RunTime:0.000000s ]
INFO: [ app_begin ] --END-- [ RunTime:0.001001s ]
SQL: SHOW COLUMNS FROM `tgwu_invitation` [ RunTime:0.0070s ]

[ 2017-06-19T13:58:21+08:00 ] ::1 /tangguowu/admin.php/Invitation/search.html
INFO: [ app_begin ] --START--
INFO: Run Behavior\ReadHtmlCacheBehavior [ RunTime:0.001001s ]
INFO: [ app_begin ] --END-- [ RunTime:0.001001s ]
SQL: SHOW COLUMNS FROM `tgwu_invitation` [ RunTime:0.0080s ]

[ 2017-06-19T13:58:43+08:00 ] ::1 /tangguowu/admin.php/Invitation/search.html
INFO: [ app_begin ] --START--
INFO: Run Behavior\ReadHtmlCacheBehavior [ RunTime:0.001000s ]
INFO: [ app_begin ] --END-- [ RunTime:0.001000s ]
SQL: SHOW COLUMNS FROM `tgwu_invitation` [ RunTime:0.0080s ]
SQL: SELECT * FROM `tgwu_invitation` WHERE ( invitationCode = 679554 ) LIMIT 1   [ RunTime:0.0000s ]

[ 2017-06-19T13:59:44+08:00 ] ::1 /tangguowu/admin.php/Invitation/search.html
INFO: [ app_begin ] --START--
INFO: Run Behavior\ReadHtmlCacheBehavior [ RunTime:0.000000s ]
INFO: [ app_begin ] --END-- [ RunTime:0.001000s ]
SQL: SHOW COLUMNS FROM `tgwu_invitation` [ RunTime:0.0070s ]
SQL: SELECT * FROM `tgwu_invitation` WHERE ( invitationCode = 679554 ) LIMIT 1   [ RunTime:0.0000s ]

[ 2017-06-19T13:59:52+08:00 ] ::1 /tangguowu/admin.php/Invitation/search.html
INFO: [ app_begin ] --START--
INFO: Run Behavior\ReadHtmlCacheBehavior [ RunTime:0.000000s ]
INFO: [ app_begin ] --END-- [ RunTime:0.000000s ]
SQL: SHOW COLUMNS FROM `tgwu_invitation` [ RunTime:0.0080s ]

[ 2017-06-19T13:59:55+08:00 ] ::1 /tangguowu/admin.php/Invitation/search.html
INFO: [ app_begin ] --START--
INFO: Run Behavior\ReadHtmlCacheBehavior [ RunTime:0.000000s ]
INFO: [ app_begin ] --END-- [ RunTime:0.000000s ]
SQL: SHOW COLUMNS FROM `tgwu_invitation` [ RunTime:0.0070s ]
SQL: SELECT * FROM `tgwu_invitation` WHERE ( invitationCode = 232 ) LIMIT 1   [ RunTime:0.0000s ]

[ 2017-06-19T14:00:00+08:00 ] ::1 /tangguowu/admin.php/Invitation/search.html
INFO: [ app_begin ] --START--
INFO: Run Behavior\ReadHtmlCacheBehavior [ RunTime:0.001000s ]
INFO: [ app_begin ] --END-- [ RunTime:0.001000s ]
SQL: SHOW COLUMNS FROM `tgwu_invitation` [ RunTime:0.0070s ]
SQL: SELECT * FROM `tgwu_invitation` WHERE ( invitationCode = 34 ) LIMIT 1   [ RunTime:0.0010s ]

[ 2017-06-19T14:00:28+08:00 ] ::1 /tangguowu/admin.php/Invitation/search.html
INFO: [ app_begin ] --START--
INFO: Run Behavior\ReadHtmlCacheBehavior [ RunTime:0.001000s ]
INFO: [ app_begin ] --END-- [ RunTime:0.001000s ]
SQL: SHOW COLUMNS FROM `tgwu_invitation` [ RunTime:0.0100s ]
SQL: SELECT * FROM `tgwu_invitation` WHERE ( invitationCode = 12312 ) LIMIT 1   [ RunTime:0.0010s ]

[ 2017-06-19T14:00:53+08:00 ] ::1 /tangguowu/admin.php/Invitation/search.html
INFO: [ app_begin ] --START--
INFO: Run Behavior\ReadHtmlCacheBehavior [ RunTime:0.001000s ]
INFO: [ app_begin ] --END-- [ RunTime:0.001000s ]
SQL: SHOW COLUMNS FROM `tgwu_invitation` [ RunTime:0.0080s ]
SQL: SELECT * FROM `tgwu_invitation` WHERE ( invitationCode = 243 ) LIMIT 1   [ RunTime:0.0010s ]

[ 2017-06-19T14:01:16+08:00 ] ::1 /tangguowu/admin.php/Invitation/search.html
INFO: [ app_begin ] --START--
INFO: Run Behavior\ReadHtmlCacheBehavior [ RunTime:0.000000s ]
INFO: [ app_begin ] --END-- [ RunTime:0.000000s ]
SQL: SHOW COLUMNS FROM `tgwu_invitation` [ RunTime:0.0060s ]
SQL: SELECT * FROM `tgwu_invitation` WHERE ( invitationCode = 679554 ) LIMIT 1   [ RunTime:0.0010s ]

[ 2017-06-19T14:02:32+08:00 ] ::1 /tangguowu/admin.php/Invitation/search.html
INFO: [ app_begin ] --START--
INFO: Run Behavior\ReadHtmlCacheBehavior [ RunTime:0.000000s ]
INFO: [ app_begin ] --END-- [ RunTime:0.000000s ]
SQL: SHOW COLUMNS FROM `tgwu_invitation` [ RunTime:0.0070s ]
SQL: SELECT * FROM `tgwu_invitation` WHERE ( invitationCode = 123 ) LIMIT 1   [ RunTime:0.0010s ]

[ 2017-06-19T14:02:36+08:00 ] ::1 /tangguowu/admin.php/Invitation/search.html
INFO: [ app_begin ] --START--
INFO: Run Behavior\ReadHtmlCacheBehavior [ RunTime:0.000000s ]
INFO: [ app_begin ] --END-- [ RunTime:0.000000s ]
SQL: SHOW COLUMNS FROM `tgwu_invitation` [ RunTime:0.0080s ]
SQL: SELECT * FROM `tgwu_invitation` WHERE ( invitationCode = 123456 ) LIMIT 1   [ RunTime:0.0000s ]

[ 2017-06-19T14:02:38+08:00 ] ::1 /tangguowu/admin.php/Invitation/search.html
INFO: [ app_begin ] --START--
INFO: Run Behavior\ReadHtmlCacheBehavior [ RunTime:0.000000s ]
INFO: [ app_begin ] --END-- [ RunTime:0.000000s ]
SQL: SHOW COLUMNS FROM `tgwu_invitation` [ RunTime:0.0080s ]

[ 2017-06-19T14:02:45+08:00 ] ::1 /tangguowu/admin.php/Invitation/search.html
INFO: [ app_begin ] --START--
INFO: Run Behavior\ReadHtmlCacheBehavior [ RunTime:0.000000s ]
INFO: [ app_begin ] --END-- [ RunTime:0.001000s ]
SQL: SHOW COLUMNS FROM `tgwu_invitation` [ RunTime:0.0080s ]
SQL: SELECT * FROM `tgwu_invitation` WHERE ( invitationCode = 123456 ) LIMIT 1   [ RunTime:0.0010s ]

[ 2017-06-19T14:02:46+08:00 ] ::1 /tangguowu/admin.php/Invitation/search.html
INFO: [ app_begin ] --START--
INFO: Run Behavior\ReadHtmlCacheBehavior [ RunTime:0.000000s ]
INFO: [ app_begin ] --END-- [ RunTime:0.001000s ]
SQL: SHOW COLUMNS FROM `tgwu_invitation` [ RunTime:0.0100s ]

[ 2017-06-19T14:02:49+08:00 ] ::1 /tangguowu/admin.php/Invitation/search.html
INFO: [ app_begin ] --START--
INFO: Run Behavior\ReadHtmlCacheBehavior [ RunTime:0.000000s ]
INFO: [ app_begin ] --END-- [ RunTime:0.001000s ]
SQL: SHOW COLUMNS FROM `tgwu_invitation` [ RunTime:0.0070s ]
SQL: SELECT * FROM `tgwu_invitation` WHERE ( invitationCode = 123456 ) LIMIT 1   [ RunTime:0.0010s ]

[ 2017-06-19T14:03:38+08:00 ] ::1 /tangguowu/admin.php/Carousel/listorder.html
INFO: [ app_begin ] --START--
INFO: Run Behavior\ReadHtmlCacheBehavior [ RunTime:0.000000s ]
INFO: [ app_begin ] --END-- [ RunTime:0.001000s ]
SQL: SHOW COLUMNS FROM `tgwu_carousel` [ RunTime:0.0070s ]
SQL: UPDATE `tgwu_carousel` SET `carouselSort`='48' WHERE ( id=7 ) [ RunTime:0.1300s ]
SQL: UPDATE `tgwu_carousel` SET `carouselSort`='27' WHERE ( id=6 ) [ RunTime:0.0460s ]
SQL: UPDATE `tgwu_carousel` SET `carouselSort`='24' WHERE ( id=5 ) [ RunTime:0.0290s ]
SQL: UPDATE `tgwu_carousel` SET `carouselSort`='23' WHERE ( id=1 ) [ RunTime:0.0290s ]
SQL: UPDATE `tgwu_carousel` SET `carouselSort`='10' WHERE ( id=4 ) [ RunTime:0.0290s ]

[ 2017-06-19T14:03:50+08:00 ] ::1 /tangguowu/admin.php/Carousel/listorder.html
INFO: [ app_begin ] --START--
INFO: Run Behavior\ReadHtmlCacheBehavior [ RunTime:0.001000s ]
INFO: [ app_begin ] --END-- [ RunTime:0.001000s ]
SQL: SHOW COLUMNS FROM `tgwu_carousel` [ RunTime:0.0070s ]
SQL: UPDATE `tgwu_carousel` SET `carouselSort`='48' WHERE ( id=7 ) [ RunTime:0.0340s ]
SQL: UPDATE `tgwu_carousel` SET `carouselSort`='22' WHERE ( id=6 ) [ RunTime:0.0660s ]
SQL: UPDATE `tgwu_carousel` SET `carouselSort`='24' WHERE ( id=5 ) [ RunTime:0.0340s ]
SQL: UPDATE `tgwu_carousel` SET `carouselSort`='23' WHERE ( id=1 ) [ RunTime:0.0290s ]
SQL: UPDATE `tgwu_carousel` SET `carouselSort`='10' WHERE ( id=4 ) [ RunTime:0.0460s ]

[ 2017-06-19T14:06:52+08:00 ] ::1 /tangguowu/admin.php/Invitation/search.html
INFO: [ app_begin ] --START--
INFO: Run Behavior\ReadHtmlCacheBehavior [ RunTime:0.001000s ]
INFO: [ app_begin ] --END-- [ RunTime:0.001000s ]
SQL: SHOW COLUMNS FROM `tgwu_invitation` [ RunTime:0.0090s ]
SQL: SELECT * FROM `tgwu_invitation` WHERE ( invitationCode = 123 ) LIMIT 1   [ RunTime:0.0000s ]

[ 2017-06-19T14:07:02+08:00 ] ::1 /tangguowu/admin.php/Invitation/search.html
INFO: [ app_begin ] --START--
INFO: Run Behavior\ReadHtmlCacheBehavior [ RunTime:0.000000s ]
INFO: [ app_begin ] --END-- [ RunTime:0.000000s ]
SQL: SHOW COLUMNS FROM `tgwu_invitation` [ RunTime:0.0070s ]
SQL: SELECT * FROM `tgwu_invitation` WHERE ( invitationCode = 679554 ) LIMIT 1   [ RunTime:0.0000s ]

[ 2017-06-19T14:10:47+08:00 ] ::1 /tangguowu/admin.php/Invitation/search.html
INFO: [ app_begin ] --START--
INFO: Run Behavior\ReadHtmlCacheBehavior [ RunTime:0.000000s ]
INFO: [ app_begin ] --END-- [ RunTime:0.001000s ]
SQL: SHOW COLUMNS FROM `tgwu_invitation` [ RunTime:0.0080s ]
SQL: SELECT * FROM `tgwu_invitation` WHERE ( invitationCode = 323 ) LIMIT 1   [ RunTime:0.0000s ]

[ 2017-06-19T14:10:59+08:00 ] ::1 /tangguowu/admin.php/Invitation/search.html
INFO: [ app_begin ] --START--
INFO: Run Behavior\ReadHtmlCacheBehavior [ RunTime:0.001000s ]
INFO: [ app_begin ] --END-- [ RunTime:0.001000s ]
SQL: SHOW COLUMNS FROM `tgwu_invitation` [ RunTime:0.0340s ]
SQL: SELECT * FROM `tgwu_invitation` WHERE ( invitationCode = 679554 ) LIMIT 1   [ RunTime:0.0000s ]

[ 2017-06-19T14:11:03+08:00 ] ::1 /tangguowu/admin.php/Invitation/search.html
INFO: [ app_begin ] --START--
INFO: Run Behavior\ReadHtmlCacheBehavior [ RunTime:0.001000s ]
INFO: [ app_begin ] --END-- [ RunTime:0.001000s ]
SQL: SHOW COLUMNS FROM `tgwu_invitation` [ RunTime:0.0070s ]
SQL: SELECT * FROM `tgwu_invitation` WHERE ( invitationCode = 679554 ) LIMIT 1   [ RunTime:0.0010s ]

[ 2017-06-19T14:11:07+08:00 ] ::1 /tangguowu/admin.php/Invitation/search.html
INFO: [ app_begin ] --START--
INFO: Run Behavior\ReadHtmlCacheBehavior [ RunTime:0.000000s ]
INFO: [ app_begin ] --END-- [ RunTime:0.000000s ]
SQL: SHOW COLUMNS FROM `tgwu_invitation` [ RunTime:0.0080s ]
SQL: SELECT * FROM `tgwu_invitation` WHERE ( invitationCode = 679554 ) LIMIT 1   [ RunTime:0.0000s ]

[ 2017-06-19T14:16:00+08:00 ] ::1 /tangguowu/admin.php/Invitation/search.html
INFO: [ app_begin ] --START--
INFO: Run Behavior\ReadHtmlCacheBehavior [ RunTime:0.001000s ]
INFO: [ app_begin ] --END-- [ RunTime:0.001000s ]
SQL: SHOW COLUMNS FROM `tgwu_invitation` [ RunTime:0.0070s ]
SQL: SELECT * FROM `tgwu_invitation` WHERE ( invitationCode = 23123 ) LIMIT 1   [ RunTime:0.0000s ]

[ 2017-06-19T14:16:11+08:00 ] ::1 /tangguowu/admin.php/Invitation/search.html
INFO: [ app_begin ] --START--
INFO: Run Behavior\ReadHtmlCacheBehavior [ RunTime:0.001000s ]
INFO: [ app_begin ] --END-- [ RunTime:0.001000s ]
SQL: SHOW COLUMNS FROM `tgwu_invitation` [ RunTime:0.0100s ]
SQL: SELECT * FROM `tgwu_invitation` WHERE ( invitationCode = 132 ) LIMIT 1   [ RunTime:0.0010s ]

[ 2017-06-19T14:19:44+08:00 ] ::1 /tangguowu/admin.php/Invitation/search.html
INFO: [ app_begin ] --START--
INFO: Run Behavior\ReadHtmlCacheBehavior [ RunTime:0.000000s ]
INFO: [ app_begin ] --END-- [ RunTime:0.001000s ]
SQL: SHOW COLUMNS FROM `tgwu_invitation` [ RunTime:0.0080s ]
SQL: SELECT * FROM `tgwu_invitation` WHERE ( invitationCode = 123456 ) LIMIT 1   [ RunTime:0.0000s ]

[ 2017-06-19T14:19:52+08:00 ] ::1 /tangguowu/admin.php/Invitation/search.html
INFO: [ app_begin ] --START--
INFO: Run Behavior\ReadHtmlCacheBehavior [ RunTime:0.001000s ]
INFO: [ app_begin ] --END-- [ RunTime:0.001000s ]
SQL: SHOW COLUMNS FROM `tgwu_invitation` [ RunTime:0.0070s ]
SQL: SELECT * FROM `tgwu_invitation` WHERE ( invitationCode = 232 ) LIMIT 1   [ RunTime:0.0000s ]

[ 2017-06-19T14:19:58+08:00 ] ::1 /tangguowu/admin.php/Invitation/search.html
INFO: [ app_begin ] --START--
INFO: Run Behavior\ReadHtmlCacheBehavior [ RunTime:0.000000s ]
INFO: [ app_begin ] --END-- [ RunTime:0.000000s ]
SQL: SHOW COLUMNS FROM `tgwu_invitation` [ RunTime:0.0080s ]
SQL: SELECT * FROM `tgwu_invitation` WHERE ( invitationCode = 32 ) LIMIT 1   [ RunTime:0.0010s ]

[ 2017-06-19T14:21:35+08:00 ] ::1 /tangguowu/admin.php/Invitation/search.html
INFO: [ app_begin ] --START--
INFO: Run Behavior\ReadHtmlCacheBehavior [ RunTime:0.001000s ]
INFO: [ app_begin ] --END-- [ RunTime:0.002000s ]
SQL: SHOW COLUMNS FROM `tgwu_invitation` [ RunTime:0.0090s ]
SQL: SELECT * FROM `tgwu_invitation` WHERE ( invitationCode = 232 ) LIMIT 1   [ RunTime:0.0000s ]

[ 2017-06-19T14:21:41+08:00 ] ::1 /tangguowu/admin.php/Invitation/search.html
INFO: [ app_begin ] --START--
INFO: Run Behavior\ReadHtmlCacheBehavior [ RunTime:0.000000s ]
INFO: [ app_begin ] --END-- [ RunTime:0.000000s ]
SQL: SHOW COLUMNS FROM `tgwu_invitation` [ RunTime:0.0080s ]
SQL: SELECT * FROM `tgwu_invitation` WHERE ( invitationCode = 123456 ) LIMIT 1   [ RunTime:0.0000s ]

[ 2017-06-19T14:33:25+08:00 ] ::1 /tangguowu/admin.php/Invitation/delete.html
INFO: [ app_begin ] --START--
INFO: Run Behavior\ReadHtmlCacheBehavior [ RunTime:0.001000s ]
INFO: [ app_begin ] --END-- [ RunTime:0.001000s ]

[ 2017-06-19T15:02:38+08:00 ] ::1 /tangguowu/admin.php/Invitation/search.html?code=322
ERR: 邀请码不合法

[ 2017-06-19T15:03:11+08:00 ] ::1 /tangguowu/admin.php/Invitation/search.html?code=123456
ERR: 邀请码不合法

[ 2017-06-19T15:03:22+08:00 ] ::1 /tangguowu/admin.php/Invitation/search.html?code=123456
ERR: 邀请码不合法

[ 2017-06-19T15:05:11+08:00 ] ::1 /tangguowu/admin.php/Invitation/search.html?code=123456
ERR: 邀请码不cunzai

[ 2017-06-19T15:05:46+08:00 ] ::1 /tangguowu/admin.php/Invitation/search.html?code=123456
ERR: 邀请码不cunzai

[ 2017-06-19T15:07:50+08:00 ] ::1 /tangguowu/admin.php/Invitation/search.html?code=123456
ERR: 邀请码不存在

[ 2017-06-19T15:25:32+08:00 ] ::1 /tangguowu/admin.php/Category/index.html
ERR: Think\Model:getCategoryPage方法不存在！

[ 2017-06-19T15:36:01+08:00 ] ::1 /tangguowu/admin.php/Category/listorder.html
INFO: [ app_begin ] --START--
INFO: Run Behavior\ReadHtmlCacheBehavior [ RunTime:0.000000s ]
INFO: [ app_begin ] --END-- [ RunTime:0.001000s ]
ERR: 非法操作:listorder

[ 2017-06-19T15:38:09+08:00 ] ::1 /tangguowu/admin.php/Category/listorder.html
INFO: [ app_begin ] --START--
INFO: Run Behavior\ReadHtmlCacheBehavior [ RunTime:0.000000s ]
INFO: [ app_begin ] --END-- [ RunTime:0.001000s ]
ERR: 非法操作:listorder

[ 2017-06-19T15:38:58+08:00 ] ::1 /tangguowu/admin.php/Category/add.html
ERR: 非法操作:add

[ 2017-06-19T15:39:27+08:00 ] ::1 /tangguowu/admin.php/Category/delete.html
INFO: [ app_begin ] --START--
INFO: Run Behavior\ReadHtmlCacheBehavior [ RunTime:0.001000s ]
INFO: [ app_begin ] --END-- [ RunTime:0.001000s ]
ERR: 非法操作:delete

[ 2017-06-19T15:39:30+08:00 ] ::1 /tangguowu/admin.php/Category/edit.html?id=
ERR: 非法操作:edit

[ 2017-06-19T15:44:55+08:00 ] ::1 /tangguowu/admin.php/Category/delete.html
INFO: [ app_begin ] --START--
INFO: Run Behavior\ReadHtmlCacheBehavior [ RunTime:0.001000s ]
INFO: [ app_begin ] --END-- [ RunTime:0.001000s ]

[ 2017-06-19T15:46:03+08:00 ] ::1 /tangguowu/admin.php/Category/delete.html
INFO: [ app_begin ] --START--
INFO: Run Behavior\ReadHtmlCacheBehavior [ RunTime:0.001000s ]
INFO: [ app_begin ] --END-- [ RunTime:0.001000s ]
SQL: SHOW COLUMNS FROM `tgwu_carousel` [ RunTime:0.0100s ]
ERR: Think\Model:deleteCategoryById方法不存在！

[ 2017-06-19T15:46:33+08:00 ] ::1 /tangguowu/admin.php/Category/delete.html
INFO: [ app_begin ] --START--
INFO: Run Behavior\ReadHtmlCacheBehavior [ RunTime:0.001000s ]
INFO: [ app_begin ] --END-- [ RunTime:0.001000s ]
SQL: SHOW COLUMNS FROM `tgwu_carousel` [ RunTime:0.0080s ]
ERR: Think\Model:deleteCategoryById方法不存在！

[ 2017-06-19T15:46:35+08:00 ] ::1 /tangguowu/admin.php/Category/delete.html
INFO: [ app_begin ] --START--
INFO: Run Behavior\ReadHtmlCacheBehavior [ RunTime:0.000000s ]
INFO: [ app_begin ] --END-- [ RunTime:0.001000s ]
SQL: SHOW COLUMNS FROM `tgwu_carousel` [ RunTime:0.0150s ]
ERR: Think\Model:deleteCategoryById方法不存在！

[ 2017-06-19T15:47:55+08:00 ] ::1 /tangguowu/admin.php/Category/delete.html
INFO: [ app_begin ] --START--
INFO: Run Behavior\ReadHtmlCacheBehavior [ RunTime:0.001000s ]
INFO: [ app_begin ] --END-- [ RunTime:0.001000s ]
SQL: SHOW COLUMNS FROM `tgwu_category` [ RunTime:0.0090s ]
SQL: DELETE FROM `tgwu_category` WHERE ( id = 2 ) [ RunTime:0.0800s ]

[ 2017-06-19T15:47:58+08:00 ] ::1 /tangguowu/admin.php/Category/listorder.html
INFO: [ app_begin ] --START--
INFO: Run Behavior\ReadHtmlCacheBehavior [ RunTime:0.000000s ]
INFO: [ app_begin ] --END-- [ RunTime:0.001000s ]
ERR: 非法操作:listorder

[ 2017-06-19T15:48:03+08:00 ] ::1 /tangguowu/admin.php/Category/edit.html?id=6
ERR: 非法操作:edit

[ 2017-06-19T15:50:38+08:00 ] ::1 /tangguowu/admin.php/Category/listorder.html
INFO: [ app_begin ] --START--
INFO: Run Behavior\ReadHtmlCacheBehavior [ RunTime:0.000000s ]
INFO: [ app_begin ] --END-- [ RunTime:0.001000s ]
NOTIC: [8] Undefined index: categorysort D:\Apache24\htdocs\tangguowu\Application\Admin\Controller\CategoryController.class.php 第 47 行.

[ 2017-06-19T15:52:03+08:00 ] ::1 /tangguowu/admin.php/Category/listorder.html
INFO: [ app_begin ] --START--
INFO: Run Behavior\ReadHtmlCacheBehavior [ RunTime:0.001000s ]
INFO: [ app_begin ] --END-- [ RunTime:0.002000s ]
NOTIC: [8] Undefined index: categorysort D:\Apache24\htdocs\tangguowu\Application\Admin\Controller\CategoryController.class.php 第 47 行.

[ 2017-06-19T15:52:08+08:00 ] ::1 /tangguowu/admin.php/Category/listorder.html
INFO: [ app_begin ] --START--
INFO: Run Behavior\ReadHtmlCacheBehavior [ RunTime:0.001000s ]
INFO: [ app_begin ] --END-- [ RunTime:0.001000s ]
NOTIC: [8] Undefined index: categorysort D:\Apache24\htdocs\tangguowu\Application\Admin\Controller\CategoryController.class.php 第 47 行.

[ 2017-06-19T15:52:14+08:00 ] ::1 /tangguowu/admin.php/Category/listorder.html
INFO: [ app_begin ] --START--
INFO: Run Behavior\ReadHtmlCacheBehavior [ RunTime:0.001000s ]
INFO: [ app_begin ] --END-- [ RunTime:0.001000s ]
NOTIC: [8] Undefined index: categorysort D:\Apache24\htdocs\tangguowu\Application\Admin\Controller\CategoryController.class.php 第 47 行.

[ 2017-06-19T15:53:44+08:00 ] ::1 /tangguowu/admin.php/Category/listorder.html
INFO: [ app_begin ] --START--
INFO: Run Behavior\ReadHtmlCacheBehavior [ RunTime:0.000000s ]
INFO: [ app_begin ] --END-- [ RunTime:0.001000s ]
NOTIC: [8] Undefined index: categorysort D:\Apache24\htdocs\tangguowu\Application\Admin\Controller\CategoryController.class.php 第 47 行.

[ 2017-06-19T15:57:59+08:00 ] ::1 /tangguowu/admin.php/Category/listorder.html
INFO: [ app_begin ] --START--
INFO: Run Behavior\ReadHtmlCacheBehavior [ RunTime:0.001000s ]
INFO: [ app_begin ] --END-- [ RunTime:0.001000s ]
NOTIC: [8] Undefined index: categorysort D:\Apache24\htdocs\tangguowu\Application\Admin\Controller\CategoryController.class.php 第 47 行.

[ 2017-06-19T15:58:16+08:00 ] ::1 /tangguowu/admin.php/Category/listorder.html
INFO: [ app_begin ] --START--
INFO: Run Behavior\ReadHtmlCacheBehavior [ RunTime:0.001000s ]
INFO: [ app_begin ] --END-- [ RunTime:0.001000s ]
NOTIC: [8] Undefined index: categorysort D:\Apache24\htdocs\tangguowu\Application\Admin\Controller\CategoryController.class.php 第 47 行.

[ 2017-06-19T15:59:10+08:00 ] ::1 /tangguowu/admin.php/Carousel/listorder.html
INFO: [ app_begin ] --START--
INFO: Run Behavior\ReadHtmlCacheBehavior [ RunTime:0.001000s ]
INFO: [ app_begin ] --END-- [ RunTime:0.001000s ]
SQL: SHOW COLUMNS FROM `tgwu_carousel` [ RunTime:0.0080s ]
SQL: UPDATE `tgwu_carousel` SET `carouselSort`='48' WHERE ( id=7 ) [ RunTime:0.0470s ]
SQL: UPDATE `tgwu_carousel` SET `carouselSort`='24' WHERE ( id=5 ) [ RunTime:0.0270s ]
SQL: UPDATE `tgwu_carousel` SET `carouselSort`='23' WHERE ( id=1 ) [ RunTime:0.0500s ]
SQL: UPDATE `tgwu_carousel` SET `carouselSort`='22' WHERE ( id=6 ) [ RunTime:0.0420s ]
SQL: UPDATE `tgwu_carousel` SET `carouselSort`='10' WHERE ( id=4 ) [ RunTime:0.0290s ]

[ 2017-06-19T15:59:16+08:00 ] ::1 /tangguowu/admin.php/Carousel/listorder.html
INFO: [ app_begin ] --START--
INFO: Run Behavior\ReadHtmlCacheBehavior [ RunTime:0.000000s ]
INFO: [ app_begin ] --END-- [ RunTime:0.001000s ]
SQL: SHOW COLUMNS FROM `tgwu_carousel` [ RunTime:0.0080s ]
SQL: UPDATE `tgwu_carousel` SET `carouselSort`='6' WHERE ( id=2 ) [ RunTime:0.0390s ]
SQL: UPDATE `tgwu_carousel` SET `carouselSort`='0' WHERE ( id=19 ) [ RunTime:0.0290s ]

[ 2017-06-19T15:59:22+08:00 ] ::1 /tangguowu/admin.php/Carousel/listorder.html
INFO: [ app_begin ] --START--
INFO: Run Behavior\ReadHtmlCacheBehavior [ RunTime:0.000000s ]
INFO: [ app_begin ] --END-- [ RunTime:0.000000s ]
SQL: SHOW COLUMNS FROM `tgwu_carousel` [ RunTime:0.0080s ]
SQL: UPDATE `tgwu_carousel` SET `carouselSort`='6' WHERE ( id=2 ) [ RunTime:0.0440s ]
SQL: UPDATE `tgwu_carousel` SET `carouselSort`='7' WHERE ( id=19 ) [ RunTime:0.0270s ]

[ 2017-06-19T15:59:34+08:00 ] ::1 /tangguowu/admin.php/Carousel/listorder.html
INFO: [ app_begin ] --START--
INFO: Run Behavior\ReadHtmlCacheBehavior [ RunTime:0.000000s ]
INFO: [ app_begin ] --END-- [ RunTime:0.001000s ]
SQL: SHOW COLUMNS FROM `tgwu_carousel` [ RunTime:0.0070s ]
SQL: UPDATE `tgwu_carousel` SET `carouselSort`='14' WHERE ( id=19 ) [ RunTime:0.0400s ]
SQL: UPDATE `tgwu_carousel` SET `carouselSort`='6' WHERE ( id=2 ) [ RunTime:0.0420s ]

[ 2017-06-19T16:02:10+08:00 ] ::1 /tangguowu/admin.php/Category/listorder.html
INFO: [ app_begin ] --START--
INFO: Run Behavior\ReadHtmlCacheBehavior [ RunTime:0.001000s ]
INFO: [ app_begin ] --END-- [ RunTime:0.001000s ]
NOTIC: [8] Undefined index: categorysort D:\Apache24\htdocs\tangguowu\Application\Admin\Controller\CategoryController.class.php 第 47 行.

[ 2017-06-19T16:02:33+08:00 ] ::1 /tangguowu/admin.php/Category/listorder.html
INFO: [ app_begin ] --START--
INFO: Run Behavior\ReadHtmlCacheBehavior [ RunTime:0.000000s ]
INFO: [ app_begin ] --END-- [ RunTime:0.001000s ]
NOTIC: [8] Undefined index: categorysort D:\Apache24\htdocs\tangguowu\Application\Admin\Controller\CategoryController.class.php 第 47 行.

[ 2017-06-19T16:06:56+08:00 ] ::1 /tangguowu/admin.php/Category/listorder.html
INFO: [ app_begin ] --START--
INFO: Run Behavior\ReadHtmlCacheBehavior [ RunTime:0.000000s ]
INFO: [ app_begin ] --END-- [ RunTime:0.001000s ]
SQL: SHOW COLUMNS FROM `tgwu_category` [ RunTime:0.0080s ]
SQL: UPDATE `tgwu_category` SET `categorySort`='55' WHERE ( id=6 ) [ RunTime:0.0560s ]
SQL: UPDATE `tgwu_category` SET `categorySort`='42' WHERE ( id=5 ) [ RunTime:0.0250s ]
SQL: UPDATE `tgwu_category` SET `categorySort`='21' WHERE ( id=4 ) [ RunTime:0.0340s ]
SQL: UPDATE `tgwu_category` SET `categorySort`='65' WHERE ( id=3 ) [ RunTime:0.0250s ]
SQL: UPDATE `tgwu_category` SET `categorySort`='32' WHERE ( id=1 ) [ RunTime:0.0280s ]

[ 2017-06-19T16:08:33+08:00 ] ::1 /tangguowu/admin.php/Category/listorder.html
INFO: [ app_begin ] --START--
INFO: Run Behavior\ReadHtmlCacheBehavior [ RunTime:0.001000s ]
INFO: [ app_begin ] --END-- [ RunTime:0.001000s ]
SQL: SHOW COLUMNS FROM `tgwu_category` [ RunTime:0.0080s ]
SQL: UPDATE `tgwu_category` SET `categorySort`='65' WHERE ( id=3 ) [ RunTime:0.0650s ]
SQL: UPDATE `tgwu_category` SET `categorySort`='55' WHERE ( id=6 ) [ RunTime:0.0500s ]
SQL: UPDATE `tgwu_category` SET `categorySort`='42' WHERE ( id=5 ) [ RunTime:0.0290s ]
SQL: UPDATE `tgwu_category` SET `categorySort`='43' WHERE ( id=1 ) [ RunTime:0.0460s ]
SQL: UPDATE `tgwu_category` SET `categorySort`='21' WHERE ( id=4 ) [ RunTime:0.0290s ]

[ 2017-06-19T16:09:39+08:00 ] ::1 /tangguowu/admin.php/Category/edit.html?id=3
ERR: 非法操作:edit

[ 2017-06-19T16:27:35+08:00 ] ::1 /tangguowu/admin.php/Category/edit.html?id=3
ERR: Think\Model:getCategoryById方法不存在！

[ 2017-06-19T16:30:22+08:00 ] ::1 /tangguowu/admin.php/Category/add.html
INFO: [ app_begin ] --START--
INFO: Run Behavior\ReadHtmlCacheBehavior [ RunTime:0.000000s ]
INFO: [ app_begin ] --END-- [ RunTime:0.001000s ]
ERR: 非法操作:add

[ 2017-06-19T16:35:24+08:00 ] ::1 /tangguowu/admin.php/Category/add.html
INFO: [ app_begin ] --START--
INFO: Run Behavior\ReadHtmlCacheBehavior [ RunTime:0.000000s ]
INFO: [ app_begin ] --END-- [ RunTime:0.001000s ]
ERR: 非法操作:add

[ 2017-06-19T16:35:27+08:00 ] ::1 /tangguowu/admin.php/Category/add.html
INFO: [ app_begin ] --START--
INFO: Run Behavior\ReadHtmlCacheBehavior [ RunTime:0.001000s ]
INFO: [ app_begin ] --END-- [ RunTime:0.001000s ]
ERR: 非法操作:add

[ 2017-06-19T16:36:10+08:00 ] ::1 /tangguowu/admin.php/Carousel/add.html
INFO: [ app_begin ] --START--
INFO: Run Behavior\ReadHtmlCacheBehavior [ RunTime:0.000000s ]
INFO: [ app_begin ] --END-- [ RunTime:0.001001s ]
NOTIC: [8] Undefined index: id D:\Apache24\htdocs\tangguowu\Application\Admin\Controller\CarouselController.class.php 第 66 行.
SQL: SHOW COLUMNS FROM `tgwu_carousel` [ RunTime:0.0060s ]
SQL: INSERT INTO `tgwu_carousel` (`carouselDesc`,`carouselIcon`,`status`,`carouselPath`) VALUES ('sdfs','/upload/2017/06/19/59478cf54db06.png','1','fsdfds') [ RunTime:0.0640s ]

[ 2017-06-19T17:00:56+08:00 ] ::1 /tangguowu/admin.php/Category/add.html
ERR: 模板不存在:./Application/Admin/View/Category/add.html

[ 2017-06-19T17:02:44+08:00 ] ::1 /tangguowu/admin.php/Category/add.html
ERR: 模板不存在:./Application/Admin/View/Category/add.html

[ 2017-06-19T17:09:45+08:00 ] ::1 /tangguowu/admin.php/Category/add.html
INFO: [ app_begin ] --START--
INFO: Run Behavior\ReadHtmlCacheBehavior [ RunTime:0.000000s ]
INFO: [ app_begin ] --END-- [ RunTime:0.001000s ]

[ 2017-06-19T17:10:06+08:00 ] ::1 /tangguowu/admin.php/Category/add.html
INFO: [ app_begin ] --START--
INFO: Run Behavior\ReadHtmlCacheBehavior [ RunTime:0.001000s ]
INFO: [ app_begin ] --END-- [ RunTime:0.001000s ]

[ 2017-06-19T17:11:45+08:00 ] ::1 /tangguowu/admin.php/Category/add.html
INFO: [ app_begin ] --START--
INFO: Run Behavior\ReadHtmlCacheBehavior [ RunTime:0.000000s ]
INFO: [ app_begin ] --END-- [ RunTime:0.000000s ]

[ 2017-06-19T17:13:34+08:00 ] ::1 /tangguowu/admin.php/Category/add.html
INFO: [ app_begin ] --START--
INFO: Run Behavior\ReadHtmlCacheBehavior [ RunTime:0.000000s ]
INFO: [ app_begin ] --END-- [ RunTime:0.001000s ]
SQL: SHOW COLUMNS FROM `tgwu_category` [ RunTime:0.0180s ]

[ 2017-06-19T17:14:25+08:00 ] ::1 /tangguowu/admin.php/Category/add.html
INFO: [ app_begin ] --START--
INFO: Run Behavior\ReadHtmlCacheBehavior [ RunTime:0.000000s ]
INFO: [ app_begin ] --END-- [ RunTime:0.001000s ]

[ 2017-06-19T17:16:47+08:00 ] ::1 /tangguowu/admin.php/Category/add.html
INFO: [ app_begin ] --START--
INFO: Run Behavior\ReadHtmlCacheBehavior [ RunTime:0.001001s ]
INFO: [ app_begin ] --END-- [ RunTime:0.001001s ]

[ 2017-06-19T17:18:33+08:00 ] ::1 /tangguowu/admin.php/Category/add.html
INFO: [ app_begin ] --START--
INFO: Run Behavior\ReadHtmlCacheBehavior [ RunTime:0.000000s ]
INFO: [ app_begin ] --END-- [ RunTime:0.001000s ]
SQL: SHOW COLUMNS FROM `tgwu_category` [ RunTime:0.0160s ]
SQL: UPDATE `tgwu_category` SET `categoryIcon`='/upload/2017/06/19/594796e7bf5f8.png' WHERE ( id = 3 ) [ RunTime:0.2390s ]

[ 2017-06-19T17:19:19+08:00 ] ::1 /tangguowu/admin.php/Category/add.html
INFO: [ app_begin ] --START--
INFO: Run Behavior\ReadHtmlCacheBehavior [ RunTime:0.000000s ]
INFO: [ app_begin ] --END-- [ RunTime:0.001000s ]
SQL: SHOW COLUMNS FROM `tgwu_category` [ RunTime:0.0070s ]
SQL: UPDATE `tgwu_category` SET `categoryIcon`='/upload/2017/06/19/59479715b19c3.png' WHERE ( id = 3 ) [ RunTime:0.0410s ]

[ 2017-06-19T17:23:53+08:00 ] ::1 /tangguowu/admin.php/Category/add.html
INFO: [ app_begin ] --START--
INFO: Run Behavior\ReadHtmlCacheBehavior [ RunTime:0.001000s ]
INFO: [ app_begin ] --END-- [ RunTime:0.001000s ]
SQL: SHOW COLUMNS FROM `tgwu_category` [ RunTime:0.0050s ]

[ 2017-06-19T17:24:38+08:00 ] ::1 /tangguowu/admin.php/Category/add.html
INFO: [ app_begin ] --START--
INFO: Run Behavior\ReadHtmlCacheBehavior [ RunTime:0.000000s ]
INFO: [ app_begin ] --END-- [ RunTime:0.000000s ]
SQL: SHOW COLUMNS FROM `tgwu_category` [ RunTime:0.0050s ]
SQL: UPDATE `tgwu_category` SET `categoryName`='玩具类432',`categoryIcon`='/upload/2017/06/19/594798557ea7e.png' WHERE ( id = 3 ) [ RunTime:0.0550s ]

[ 2017-06-19T17:24:48+08:00 ] ::1 /tangguowu/admin.php/Category/add.html
INFO: [ app_begin ] --START--
INFO: Run Behavior\ReadHtmlCacheBehavior [ RunTime:0.000000s ]
INFO: [ app_begin ] --END-- [ RunTime:0.001000s ]
SQL: SHOW COLUMNS FROM `tgwu_category` [ RunTime:0.0060s ]
SQL: UPDATE `tgwu_category` SET `categoryName`='玩具类',`categoryIcon`='/upload/2017/06/19/594798557ea7e.png' WHERE ( id = 3 ) [ RunTime:0.0560s ]

