[ 2017-06-21T08:50:12+08:00 ] ::1 /tangguowu/admin.php/Login/check
INFO: [ app_begin ] --START--
INFO: Run Behavior\ReadHtmlCacheBehavior [ RunTime:0.001000s ]
INFO: [ app_begin ] --END-- [ RunTime:0.001000s ]
SQL: SHOW COLUMNS FROM `tgwu_admin` [ RunTime:0.1300s ]
SQL: SELECT * FROM `tgwu_admin` WHERE ( adminName="zhuyl" ) LIMIT 1   [ RunTime:0.0140s ]

[ 2017-06-21T08:56:16+08:00 ] ::1 /tangguowu/admin.php/Login/Login/check
INFO: [ app_begin ] --START--
INFO: Run Behavior\ReadHtmlCacheBehavior [ RunTime:0.001000s ]
INFO: [ app_begin ] --END-- [ RunTime:0.001000s ]
ERR: 非法操作:Login

[ 2017-06-21T08:56:51+08:00 ] ::1 /tangguowu/admin.php/Login/check
INFO: [ app_begin ] --START--
INFO: Run Behavior\ReadHtmlCacheBehavior [ RunTime:0.001001s ]
INFO: [ app_begin ] --END-- [ RunTime:0.001001s ]
SQL: SHOW COLUMNS FROM `tgwu_admin` [ RunTime:0.0240s ]
SQL: SELECT * FROM `tgwu_admin` WHERE ( adminName="zhuyl" ) LIMIT 1   [ RunTime:0.0000s ]

[ 2017-06-21T08:57:06+08:00 ] ::1 /tangguowu/admin.php/Login/check
INFO: [ app_begin ] --START--
INFO: Run Behavior\ReadHtmlCacheBehavior [ RunTime:0.000000s ]
INFO: [ app_begin ] --END-- [ RunTime:0.001000s ]
SQL: SHOW COLUMNS FROM `tgwu_admin` [ RunTime:0.0280s ]
SQL: SELECT * FROM `tgwu_admin` WHERE ( adminName="zhuyl" ) LIMIT 1   [ RunTime:0.0010s ]

[ 2017-06-21T08:58:54+08:00 ] ::1 /tangguowu/admin.php/Login/check
INFO: [ app_begin ] --START--
INFO: Run Behavior\ReadHtmlCacheBehavior [ RunTime:0.001000s ]
INFO: [ app_begin ] --END-- [ RunTime:0.001000s ]
SQL: SHOW COLUMNS FROM `tgwu_admin` [ RunTime:0.0050s ]
SQL: SELECT * FROM `tgwu_admin` WHERE ( adminName="zhuyl" ) LIMIT 1   [ RunTime:0.0000s ]

[ 2017-06-21T09:00:11+08:00 ] ::1 /tangguowu/admin.php/Invitation/search.html?code=679554
ERR: 邀请码不存在

[ 2017-06-21T09:00:23+08:00 ] ::1 /tangguowu/admin.php/Invitation/search.html?code=679554
ERR: 邀请码不存在

[ 2017-06-21T09:00:30+08:00 ] ::1 /tangguowu/admin.php/Invitation/search.html?code=6795543
ERR: 邀请码不存在

[ 2017-06-21T09:29:09+08:00 ] ::1 /tangguowu/admin.php/Invitation/search.html
INFO: [ app_begin ] --START--
INFO: Run Behavior\ReadHtmlCacheBehavior [ RunTime:0.001000s ]
INFO: [ app_begin ] --END-- [ RunTime:0.001000s ]
INFO: [ app_end ] --START--
INFO: Run Behavior\ShowPageTraceBehavior [ RunTime:0.001000s ]
INFO: [ app_end ] --END-- [ RunTime:0.001000s ]

[ 2017-06-21T09:30:28+08:00 ] ::1 /tangguowu/admin.php/Invitation/search.html
INFO: [ app_begin ] --START--
INFO: Run Behavior\ReadHtmlCacheBehavior [ RunTime:0.000000s ]
INFO: [ app_begin ] --END-- [ RunTime:0.001000s ]
INFO: [ app_end ] --START--
INFO: Run Behavior\ShowPageTraceBehavior [ RunTime:0.000000s ]
INFO: [ app_end ] --END-- [ RunTime:0.000000s ]

[ 2017-06-21T09:38:33+08:00 ] ::1 /tangguowu/admin.php/Invitation/search.html
INFO: [ app_begin ] --START--
INFO: Run Behavior\ReadHtmlCacheBehavior [ RunTime:0.000000s ]
INFO: [ app_begin ] --END-- [ RunTime:0.000000s ]
SQL: SHOW COLUMNS FROM `tgwu_invitation` [ RunTime:0.0090s ]
SQL: SELECT * FROM `tgwu_invitation` WHERE ( invitationCode = "3232" ) LIMIT 1   [ RunTime:0.0000s ]

[ 2017-06-21T09:40:29+08:00 ] ::1 /tangguowu/admin.php/Invitation/search.html
INFO: [ app_begin ] --START--
INFO: Run Behavior\ReadHtmlCacheBehavior [ RunTime:0.001000s ]
INFO: [ app_begin ] --END-- [ RunTime:0.001000s ]
SQL: SHOW COLUMNS FROM `tgwu_invitation` [ RunTime:0.0080s ]
SQL: SELECT * FROM `tgwu_invitation` WHERE ( invitationCode = "679554" ) LIMIT 1   [ RunTime:0.0470s ]
INFO: [ view_parse ] --START--
INFO: [ template_filter ] --START--
INFO: Run Behavior\ContentReplaceBehavior [ RunTime:0.000000s ]
INFO: [ template_filter ] --END-- [ RunTime:0.000000s ]
INFO: Run Behavior\ParseTemplateBehavior [ RunTime:0.007000s ]
INFO: [ view_parse ] --END-- [ RunTime:0.007000s ]
INFO: [ view_filter ] --START--
INFO: Run Behavior\WriteHtmlCacheBehavior [ RunTime:0.001000s ]
INFO: [ view_filter ] --END-- [ RunTime:0.001000s ]

[ 2017-06-21T09:40:32+08:00 ] ::1 /tangguowu/admin.php/Invitation/search.html
INFO: [ app_begin ] --START--
INFO: Run Behavior\ReadHtmlCacheBehavior [ RunTime:0.001000s ]
INFO: [ app_begin ] --END-- [ RunTime:0.001000s ]
SQL: SHOW COLUMNS FROM `tgwu_invitation` [ RunTime:0.0080s ]
ERR: 邀请码不存在

[ 2017-06-21T09:40:44+08:00 ] ::1 /tangguowu/admin.php/Invitation/search.html
INFO: [ app_begin ] --START--
INFO: Run Behavior\ReadHtmlCacheBehavior [ RunTime:0.001000s ]
INFO: [ app_begin ] --END-- [ RunTime:0.001000s ]
SQL: SHOW COLUMNS FROM `tgwu_invitation` [ RunTime:0.0080s ]
SQL: SELECT * FROM `tgwu_invitation` WHERE ( invitationCode = "679554" ) LIMIT 1   [ RunTime:0.0010s ]
INFO: [ view_parse ] --START--
INFO: [ template_filter ] --START--
INFO: Run Behavior\ContentReplaceBehavior [ RunTime:0.000000s ]
INFO: [ template_filter ] --END-- [ RunTime:0.000000s ]
INFO: Run Behavior\ParseTemplateBehavior [ RunTime:0.009000s ]
INFO: [ view_parse ] --END-- [ RunTime:0.009000s ]
INFO: [ view_filter ] --START--
INFO: Run Behavior\WriteHtmlCacheBehavior [ RunTime:0.000000s ]
INFO: [ view_filter ] --END-- [ RunTime:0.000000s ]

[ 2017-06-21T09:47:08+08:00 ] ::1 /tangguowu/admin.php/Invitation/search.html
INFO: [ app_begin ] --START--
INFO: Run Behavior\ReadHtmlCacheBehavior [ RunTime:0.000000s ]
INFO: [ app_begin ] --END-- [ RunTime:0.001000s ]
SQL: SHOW COLUMNS FROM `tgwu_invitation` [ RunTime:0.0380s ]
SQL: SELECT * FROM `tgwu_invitation` WHERE ( invitationCode = "679554" ) LIMIT 1   [ RunTime:0.0010s ]

[ 2017-06-21T09:58:42+08:00 ] ::1 /tangguowu/admin.php/Invitation/search.html
INFO: [ app_begin ] --START--
INFO: Run Behavior\ReadHtmlCacheBehavior [ RunTime:0.001000s ]
INFO: [ app_begin ] --END-- [ RunTime:0.001000s ]
SQL: SHOW COLUMNS FROM `tgwu_invitation` [ RunTime:0.0080s ]
SQL: SELECT * FROM `tgwu_invitation` WHERE `invitationCode` LIKE '%679554%' LIMIT 1   [ RunTime:0.0260s ]
INFO: [ view_parse ] --START--
INFO: [ template_filter ] --START--
INFO: Run Behavior\ContentReplaceBehavior [ RunTime:0.000000s ]
INFO: [ template_filter ] --END-- [ RunTime:0.000000s ]
INFO: Run Behavior\ParseTemplateBehavior [ RunTime:0.008000s ]
INFO: [ view_parse ] --END-- [ RunTime:0.008000s ]
INFO: [ view_filter ] --START--
INFO: Run Behavior\WriteHtmlCacheBehavior [ RunTime:0.001000s ]
INFO: [ view_filter ] --END-- [ RunTime:0.001000s ]
INFO: [ app_end ] --START--
INFO: Run Behavior\ShowPageTraceBehavior [ RunTime:0.000000s ]
INFO: [ app_end ] --END-- [ RunTime:0.000000s ]

[ 2017-06-21T09:59:53+08:00 ] ::1 /tangguowu/admin.php/Invitation/search.html
INFO: [ app_begin ] --START--
INFO: Run Behavior\ReadHtmlCacheBehavior [ RunTime:0.001000s ]
INFO: [ app_begin ] --END-- [ RunTime:0.001000s ]
SQL: SHOW COLUMNS FROM `tgwu_invitation` [ RunTime:0.0080s ]
SQL: SELECT * FROM `tgwu_invitation` WHERE `invitationCode` LIKE '%67%' LIMIT 1   [ RunTime:0.0000s ]
INFO: [ view_parse ] --START--
INFO: [ template_filter ] --START--
INFO: Run Behavior\ContentReplaceBehavior [ RunTime:0.000000s ]
INFO: [ template_filter ] --END-- [ RunTime:0.000000s ]
INFO: Run Behavior\ParseTemplateBehavior [ RunTime:0.008001s ]
INFO: [ view_parse ] --END-- [ RunTime:0.008001s ]
INFO: [ view_filter ] --START--
INFO: Run Behavior\WriteHtmlCacheBehavior [ RunTime:0.000000s ]
INFO: [ view_filter ] --END-- [ RunTime:0.000000s ]
INFO: [ app_end ] --START--
INFO: Run Behavior\ShowPageTraceBehavior [ RunTime:0.001000s ]
INFO: [ app_end ] --END-- [ RunTime:0.001000s ]

[ 2017-06-21T10:00:44+08:00 ] ::1 /tangguowu/admin.php/Invitation/search.html
INFO: [ app_begin ] --START--
INFO: Run Behavior\ReadHtmlCacheBehavior [ RunTime:0.001000s ]
INFO: [ app_begin ] --END-- [ RunTime:0.003000s ]
SQL: SHOW COLUMNS FROM `tgwu_invitation` [ RunTime:0.0090s ]
SQL: SELECT * FROM `tgwu_invitation` WHERE `invitationCode` LIKE '%2323%' LIMIT 1   [ RunTime:0.0010s ]

[ 2017-06-21T10:02:48+08:00 ] ::1 /tangguowu/admin.php/Invitation/search.html?code=232
ERR: 邀请码不存在

[ 2017-06-21T10:09:18+08:00 ] ::1 /tangguowu/admin.php/Invitation/search.html?code=
ERR: 邀请码不存在

[ 2017-06-21T10:35:12+08:00 ] ::1 /tangguowu/admin.php/Invitation/nameSearch.html
INFO: [ app_begin ] --START--
INFO: Run Behavior\ReadHtmlCacheBehavior [ RunTime:0.000000s ]
INFO: [ app_begin ] --END-- [ RunTime:0.001000s ]
NOTIC: [8] Undefined index: nickName D:\Apache24\htdocs\tangguowu\Application\Admin\Controller\InvitationController.class.php 第 66 行.

[ 2017-06-21T10:35:12+08:00 ] ::1 /tangguowu/admin.php/Invitation/index.html
INFO: [ app_begin ] --START--
INFO: Run Behavior\ReadHtmlCacheBehavior [ RunTime:0.001000s ]
INFO: [ app_begin ] --END-- [ RunTime:0.001000s ]
NOTIC: [8] Undefined index: p D:\Apache24\htdocs\tangguowu\Application\Admin\Controller\InvitationController.class.php 第 16 行.
SQL: SHOW COLUMNS FROM `tgwu_invitation` [ RunTime:0.0060s ]
SQL: SELECT * FROM `tgwu_invitation` ORDER BY `id` desc LIMIT 0,5   [ RunTime:0.0010s ]
SQL: SELECT COUNT(id) AS tp_count FROM `tgwu_invitation` LIMIT 1   [ RunTime:0.0000s ]
INFO: [ view_parse ] --START--
INFO: [ template_filter ] --START--
INFO: Run Behavior\ContentReplaceBehavior [ RunTime:0.000000s ]
INFO: [ template_filter ] --END-- [ RunTime:0.000000s ]
INFO: Run Behavior\ParseTemplateBehavior [ RunTime:0.009001s ]
INFO: [ view_parse ] --END-- [ RunTime:0.009001s ]
INFO: [ view_filter ] --START--
INFO: Run Behavior\WriteHtmlCacheBehavior [ RunTime:0.000000s ]
INFO: [ view_filter ] --END-- [ RunTime:0.000000s ]
INFO: [ app_end ] --START--
INFO: Run Behavior\ShowPageTraceBehavior [ RunTime:0.000000s ]
INFO: [ app_end ] --END-- [ RunTime:0.000000s ]

[ 2017-06-21T10:35:24+08:00 ] ::1 /tangguowu/admin.php/Invitation/nameSearch.html
INFO: [ app_begin ] --START--
INFO: Run Behavior\ReadHtmlCacheBehavior [ RunTime:0.000000s ]
INFO: [ app_begin ] --END-- [ RunTime:0.000000s ]
NOTIC: [8] Undefined index: nickName D:\Apache24\htdocs\tangguowu\Application\Admin\Controller\InvitationController.class.php 第 66 行.

[ 2017-06-21T10:35:24+08:00 ] ::1 /tangguowu/admin.php/Invitation/index.html
INFO: [ app_begin ] --START--
INFO: Run Behavior\ReadHtmlCacheBehavior [ RunTime:0.000000s ]
INFO: [ app_begin ] --END-- [ RunTime:0.001000s ]
NOTIC: [8] Undefined index: p D:\Apache24\htdocs\tangguowu\Application\Admin\Controller\InvitationController.class.php 第 16 行.
SQL: SHOW COLUMNS FROM `tgwu_invitation` [ RunTime:0.0070s ]
SQL: SELECT * FROM `tgwu_invitation` ORDER BY `id` desc LIMIT 0,5   [ RunTime:0.0000s ]
SQL: SELECT COUNT(id) AS tp_count FROM `tgwu_invitation` LIMIT 1   [ RunTime:0.0010s ]
INFO: [ view_parse ] --START--
INFO: [ template_filter ] --START--
INFO: Run Behavior\ContentReplaceBehavior [ RunTime:0.001000s ]
INFO: [ template_filter ] --END-- [ RunTime:0.001000s ]
INFO: Run Behavior\ParseTemplateBehavior [ RunTime:0.166009s ]
INFO: [ view_parse ] --END-- [ RunTime:0.166009s ]
INFO: [ view_filter ] --START--
INFO: Run Behavior\WriteHtmlCacheBehavior [ RunTime:0.000000s ]
INFO: [ view_filter ] --END-- [ RunTime:0.000000s ]
INFO: [ app_end ] --START--
INFO: Run Behavior\ShowPageTraceBehavior [ RunTime:0.001000s ]
INFO: [ app_end ] --END-- [ RunTime:0.001000s ]

[ 2017-06-21T10:35:27+08:00 ] ::1 /tangguowu/admin.php/Invitation/nameSearch.html
INFO: [ app_begin ] --START--
INFO: Run Behavior\ReadHtmlCacheBehavior [ RunTime:0.001000s ]
INFO: [ app_begin ] --END-- [ RunTime:0.001000s ]
NOTIC: [8] Undefined index: nickName D:\Apache24\htdocs\tangguowu\Application\Admin\Controller\InvitationController.class.php 第 66 行.

[ 2017-06-21T10:35:27+08:00 ] ::1 /tangguowu/admin.php/Invitation/index.html
INFO: [ app_begin ] --START--
INFO: Run Behavior\ReadHtmlCacheBehavior [ RunTime:0.001000s ]
INFO: [ app_begin ] --END-- [ RunTime:0.001000s ]
NOTIC: [8] Undefined index: p D:\Apache24\htdocs\tangguowu\Application\Admin\Controller\InvitationController.class.php 第 16 行.
SQL: SHOW COLUMNS FROM `tgwu_invitation` [ RunTime:0.0050s ]
SQL: SELECT * FROM `tgwu_invitation` ORDER BY `id` desc LIMIT 0,5   [ RunTime:0.0000s ]
SQL: SELECT COUNT(id) AS tp_count FROM `tgwu_invitation` LIMIT 1   [ RunTime:0.0000s ]
INFO: [ view_parse ] --START--
INFO: [ template_filter ] --START--
INFO: Run Behavior\ContentReplaceBehavior [ RunTime:0.000000s ]
INFO: [ template_filter ] --END-- [ RunTime:0.000000s ]
INFO: Run Behavior\ParseTemplateBehavior [ RunTime:0.009000s ]
INFO: [ view_parse ] --END-- [ RunTime:0.009000s ]
INFO: [ view_filter ] --START--
INFO: Run Behavior\WriteHtmlCacheBehavior [ RunTime:0.000000s ]
INFO: [ view_filter ] --END-- [ RunTime:0.000000s ]
INFO: [ app_end ] --START--
INFO: Run Behavior\ShowPageTraceBehavior [ RunTime:0.000000s ]
INFO: [ app_end ] --END-- [ RunTime:0.000000s ]

[ 2017-06-21T10:40:18+08:00 ] ::1 /tangguowu/admin.php/Invitation/nameSearch.html
INFO: [ app_begin ] --START--
INFO: Run Behavior\ReadHtmlCacheBehavior [ RunTime:0.001000s ]
INFO: [ app_begin ] --END-- [ RunTime:0.001000s ]
NOTIC: [8] Undefined index: nickName D:\Apache24\htdocs\tangguowu\Application\Admin\Controller\InvitationController.class.php 第 67 行.

[ 2017-06-21T10:40:18+08:00 ] ::1 /tangguowu/admin.php/Invitation/index.html
INFO: [ app_begin ] --START--
INFO: Run Behavior\ReadHtmlCacheBehavior [ RunTime:0.001000s ]
INFO: [ app_begin ] --END-- [ RunTime:0.001000s ]
NOTIC: [8] Undefined index: p D:\Apache24\htdocs\tangguowu\Application\Admin\Controller\InvitationController.class.php 第 16 行.
SQL: SHOW COLUMNS FROM `tgwu_invitation` [ RunTime:0.0060s ]
SQL: SELECT * FROM `tgwu_invitation` ORDER BY `id` desc LIMIT 0,5   [ RunTime:0.0000s ]
SQL: SELECT COUNT(id) AS tp_count FROM `tgwu_invitation` LIMIT 1   [ RunTime:0.0010s ]
INFO: [ view_parse ] --START--
INFO: [ template_filter ] --START--
INFO: Run Behavior\ContentReplaceBehavior [ RunTime:0.000000s ]
INFO: [ template_filter ] --END-- [ RunTime:0.000000s ]
INFO: Run Behavior\ParseTemplateBehavior [ RunTime:0.010000s ]
INFO: [ view_parse ] --END-- [ RunTime:0.010000s ]
INFO: [ view_filter ] --START--
INFO: Run Behavior\WriteHtmlCacheBehavior [ RunTime:0.001000s ]
INFO: [ view_filter ] --END-- [ RunTime:0.001000s ]
INFO: [ app_end ] --START--
INFO: Run Behavior\ShowPageTraceBehavior [ RunTime:0.001000s ]
INFO: [ app_end ] --END-- [ RunTime:0.001000s ]

[ 2017-06-21T10:41:32+08:00 ] ::1 /tangguowu/admin.php/Invitation/nameSearch.html
INFO: [ app_begin ] --START--
INFO: Run Behavior\ReadHtmlCacheBehavior [ RunTime:0.000000s ]
INFO: [ app_begin ] --END-- [ RunTime:0.001000s ]

[ 2017-06-21T10:42:46+08:00 ] ::1 /tangguowu/admin.php/Invitation/nameSearch.html
INFO: [ app_begin ] --START--
INFO: Run Behavior\ReadHtmlCacheBehavior [ RunTime:0.001000s ]
INFO: [ app_begin ] --END-- [ RunTime:0.001000s ]

[ 2017-06-21T10:42:49+08:00 ] ::1 /tangguowu/admin.php/Invitation/nameSearch.html
INFO: [ app_begin ] --START--
INFO: Run Behavior\ReadHtmlCacheBehavior [ RunTime:0.000000s ]
INFO: [ app_begin ] --END-- [ RunTime:0.000000s ]

[ 2017-06-21T10:42:55+08:00 ] ::1 /tangguowu/admin.php/Invitation/nameSearch.html
INFO: [ app_begin ] --START--
INFO: Run Behavior\ReadHtmlCacheBehavior [ RunTime:0.000000s ]
INFO: [ app_begin ] --END-- [ RunTime:0.001000s ]

[ 2017-06-21T10:43:17+08:00 ] ::1 /tangguowu/admin.php/Invitation/nameSearch.html
INFO: [ app_begin ] --START--
INFO: Run Behavior\ReadHtmlCacheBehavior [ RunTime:0.000000s ]
INFO: [ app_begin ] --END-- [ RunTime:0.001000s ]

[ 2017-06-21T10:43:30+08:00 ] ::1 /tangguowu/admin.php/Invitation/nameSearch.html
INFO: [ app_begin ] --START--
INFO: Run Behavior\ReadHtmlCacheBehavior [ RunTime:0.001000s ]
INFO: [ app_begin ] --END-- [ RunTime:0.001000s ]

[ 2017-06-21T10:52:08+08:00 ] ::1 /tangguowu/admin.php/Invitation/nameSearch.html
INFO: [ app_begin ] --START--
INFO: Run Behavior\ReadHtmlCacheBehavior [ RunTime:0.000000s ]
INFO: [ app_begin ] --END-- [ RunTime:0.000000s ]

[ 2017-06-21T10:54:06+08:00 ] ::1 /tangguowu/admin.php/Invitation/nameSearch.html
INFO: [ app_begin ] --START--
INFO: Run Behavior\ReadHtmlCacheBehavior [ RunTime:0.000000s ]
INFO: [ app_begin ] --END-- [ RunTime:0.000000s ]
NOTIC: [8] Undefined index: nickName D:\Apache24\htdocs\tangguowu\Application\Admin\Controller\InvitationController.class.php 第 66 行.

[ 2017-06-21T10:54:07+08:00 ] ::1 /tangguowu/admin.php/Invitation/index.html
INFO: [ app_begin ] --START--
INFO: Run Behavior\ReadHtmlCacheBehavior [ RunTime:0.001000s ]
INFO: [ app_begin ] --END-- [ RunTime:0.001000s ]
NOTIC: [8] Undefined index: p D:\Apache24\htdocs\tangguowu\Application\Admin\Controller\InvitationController.class.php 第 16 行.
SQL: SHOW COLUMNS FROM `tgwu_invitation` [ RunTime:0.0070s ]
SQL: SELECT * FROM `tgwu_invitation` ORDER BY `id` desc LIMIT 0,5   [ RunTime:0.0000s ]
SQL: SELECT COUNT(id) AS tp_count FROM `tgwu_invitation` LIMIT 1   [ RunTime:0.0000s ]
INFO: [ view_parse ] --START--
INFO: [ template_filter ] --START--
INFO: Run Behavior\ContentReplaceBehavior [ RunTime:0.000000s ]
INFO: [ template_filter ] --END-- [ RunTime:0.000000s ]
INFO: Run Behavior\ParseTemplateBehavior [ RunTime:0.009001s ]
INFO: [ view_parse ] --END-- [ RunTime:0.009001s ]
INFO: [ view_filter ] --START--
INFO: Run Behavior\WriteHtmlCacheBehavior [ RunTime:0.001000s ]
INFO: [ view_filter ] --END-- [ RunTime:0.001000s ]
INFO: [ app_end ] --START--
INFO: Run Behavior\ShowPageTraceBehavior [ RunTime:0.000000s ]
INFO: [ app_end ] --END-- [ RunTime:0.001000s ]

