[ 2017-06-22T08:43:15+08:00 ] ::1 /tangguowu/admin.php/Login/check
INFO: [ app_begin ] --START--
INFO: Run Behavior\ReadHtmlCacheBehavior [ RunTime:0.001000s ]
INFO: [ app_begin ] --END-- [ RunTime:0.001000s ]
SQL: SHOW COLUMNS FROM `tgwu_admin` [ RunTime:0.0460s ]
SQL: SELECT * FROM `tgwu_admin` WHERE ( adminName="zhuyl" ) LIMIT 1   [ RunTime:0.0010s ]

[ 2017-06-22T08:43:21+08:00 ] ::1 /tangguowu/admin.php/Login/check
INFO: [ app_begin ] --START--
INFO: Run Behavior\ReadHtmlCacheBehavior [ RunTime:0.001000s ]
INFO: [ app_begin ] --END-- [ RunTime:0.001000s ]
SQL: SHOW COLUMNS FROM `tgwu_admin` [ RunTime:0.0070s ]
SQL: SELECT * FROM `tgwu_admin` WHERE ( adminName="zhuyunling" ) LIMIT 1   [ RunTime:0.0000s ]

[ 2017-06-22T08:43:27+08:00 ] ::1 /tangguowu/admin.php/Login/check
INFO: [ app_begin ] --START--
INFO: Run Behavior\ReadHtmlCacheBehavior [ RunTime:0.000000s ]
INFO: [ app_begin ] --END-- [ RunTime:0.001000s ]
SQL: SHOW COLUMNS FROM `tgwu_admin` [ RunTime:0.0070s ]
SQL: SELECT * FROM `tgwu_admin` WHERE ( adminName="zhuyunling" ) LIMIT 1   [ RunTime:0.0000s ]

[ 2017-06-22T08:43:38+08:00 ] ::1 /tangguowu/admin.php/Login/check
INFO: [ app_begin ] --START--
INFO: Run Behavior\ReadHtmlCacheBehavior [ RunTime:0.001000s ]
INFO: [ app_begin ] --END-- [ RunTime:0.001000s ]
SQL: SHOW COLUMNS FROM `tgwu_admin` [ RunTime:0.0070s ]
SQL: SELECT * FROM `tgwu_admin` WHERE ( adminName="zhuyunling" ) LIMIT 1   [ RunTime:0.0000s ]

[ 2017-06-22T08:43:46+08:00 ] ::1 /tangguowu/admin.php/Login/check
INFO: [ app_begin ] --START--
INFO: Run Behavior\ReadHtmlCacheBehavior [ RunTime:0.000000s ]
INFO: [ app_begin ] --END-- [ RunTime:0.001001s ]
SQL: SHOW COLUMNS FROM `tgwu_admin` [ RunTime:0.0070s ]
SQL: SELECT * FROM `tgwu_admin` WHERE ( adminName="zhuyunling" ) LIMIT 1   [ RunTime:0.0010s ]

[ 2017-06-22T08:43:52+08:00 ] ::1 /tangguowu/admin.php/Login/check
INFO: [ app_begin ] --START--
INFO: Run Behavior\ReadHtmlCacheBehavior [ RunTime:0.000000s ]
INFO: [ app_begin ] --END-- [ RunTime:0.000000s ]
SQL: SHOW COLUMNS FROM `tgwu_admin` [ RunTime:0.0070s ]
SQL: SELECT * FROM `tgwu_admin` WHERE ( adminName="zhuyunling" ) LIMIT 1   [ RunTime:0.0010s ]

[ 2017-06-22T08:44:08+08:00 ] ::1 /tangguowu/admin.php/Admin/save
INFO: [ app_begin ] --START--
INFO: Run Behavior\ReadHtmlCacheBehavior [ RunTime:0.000000s ]
INFO: [ app_begin ] --END-- [ RunTime:0.000000s ]
SQL: SHOW COLUMNS FROM `tgwu_admin` [ RunTime:0.0070s ]
SQL: SELECT `password` FROM `tgwu_admin` WHERE ( id = 1 ) LIMIT 1   [ RunTime:0.0010s ]
SQL: UPDATE `tgwu_admin` SET `adminEmail`='1423267837@qq.com',`password`='37e48a6c034fcbf31e0fd90f1ab2946c',`realName`='stimmer' WHERE ( id = 1 ) [ RunTime:0.0490s ]

[ 2017-06-22T09:24:58+08:00 ] ::1 /tangguowu/admin.php/Wares/add.html
INFO: [ app_begin ] --START--
INFO: Run Behavior\ReadHtmlCacheBehavior [ RunTime:0.001000s ]
INFO: [ app_begin ] --END-- [ RunTime:0.001000s ]
SQL: SHOW COLUMNS FROM `tgwu_wares` [ RunTime:0.0070s ]
SQL: UPDATE `tgwu_wares` SET `wareName`='sfsf',`categoryId`='1',`wareCover`='/Public/Home/Image/u2.png',`wareMstChart`='/upload/2017/06/22/594b1c573c5f6.png',`wareDesc`='sdfsadfgdafg',`warePrice`='23.5',`status`='1',`wareCode`='654685945',`collTimes`='5',`browseTimes`='63',`inventory`='223',`discount`='-1',`cutPrice`='-1',`isNew`='0',`isHot`='0' WHERE ( id=2 ) [ RunTime:0.1160s ]

[ 2017-06-22T10:51:29+08:00 ] ::1 /tangguowu/admin.php/Wares/add.html
INFO: [ app_begin ] --START--
INFO: Run Behavior\ReadHtmlCacheBehavior [ RunTime:0.001000s ]
INFO: [ app_begin ] --END-- [ RunTime:0.002000s ]

[ 2017-06-22T10:51:38+08:00 ] ::1 /tangguowu/admin.php/Wares/add.html
INFO: [ app_begin ] --START--
INFO: Run Behavior\ReadHtmlCacheBehavior [ RunTime:0.001000s ]
INFO: [ app_begin ] --END-- [ RunTime:0.001000s ]

[ 2017-06-22T10:53:24+08:00 ] ::1 /tangguowu/admin.php/Wares/add.html
INFO: [ app_begin ] --START--
INFO: Run Behavior\ReadHtmlCacheBehavior [ RunTime:0.000000s ]
INFO: [ app_begin ] --END-- [ RunTime:0.001000s ]

[ 2017-06-22T10:55:28+08:00 ] ::1 /tangguowu/admin.php/Wares/add.html
INFO: [ app_begin ] --START--
INFO: Run Behavior\ReadHtmlCacheBehavior [ RunTime:0.001000s ]
INFO: [ app_begin ] --END-- [ RunTime:0.001000s ]

[ 2017-06-22T10:55:35+08:00 ] ::1 /tangguowu/admin.php/Wares/add.html
INFO: [ app_begin ] --START--
INFO: Run Behavior\ReadHtmlCacheBehavior [ RunTime:0.000000s ]
INFO: [ app_begin ] --END-- [ RunTime:0.001000s ]
NOTIC: [8] Undefined index: id D:\Apache24\htdocs\tangguowu\Application\Admin\Controller\WaresController.class.php 第 59 行.
SQL: SHOW COLUMNS FROM `tgwu_wares` [ RunTime:0.0080s ]
SQL: INSERT INTO `tgwu_wares` (`wareName`,`categoryId`,`wareCover`,`wareMstChart`,`wareDesc`,`warePrice`,`status`,`wareCode`,`collTimes`,`browseTimes`,`inventory`,`discount`,`cutPrice`,`isNew`,`isHot`) VALUES ('柔柔弱弱','1','/upload/2017/06/22/594b31851ce80.png','/upload/2017/06/22/594b318d2aef4.png','发是非得失','23','1','2324423','34','45','432','0','0','0','0') [ RunTime:0.0860s ]

[ 2017-06-22T10:55:45+08:00 ] ::1 /tangguowu/admin.php/Wares/add.html
INFO: [ app_begin ] --START--
INFO: Run Behavior\ReadHtmlCacheBehavior [ RunTime:0.000000s ]
INFO: [ app_begin ] --END-- [ RunTime:0.001000s ]
NOTIC: [8] Undefined index: id D:\Apache24\htdocs\tangguowu\Application\Admin\Controller\WaresController.class.php 第 59 行.
SQL: SHOW COLUMNS FROM `tgwu_wares` [ RunTime:0.0070s ]
SQL: INSERT INTO `tgwu_wares` (`wareName`,`categoryId`,`wareCover`,`wareMstChart`,`wareDesc`,`warePrice`,`status`,`wareCode`,`collTimes`,`browseTimes`,`inventory`,`discount`,`cutPrice`,`isNew`,`isHot`) VALUES ('柔柔弱弱','1','/upload/2017/06/22/594b31851ce80.png','/upload/2017/06/22/594b318d2aef4.png','发是非得失','23','1','2324423','34','45','432','0','0','0','0') [ RunTime:0.0640s ]

[ 2017-06-22T13:14:51+08:00 ] ::1 /tangguowu/admin.php/Wares/add.html
INFO: [ app_begin ] --START--
INFO: Run Behavior\ReadHtmlCacheBehavior [ RunTime:0.001000s ]
INFO: [ app_begin ] --END-- [ RunTime:0.001000s ]
NOTIC: [8] Undefined index: id D:\Apache24\htdocs\tangguowu\Application\Admin\Controller\WaresController.class.php 第 59 行.
SQL: SHOW COLUMNS FROM `tgwu_wares` [ RunTime:0.0040s ]
SQL: INSERT INTO `tgwu_wares` (`wareName`,`categoryId`,`wareCover`,`wareMstChart`,`wareDesc`,`warePrice`,`status`,`wareCode`,`collTimes`,`browseTimes`,`inventory`,`discount`,`cutPrice`,`isNew`,`isHot`) VALUES ('test','1','/upload/2017/06/22/594b522c1906a.png','/upload/2017/06/22/594b52316ae33.png','test','12','1','21532655','263','653','236','0','0','0','0') [ RunTime:0.4150s ]

[ 2017-06-22T13:18:29+08:00 ] ::1 /tangguowu/admin.php/Wares/add.html
INFO: [ app_begin ] --START--
INFO: Run Behavior\ReadHtmlCacheBehavior [ RunTime:0.000000s ]
INFO: [ app_begin ] --END-- [ RunTime:0.000000s ]
NOTIC: [8] Undefined index: id D:\Apache24\htdocs\tangguowu\Application\Admin\Controller\WaresController.class.php 第 59 行.
SQL: SHOW COLUMNS FROM `tgwu_wares` [ RunTime:0.0030s ]
SQL: INSERT INTO `tgwu_wares` (`wareName`,`categoryId`,`wareCover`,`wareMstChart`,`wareDesc`,`warePrice`,`status`,`wareCode`,`collTimes`,`browseTimes`,`inventory`,`discount`,`cutPrice`,`isNew`,`isHot`) VALUES ('33','3','/upload/2017/06/22/594b530bcca9f.png','/upload/2017/06/22/594b530f593c1.png','是否','3','1','3243242','34','341','434','0','0','0','0') [ RunTime:0.0370s ]

[ 2017-06-22T13:19:23+08:00 ] ::1 /tangguowu/admin.php/Wares/add.html
INFO: [ app_begin ] --START--
INFO: Run Behavior\ReadHtmlCacheBehavior [ RunTime:0.001000s ]
INFO: [ app_begin ] --END-- [ RunTime:0.001000s ]

[ 2017-06-22T13:20:43+08:00 ] ::1 /tangguowu/admin.php/Wares/add.html
INFO: [ app_begin ] --START--
INFO: Run Behavior\ReadHtmlCacheBehavior [ RunTime:0.001000s ]
INFO: [ app_begin ] --END-- [ RunTime:0.001000s ]

[ 2017-06-22T13:27:19+08:00 ] ::1 /tangguowu/admin.php/Wares/add.html
INFO: [ app_begin ] --START--
INFO: Run Behavior\ReadHtmlCacheBehavior [ RunTime:0.000000s ]
INFO: [ app_begin ] --END-- [ RunTime:0.000000s ]
NOTIC: [8] Undefined index: id D:\Apache24\htdocs\tangguowu\Application\Admin\Controller\WaresController.class.php 第 59 行.
SQL: SHOW COLUMNS FROM `tgwu_wares` [ RunTime:0.0040s ]
SQL: INSERT INTO `tgwu_wares` (`wareName`,`categoryId`,`wareCover`,`wareMstChart`,`wareDesc`,`warePrice`,`status`,`wareCode`,`collTimes`,`browseTimes`,`inventory`,`discount`,`cutPrice`,`isNew`,`isHot`) VALUES ('日日日','1','/upload/2017/06/22/594b551b7d9b4.png','/upload/2017/06/22/594b551e555cf.png','日日日','34','1','434343','34','132','345','0','0','1','1') [ RunTime:0.0260s ]

[ 2017-06-22T13:27:38+08:00 ] ::1 /tangguowu/admin.php/Wares/setStatus.html
INFO: [ app_begin ] --START--
INFO: Run Behavior\ReadHtmlCacheBehavior [ RunTime:0.001000s ]
INFO: [ app_begin ] --END-- [ RunTime:0.001000s ]
SQL: SHOW COLUMNS FROM `tgwu_wares` [ RunTime:0.0040s ]
SQL: UPDATE `tgwu_wares` SET `status`='0' WHERE ( id=15 ) [ RunTime:0.0280s ]

[ 2017-06-22T13:59:24+08:00 ] ::1 /tangguowu/admin.php/Wares/setStatus.html
INFO: [ app_begin ] --START--
INFO: Run Behavior\ReadHtmlCacheBehavior [ RunTime:0.000000s ]
INFO: [ app_begin ] --END-- [ RunTime:0.000000s ]
SQL: SHOW COLUMNS FROM `tgwu_wares` [ RunTime:0.0070s ]
SQL: UPDATE `tgwu_wares` SET `status`='1' WHERE ( id=15 ) [ RunTime:0.0280s ]

[ 2017-06-22T14:00:20+08:00 ] ::1 /tangguowu/admin.php/Wares/setStatus.html
INFO: [ app_begin ] --START--
INFO: Run Behavior\ReadHtmlCacheBehavior [ RunTime:0.001000s ]
INFO: [ app_begin ] --END-- [ RunTime:0.001000s ]
SQL: SHOW COLUMNS FROM `tgwu_wares` [ RunTime:0.0070s ]
SQL: UPDATE `tgwu_wares` SET `status`='0' WHERE ( id=15 ) [ RunTime:0.0460s ]

[ 2017-06-22T15:03:41+08:00 ] ::1 /tangguowu/admin.php/Wares/add.html
INFO: [ app_begin ] --START--
INFO: Run Behavior\ReadHtmlCacheBehavior [ RunTime:0.001000s ]
INFO: [ app_begin ] --END-- [ RunTime:0.001000s ]
SQL: SHOW COLUMNS FROM `tgwu_wares` [ RunTime:0.0080s ]
SQL: UPDATE `tgwu_wares` SET `wareName`='柔柔弱弱',`categoryId`='1',`wareCover`='/upload/2017/06/22/594b31851ce80.png',`wareMstChart`='/upload/2017/06/22/594b318d2aef4.png',`wareDesc`='发是非得失',`warePrice`='23',`status`='1',`wareCode`='2324423',`collTimes`='34',`browseTimes`='45',`inventory`='432',`discount`='-1',`cutPrice`='-1',`isNew`='-1',`isHot`='-1' WHERE ( id=11 ) [ RunTime:0.0330s ]

[ 2017-06-22T17:22:01+08:00 ] ::1 /tangguowu/admin.php/Invitation/add.html
INFO: [ app_begin ] --START--
INFO: Run Behavior\ReadHtmlCacheBehavior [ RunTime:0.000000s ]
INFO: [ app_begin ] --END-- [ RunTime:0.001000s ]
INFO: [ view_parse ] --START--
INFO: [ template_filter ] --START--
INFO: Run Behavior\ContentReplaceBehavior [ RunTime:0.000000s ]
INFO: [ template_filter ] --END-- [ RunTime:0.000000s ]
INFO: Run Behavior\ParseTemplateBehavior [ RunTime:0.007001s ]
INFO: [ view_parse ] --END-- [ RunTime:0.007001s ]
INFO: [ view_filter ] --START--
INFO: Run Behavior\WriteHtmlCacheBehavior [ RunTime:0.001000s ]
INFO: [ view_filter ] --END-- [ RunTime:0.001000s ]
INFO: [ app_end ] --START--
INFO: Run Behavior\ShowPageTraceBehavior [ RunTime:0.000000s ]
INFO: [ app_end ] --END-- [ RunTime:0.000000s ]

